Classic Timing Analyzer report for ROM
Sun Dec 15 16:15:47 2013
Quartus II Version 9.0 Build 235 06/17/2009 Service Pack 2 SJ Web Edition


---------------------
; Table of Contents ;
---------------------
  1. Legal Notice
  2. Timing Analyzer Summary
  3. Timing Analyzer Settings
  4. Clock Settings Summary
  5. Parallel Compilation
  6. tsu
  7. tco
  8. th
  9. Timing Analyzer Messages



----------------
; Legal Notice ;
----------------
Copyright (C) 1991-2009 Altera Corporation
Your use of Altera Corporation's design tools, logic functions 
and other software and tools, and its AMPP partner logic 
functions, and any output files from any of the foregoing 
(including device programming or simulation files), and any 
associated documentation or information are expressly subject 
to the terms and conditions of the Altera Program License 
Subscription Agreement, Altera MegaCore Function License 
Agreement, or other applicable license agreement, including, 
without limitation, that your use is for the sole purpose of 
programming logic devices manufactured by Altera and sold by 
Altera or its authorized distributors.  Please refer to the 
applicable agreement for further details.



+-----------------------------------------------------------------------------------------------------------------------------------------------------------------------------------------------------------------------+
; Timing Analyzer Summary                                                                                                                                                                                               ;
+------------------------------+-------+---------------+-------------+-----------------------------------------------------+-----------------------------------------------------+------------+----------+--------------+
; Type                         ; Slack ; Required Time ; Actual Time ; From                                                ; To                                                  ; From Clock ; To Clock ; Failed Paths ;
+------------------------------+-------+---------------+-------------+-----------------------------------------------------+-----------------------------------------------------+------------+----------+--------------+
; Worst-case tsu               ; N/A   ; None          ; 12.300 ns   ; address[7]                                          ; lpm_rom:lpm_rom_component|altrom:srom|q[8]~reg_ra7  ; --         ; inclock  ; 0            ;
; Worst-case tco               ; N/A   ; None          ; 36.100 ns   ; lpm_rom:lpm_rom_component|altrom:srom|q[12]~reg_ra7 ; q[12]                                               ; inclock    ; --       ; 0            ;
; Worst-case th                ; N/A   ; None          ; -0.800 ns   ; address[0]                                          ; lpm_rom:lpm_rom_component|altrom:srom|q[15]~reg_ra0 ; --         ; inclock  ; 0            ;
; Total number of failed paths ;       ;               ;             ;                                                     ;                                                     ;            ;          ; 0            ;
+------------------------------+-------+---------------+-------------+-----------------------------------------------------+-----------------------------------------------------+------------+----------+--------------+


+--------------------------------------------------------------------------------------------------------------------+
; Timing Analyzer Settings                                                                                           ;
+---------------------------------------------------------------------+--------------------+------+----+-------------+
; Option                                                              ; Setting            ; From ; To ; Entity Name ;
+---------------------------------------------------------------------+--------------------+------+----+-------------+
; Device Name                                                         ; EPF10K70RC240-4    ;      ;    ;             ;
; Timing Models                                                       ; Final              ;      ;    ;             ;
; Default hold multicycle                                             ; Same as Multicycle ;      ;    ;             ;
; Cut paths between unrelated clock domains                           ; On                 ;      ;    ;             ;
; Cut off read during write signal paths                              ; On                 ;      ;    ;             ;
; Cut off feedback from I/O pins                                      ; On                 ;      ;    ;             ;
; Report Combined Fast/Slow Timing                                    ; Off                ;      ;    ;             ;
; Ignore Clock Settings                                               ; Off                ;      ;    ;             ;
; Analyze latches as synchronous elements                             ; On                 ;      ;    ;             ;
; Enable Recovery/Removal analysis                                    ; Off                ;      ;    ;             ;
; Enable Clock Latency                                                ; Off                ;      ;    ;             ;
; Use TimeQuest Timing Analyzer                                       ; Off                ;      ;    ;             ;
; Minimum Core Junction Temperature                                   ; 0                  ;      ;    ;             ;
; Maximum Core Junction Temperature                                   ; 85                 ;      ;    ;             ;
; Number of source nodes to report per destination node               ; 10                 ;      ;    ;             ;
; Number of destination nodes to report                               ; 10                 ;      ;    ;             ;
; Number of paths to report                                           ; 200                ;      ;    ;             ;
; Report Minimum Timing Checks                                        ; Off                ;      ;    ;             ;
; Use Fast Timing Models                                              ; Off                ;      ;    ;             ;
; Report IO Paths Separately                                          ; Off                ;      ;    ;             ;
; Perform Multicorner Analysis                                        ; Off                ;      ;    ;             ;
; Reports the worst-case path for each clock domain and analysis      ; Off                ;      ;    ;             ;
; Removes common clock path pessimism (CCPP) during slack computation ; Off                ;      ;    ;             ;
; Output I/O Timing Endpoint                                          ; Near End           ;      ;    ;             ;
+---------------------------------------------------------------------+--------------------+------+----+-------------+


+------------------------------------------------------------------------------------------------------------------------------------------------------------------------------------+
; Clock Settings Summary                                                                                                                                                             ;
+-----------------+--------------------+----------+------------------+---------------+--------------+----------+-----------------------+---------------------+--------+--------------+
; Clock Node Name ; Clock Setting Name ; Type     ; Fmax Requirement ; Early Latency ; Late Latency ; Based on ; Multiply Base Fmax by ; Divide Base Fmax by ; Offset ; Phase offset ;
+-----------------+--------------------+----------+------------------+---------------+--------------+----------+-----------------------+---------------------+--------+--------------+
; inclock         ;                    ; User Pin ; None             ; 0.000 ns      ; 0.000 ns     ; --       ; N/A                   ; N/A                 ; N/A    ;              ;
+-----------------+--------------------+----------+------------------+---------------+--------------+----------+-----------------------+---------------------+--------+--------------+


Parallel compilation was disabled, but you have multiple processors available. Enable parallel compilation to reduce compilation time.
+-------------------------------------+
; Parallel Compilation                ;
+----------------------------+--------+
; Processors                 ; Number ;
+----------------------------+--------+
; Number detected on machine ; 2      ;
; Maximum allowed            ; 1      ;
+----------------------------+--------+


+-----------------------------------------------------------------------------------------------------------------+
; tsu                                                                                                             ;
+-------+--------------+------------+------------+-----------------------------------------------------+----------+
; Slack ; Required tsu ; Actual tsu ; From       ; To                                                  ; To Clock ;
+-------+--------------+------------+------------+-----------------------------------------------------+----------+
; N/A   ; None         ; 12.300 ns  ; address[7] ; lpm_rom:lpm_rom_component|altrom:srom|q[1]~reg_ra7  ; inclock  ;
; N/A   ; None         ; 12.300 ns  ; address[7] ; lpm_rom:lpm_rom_component|altrom:srom|q[2]~reg_ra7  ; inclock  ;
; N/A   ; None         ; 12.300 ns  ; address[7] ; lpm_rom:lpm_rom_component|altrom:srom|q[3]~reg_ra7  ; inclock  ;
; N/A   ; None         ; 12.300 ns  ; address[7] ; lpm_rom:lpm_rom_component|altrom:srom|q[4]~reg_ra7  ; inclock  ;
; N/A   ; None         ; 12.300 ns  ; address[7] ; lpm_rom:lpm_rom_component|altrom:srom|q[5]~reg_ra7  ; inclock  ;
; N/A   ; None         ; 12.300 ns  ; address[7] ; lpm_rom:lpm_rom_component|altrom:srom|q[6]~reg_ra7  ; inclock  ;
; N/A   ; None         ; 12.300 ns  ; address[7] ; lpm_rom:lpm_rom_component|altrom:srom|q[7]~reg_ra7  ; inclock  ;
; N/A   ; None         ; 12.300 ns  ; address[7] ; lpm_rom:lpm_rom_component|altrom:srom|q[8]~reg_ra7  ; inclock  ;
; N/A   ; None         ; 11.900 ns  ; address[6] ; lpm_rom:lpm_rom_component|altrom:srom|q[0]~reg_ra6  ; inclock  ;
; N/A   ; None         ; 11.900 ns  ; address[6] ; lpm_rom:lpm_rom_component|altrom:srom|q[9]~reg_ra6  ; inclock  ;
; N/A   ; None         ; 11.900 ns  ; address[6] ; lpm_rom:lpm_rom_component|altrom:srom|q[10]~reg_ra6 ; inclock  ;
; N/A   ; None         ; 11.900 ns  ; address[6] ; lpm_rom:lpm_rom_component|altrom:srom|q[11]~reg_ra6 ; inclock  ;
; N/A   ; None         ; 11.900 ns  ; address[6] ; lpm_rom:lpm_rom_component|altrom:srom|q[12]~reg_ra6 ; inclock  ;
; N/A   ; None         ; 11.900 ns  ; address[6] ; lpm_rom:lpm_rom_component|altrom:srom|q[13]~reg_ra6 ; inclock  ;
; N/A   ; None         ; 11.900 ns  ; address[6] ; lpm_rom:lpm_rom_component|altrom:srom|q[14]~reg_ra6 ; inclock  ;
; N/A   ; None         ; 11.900 ns  ; address[6] ; lpm_rom:lpm_rom_component|altrom:srom|q[15]~reg_ra6 ; inclock  ;
; N/A   ; None         ; 11.900 ns  ; address[5] ; lpm_rom:lpm_rom_component|altrom:srom|q[0]~reg_ra5  ; inclock  ;
; N/A   ; None         ; 11.900 ns  ; address[5] ; lpm_rom:lpm_rom_component|altrom:srom|q[9]~reg_ra5  ; inclock  ;
; N/A   ; None         ; 11.900 ns  ; address[5] ; lpm_rom:lpm_rom_component|altrom:srom|q[10]~reg_ra5 ; inclock  ;
; N/A   ; None         ; 11.900 ns  ; address[5] ; lpm_rom:lpm_rom_component|altrom:srom|q[11]~reg_ra5 ; inclock  ;
; N/A   ; None         ; 11.900 ns  ; address[5] ; lpm_rom:lpm_rom_component|altrom:srom|q[12]~reg_ra5 ; inclock  ;
; N/A   ; None         ; 11.900 ns  ; address[5] ; lpm_rom:lpm_rom_component|altrom:srom|q[13]~reg_ra5 ; inclock  ;
; N/A   ; None         ; 11.900 ns  ; address[5] ; lpm_rom:lpm_rom_component|altrom:srom|q[14]~reg_ra5 ; inclock  ;
; N/A   ; None         ; 11.900 ns  ; address[5] ; lpm_rom:lpm_rom_component|altrom:srom|q[15]~reg_ra5 ; inclock  ;
; N/A   ; None         ; 11.200 ns  ; address[7] ; lpm_rom:lpm_rom_component|altrom:srom|q[0]~reg_ra7  ; inclock  ;
; N/A   ; None         ; 11.200 ns  ; address[7] ; lpm_rom:lpm_rom_component|altrom:srom|q[9]~reg_ra7  ; inclock  ;
; N/A   ; None         ; 11.200 ns  ; address[7] ; lpm_rom:lpm_rom_component|altrom:srom|q[10]~reg_ra7 ; inclock  ;
; N/A   ; None         ; 11.200 ns  ; address[7] ; lpm_rom:lpm_rom_component|altrom:srom|q[11]~reg_ra7 ; inclock  ;
; N/A   ; None         ; 11.200 ns  ; address[7] ; lpm_rom:lpm_rom_component|altrom:srom|q[12]~reg_ra7 ; inclock  ;
; N/A   ; None         ; 11.200 ns  ; address[7] ; lpm_rom:lpm_rom_component|altrom:srom|q[13]~reg_ra7 ; inclock  ;
; N/A   ; None         ; 11.200 ns  ; address[7] ; lpm_rom:lpm_rom_component|altrom:srom|q[14]~reg_ra7 ; inclock  ;
; N/A   ; None         ; 11.200 ns  ; address[7] ; lpm_rom:lpm_rom_component|altrom:srom|q[15]~reg_ra7 ; inclock  ;
; N/A   ; None         ; 9.700 ns   ; address[6] ; lpm_rom:lpm_rom_component|altrom:srom|q[1]~reg_ra6  ; inclock  ;
; N/A   ; None         ; 9.700 ns   ; address[6] ; lpm_rom:lpm_rom_component|altrom:srom|q[2]~reg_ra6  ; inclock  ;
; N/A   ; None         ; 9.700 ns   ; address[6] ; lpm_rom:lpm_rom_component|altrom:srom|q[3]~reg_ra6  ; inclock  ;
; N/A   ; None         ; 9.700 ns   ; address[6] ; lpm_rom:lpm_rom_component|altrom:srom|q[4]~reg_ra6  ; inclock  ;
; N/A   ; None         ; 9.700 ns   ; address[6] ; lpm_rom:lpm_rom_component|altrom:srom|q[5]~reg_ra6  ; inclock  ;
; N/A   ; None         ; 9.700 ns   ; address[6] ; lpm_rom:lpm_rom_component|altrom:srom|q[6]~reg_ra6  ; inclock  ;
; N/A   ; None         ; 9.700 ns   ; address[6] ; lpm_rom:lpm_rom_component|altrom:srom|q[7]~reg_ra6  ; inclock  ;
; N/A   ; None         ; 9.700 ns   ; address[6] ; lpm_rom:lpm_rom_component|altrom:srom|q[8]~reg_ra6  ; inclock  ;
; N/A   ; None         ; 9.700 ns   ; address[5] ; lpm_rom:lpm_rom_component|altrom:srom|q[1]~reg_ra5  ; inclock  ;
; N/A   ; None         ; 9.700 ns   ; address[5] ; lpm_rom:lpm_rom_component|altrom:srom|q[2]~reg_ra5  ; inclock  ;
; N/A   ; None         ; 9.700 ns   ; address[5] ; lpm_rom:lpm_rom_component|altrom:srom|q[3]~reg_ra5  ; inclock  ;
; N/A   ; None         ; 9.700 ns   ; address[5] ; lpm_rom:lpm_rom_component|altrom:srom|q[4]~reg_ra5  ; inclock  ;
; N/A   ; None         ; 9.700 ns   ; address[5] ; lpm_rom:lpm_rom_component|altrom:srom|q[5]~reg_ra5  ; inclock  ;
; N/A   ; None         ; 9.700 ns   ; address[5] ; lpm_rom:lpm_rom_component|altrom:srom|q[6]~reg_ra5  ; inclock  ;
; N/A   ; None         ; 9.700 ns   ; address[5] ; lpm_rom:lpm_rom_component|altrom:srom|q[7]~reg_ra5  ; inclock  ;
; N/A   ; None         ; 9.700 ns   ; address[5] ; lpm_rom:lpm_rom_component|altrom:srom|q[8]~reg_ra5  ; inclock  ;
; N/A   ; None         ; 5.100 ns   ; address[4] ; lpm_rom:lpm_rom_component|altrom:srom|q[0]~reg_ra4  ; inclock  ;
; N/A   ; None         ; 5.100 ns   ; address[4] ; lpm_rom:lpm_rom_component|altrom:srom|q[1]~reg_ra4  ; inclock  ;
; N/A   ; None         ; 5.100 ns   ; address[4] ; lpm_rom:lpm_rom_component|altrom:srom|q[2]~reg_ra4  ; inclock  ;
; N/A   ; None         ; 5.100 ns   ; address[4] ; lpm_rom:lpm_rom_component|altrom:srom|q[3]~reg_ra4  ; inclock  ;
; N/A   ; None         ; 5.100 ns   ; address[4] ; lpm_rom:lpm_rom_component|altrom:srom|q[4]~reg_ra4  ; inclock  ;
; N/A   ; None         ; 5.100 ns   ; address[4] ; lpm_rom:lpm_rom_component|altrom:srom|q[5]~reg_ra4  ; inclock  ;
; N/A   ; None         ; 5.100 ns   ; address[4] ; lpm_rom:lpm_rom_component|altrom:srom|q[6]~reg_ra4  ; inclock  ;
; N/A   ; None         ; 5.100 ns   ; address[4] ; lpm_rom:lpm_rom_component|altrom:srom|q[7]~reg_ra4  ; inclock  ;
; N/A   ; None         ; 5.100 ns   ; address[4] ; lpm_rom:lpm_rom_component|altrom:srom|q[8]~reg_ra4  ; inclock  ;
; N/A   ; None         ; 5.100 ns   ; address[4] ; lpm_rom:lpm_rom_component|altrom:srom|q[9]~reg_ra4  ; inclock  ;
; N/A   ; None         ; 5.100 ns   ; address[4] ; lpm_rom:lpm_rom_component|altrom:srom|q[10]~reg_ra4 ; inclock  ;
; N/A   ; None         ; 5.100 ns   ; address[4] ; lpm_rom:lpm_rom_component|altrom:srom|q[11]~reg_ra4 ; inclock  ;
; N/A   ; None         ; 5.100 ns   ; address[4] ; lpm_rom:lpm_rom_component|altrom:srom|q[12]~reg_ra4 ; inclock  ;
; N/A   ; None         ; 5.100 ns   ; address[4] ; lpm_rom:lpm_rom_component|altrom:srom|q[13]~reg_ra4 ; inclock  ;
; N/A   ; None         ; 5.100 ns   ; address[4] ; lpm_rom:lpm_rom_component|altrom:srom|q[14]~reg_ra4 ; inclock  ;
; N/A   ; None         ; 5.100 ns   ; address[4] ; lpm_rom:lpm_rom_component|altrom:srom|q[15]~reg_ra4 ; inclock  ;
; N/A   ; None         ; 5.100 ns   ; address[3] ; lpm_rom:lpm_rom_component|altrom:srom|q[0]~reg_ra3  ; inclock  ;
; N/A   ; None         ; 5.100 ns   ; address[3] ; lpm_rom:lpm_rom_component|altrom:srom|q[1]~reg_ra3  ; inclock  ;
; N/A   ; None         ; 5.100 ns   ; address[3] ; lpm_rom:lpm_rom_component|altrom:srom|q[2]~reg_ra3  ; inclock  ;
; N/A   ; None         ; 5.100 ns   ; address[3] ; lpm_rom:lpm_rom_component|altrom:srom|q[3]~reg_ra3  ; inclock  ;
; N/A   ; None         ; 5.100 ns   ; address[3] ; lpm_rom:lpm_rom_component|altrom:srom|q[4]~reg_ra3  ; inclock  ;
; N/A   ; None         ; 5.100 ns   ; address[3] ; lpm_rom:lpm_rom_component|altrom:srom|q[5]~reg_ra3  ; inclock  ;
; N/A   ; None         ; 5.100 ns   ; address[3] ; lpm_rom:lpm_rom_component|altrom:srom|q[6]~reg_ra3  ; inclock  ;
; N/A   ; None         ; 5.100 ns   ; address[3] ; lpm_rom:lpm_rom_component|altrom:srom|q[7]~reg_ra3  ; inclock  ;
; N/A   ; None         ; 5.100 ns   ; address[3] ; lpm_rom:lpm_rom_component|altrom:srom|q[8]~reg_ra3  ; inclock  ;
; N/A   ; None         ; 5.100 ns   ; address[3] ; lpm_rom:lpm_rom_component|altrom:srom|q[9]~reg_ra3  ; inclock  ;
; N/A   ; None         ; 5.100 ns   ; address[3] ; lpm_rom:lpm_rom_component|altrom:srom|q[10]~reg_ra3 ; inclock  ;
; N/A   ; None         ; 5.100 ns   ; address[3] ; lpm_rom:lpm_rom_component|altrom:srom|q[11]~reg_ra3 ; inclock  ;
; N/A   ; None         ; 5.100 ns   ; address[3] ; lpm_rom:lpm_rom_component|altrom:srom|q[12]~reg_ra3 ; inclock  ;
; N/A   ; None         ; 5.100 ns   ; address[3] ; lpm_rom:lpm_rom_component|altrom:srom|q[13]~reg_ra3 ; inclock  ;
; N/A   ; None         ; 5.100 ns   ; address[3] ; lpm_rom:lpm_rom_component|altrom:srom|q[14]~reg_ra3 ; inclock  ;
; N/A   ; None         ; 5.100 ns   ; address[3] ; lpm_rom:lpm_rom_component|altrom:srom|q[15]~reg_ra3 ; inclock  ;
; N/A   ; None         ; 5.100 ns   ; address[2] ; lpm_rom:lpm_rom_component|altrom:srom|q[0]~reg_ra2  ; inclock  ;
; N/A   ; None         ; 5.100 ns   ; address[2] ; lpm_rom:lpm_rom_component|altrom:srom|q[1]~reg_ra2  ; inclock  ;
; N/A   ; None         ; 5.100 ns   ; address[2] ; lpm_rom:lpm_rom_component|altrom:srom|q[2]~reg_ra2  ; inclock  ;
; N/A   ; None         ; 5.100 ns   ; address[2] ; lpm_rom:lpm_rom_component|altrom:srom|q[3]~reg_ra2  ; inclock  ;
; N/A   ; None         ; 5.100 ns   ; address[2] ; lpm_rom:lpm_rom_component|altrom:srom|q[4]~reg_ra2  ; inclock  ;
; N/A   ; None         ; 5.100 ns   ; address[2] ; lpm_rom:lpm_rom_component|altrom:srom|q[5]~reg_ra2  ; inclock  ;
; N/A   ; None         ; 5.100 ns   ; address[2] ; lpm_rom:lpm_rom_component|altrom:srom|q[6]~reg_ra2  ; inclock  ;
; N/A   ; None         ; 5.100 ns   ; address[2] ; lpm_rom:lpm_rom_component|altrom:srom|q[7]~reg_ra2  ; inclock  ;
; N/A   ; None         ; 5.100 ns   ; address[2] ; lpm_rom:lpm_rom_component|altrom:srom|q[8]~reg_ra2  ; inclock  ;
; N/A   ; None         ; 5.100 ns   ; address[2] ; lpm_rom:lpm_rom_component|altrom:srom|q[9]~reg_ra2  ; inclock  ;
; N/A   ; None         ; 5.100 ns   ; address[2] ; lpm_rom:lpm_rom_component|altrom:srom|q[10]~reg_ra2 ; inclock  ;
; N/A   ; None         ; 5.100 ns   ; address[2] ; lpm_rom:lpm_rom_component|altrom:srom|q[11]~reg_ra2 ; inclock  ;
; N/A   ; None         ; 5.100 ns   ; address[2] ; lpm_rom:lpm_rom_component|altrom:srom|q[12]~reg_ra2 ; inclock  ;
; N/A   ; None         ; 5.100 ns   ; address[2] ; lpm_rom:lpm_rom_component|altrom:srom|q[13]~reg_ra2 ; inclock  ;
; N/A   ; None         ; 5.100 ns   ; address[2] ; lpm_rom:lpm_rom_component|altrom:srom|q[14]~reg_ra2 ; inclock  ;
; N/A   ; None         ; 5.100 ns   ; address[2] ; lpm_rom:lpm_rom_component|altrom:srom|q[15]~reg_ra2 ; inclock  ;
; N/A   ; None         ; 5.100 ns   ; address[1] ; lpm_rom:lpm_rom_component|altrom:srom|q[0]~reg_ra1  ; inclock  ;
; N/A   ; None         ; 5.100 ns   ; address[1] ; lpm_rom:lpm_rom_component|altrom:srom|q[1]~reg_ra1  ; inclock  ;
; N/A   ; None         ; 5.100 ns   ; address[1] ; lpm_rom:lpm_rom_component|altrom:srom|q[2]~reg_ra1  ; inclock  ;
; N/A   ; None         ; 5.100 ns   ; address[1] ; lpm_rom:lpm_rom_component|altrom:srom|q[3]~reg_ra1  ; inclock  ;
; N/A   ; None         ; 5.100 ns   ; address[1] ; lpm_rom:lpm_rom_component|altrom:srom|q[4]~reg_ra1  ; inclock  ;
; N/A   ; None         ; 5.100 ns   ; address[1] ; lpm_rom:lpm_rom_component|altrom:srom|q[5]~reg_ra1  ; inclock  ;
; N/A   ; None         ; 5.100 ns   ; address[1] ; lpm_rom:lpm_rom_component|altrom:srom|q[6]~reg_ra1  ; inclock  ;
; N/A   ; None         ; 5.100 ns   ; address[1] ; lpm_rom:lpm_rom_component|altrom:srom|q[7]~reg_ra1  ; inclock  ;
; N/A   ; None         ; 5.100 ns   ; address[1] ; lpm_rom:lpm_rom_component|altrom:srom|q[8]~reg_ra1  ; inclock  ;
; N/A   ; None         ; 5.100 ns   ; address[1] ; lpm_rom:lpm_rom_component|altrom:srom|q[9]~reg_ra1  ; inclock  ;
; N/A   ; None         ; 5.100 ns   ; address[1] ; lpm_rom:lpm_rom_component|altrom:srom|q[10]~reg_ra1 ; inclock  ;
; N/A   ; None         ; 5.100 ns   ; address[1] ; lpm_rom:lpm_rom_component|altrom:srom|q[11]~reg_ra1 ; inclock  ;
; N/A   ; None         ; 5.100 ns   ; address[1] ; lpm_rom:lpm_rom_component|altrom:srom|q[12]~reg_ra1 ; inclock  ;
; N/A   ; None         ; 5.100 ns   ; address[1] ; lpm_rom:lpm_rom_component|altrom:srom|q[13]~reg_ra1 ; inclock  ;
; N/A   ; None         ; 5.100 ns   ; address[1] ; lpm_rom:lpm_rom_component|altrom:srom|q[14]~reg_ra1 ; inclock  ;
; N/A   ; None         ; 5.100 ns   ; address[1] ; lpm_rom:lpm_rom_component|altrom:srom|q[15]~reg_ra1 ; inclock  ;
; N/A   ; None         ; 5.100 ns   ; address[0] ; lpm_rom:lpm_rom_component|altrom:srom|q[0]~reg_ra0  ; inclock  ;
; N/A   ; None         ; 5.100 ns   ; address[0] ; lpm_rom:lpm_rom_component|altrom:srom|q[1]~reg_ra0  ; inclock  ;
; N/A   ; None         ; 5.100 ns   ; address[0] ; lpm_rom:lpm_rom_component|altrom:srom|q[2]~reg_ra0  ; inclock  ;
; N/A   ; None         ; 5.100 ns   ; address[0] ; lpm_rom:lpm_rom_component|altrom:srom|q[3]~reg_ra0  ; inclock  ;
; N/A   ; None         ; 5.100 ns   ; address[0] ; lpm_rom:lpm_rom_component|altrom:srom|q[4]~reg_ra0  ; inclock  ;
; N/A   ; None         ; 5.100 ns   ; address[0] ; lpm_rom:lpm_rom_component|altrom:srom|q[5]~reg_ra0  ; inclock  ;
; N/A   ; None         ; 5.100 ns   ; address[0] ; lpm_rom:lpm_rom_component|altrom:srom|q[6]~reg_ra0  ; inclock  ;
; N/A   ; None         ; 5.100 ns   ; address[0] ; lpm_rom:lpm_rom_component|altrom:srom|q[7]~reg_ra0  ; inclock  ;
; N/A   ; None         ; 5.100 ns   ; address[0] ; lpm_rom:lpm_rom_component|altrom:srom|q[8]~reg_ra0  ; inclock  ;
; N/A   ; None         ; 5.100 ns   ; address[0] ; lpm_rom:lpm_rom_component|altrom:srom|q[9]~reg_ra0  ; inclock  ;
; N/A   ; None         ; 5.100 ns   ; address[0] ; lpm_rom:lpm_rom_component|altrom:srom|q[10]~reg_ra0 ; inclock  ;
; N/A   ; None         ; 5.100 ns   ; address[0] ; lpm_rom:lpm_rom_component|altrom:srom|q[11]~reg_ra0 ; inclock  ;
; N/A   ; None         ; 5.100 ns   ; address[0] ; lpm_rom:lpm_rom_component|altrom:srom|q[12]~reg_ra0 ; inclock  ;
; N/A   ; None         ; 5.100 ns   ; address[0] ; lpm_rom:lpm_rom_component|altrom:srom|q[13]~reg_ra0 ; inclock  ;
; N/A   ; None         ; 5.100 ns   ; address[0] ; lpm_rom:lpm_rom_component|altrom:srom|q[14]~reg_ra0 ; inclock  ;
; N/A   ; None         ; 5.100 ns   ; address[0] ; lpm_rom:lpm_rom_component|altrom:srom|q[15]~reg_ra0 ; inclock  ;
+-------+--------------+------------+------------+-----------------------------------------------------+----------+


+--------------------------------------------------------------------------------------------------------------+
; tco                                                                                                          ;
+-------+--------------+------------+-----------------------------------------------------+-------+------------+
; Slack ; Required tco ; Actual tco ; From                                                ; To    ; From Clock ;
+-------+--------------+------------+-----------------------------------------------------+-------+------------+
; N/A   ; None         ; 36.100 ns  ; lpm_rom:lpm_rom_component|altrom:srom|q[12]~reg_ra0 ; q[12] ; inclock    ;
; N/A   ; None         ; 36.100 ns  ; lpm_rom:lpm_rom_component|altrom:srom|q[12]~reg_ra1 ; q[12] ; inclock    ;
; N/A   ; None         ; 36.100 ns  ; lpm_rom:lpm_rom_component|altrom:srom|q[12]~reg_ra2 ; q[12] ; inclock    ;
; N/A   ; None         ; 36.100 ns  ; lpm_rom:lpm_rom_component|altrom:srom|q[12]~reg_ra3 ; q[12] ; inclock    ;
; N/A   ; None         ; 36.100 ns  ; lpm_rom:lpm_rom_component|altrom:srom|q[12]~reg_ra4 ; q[12] ; inclock    ;
; N/A   ; None         ; 36.100 ns  ; lpm_rom:lpm_rom_component|altrom:srom|q[12]~reg_ra5 ; q[12] ; inclock    ;
; N/A   ; None         ; 36.100 ns  ; lpm_rom:lpm_rom_component|altrom:srom|q[12]~reg_ra6 ; q[12] ; inclock    ;
; N/A   ; None         ; 36.100 ns  ; lpm_rom:lpm_rom_component|altrom:srom|q[12]~reg_ra7 ; q[12] ; inclock    ;
; N/A   ; None         ; 35.000 ns  ; lpm_rom:lpm_rom_component|altrom:srom|q[6]~reg_ra0  ; q[6]  ; inclock    ;
; N/A   ; None         ; 35.000 ns  ; lpm_rom:lpm_rom_component|altrom:srom|q[6]~reg_ra1  ; q[6]  ; inclock    ;
; N/A   ; None         ; 35.000 ns  ; lpm_rom:lpm_rom_component|altrom:srom|q[6]~reg_ra2  ; q[6]  ; inclock    ;
; N/A   ; None         ; 35.000 ns  ; lpm_rom:lpm_rom_component|altrom:srom|q[6]~reg_ra3  ; q[6]  ; inclock    ;
; N/A   ; None         ; 35.000 ns  ; lpm_rom:lpm_rom_component|altrom:srom|q[6]~reg_ra4  ; q[6]  ; inclock    ;
; N/A   ; None         ; 35.000 ns  ; lpm_rom:lpm_rom_component|altrom:srom|q[6]~reg_ra5  ; q[6]  ; inclock    ;
; N/A   ; None         ; 35.000 ns  ; lpm_rom:lpm_rom_component|altrom:srom|q[6]~reg_ra6  ; q[6]  ; inclock    ;
; N/A   ; None         ; 35.000 ns  ; lpm_rom:lpm_rom_component|altrom:srom|q[6]~reg_ra7  ; q[6]  ; inclock    ;
; N/A   ; None         ; 31.900 ns  ; lpm_rom:lpm_rom_component|altrom:srom|q[15]~reg_ra0 ; q[15] ; inclock    ;
; N/A   ; None         ; 31.900 ns  ; lpm_rom:lpm_rom_component|altrom:srom|q[15]~reg_ra1 ; q[15] ; inclock    ;
; N/A   ; None         ; 31.900 ns  ; lpm_rom:lpm_rom_component|altrom:srom|q[15]~reg_ra2 ; q[15] ; inclock    ;
; N/A   ; None         ; 31.900 ns  ; lpm_rom:lpm_rom_component|altrom:srom|q[15]~reg_ra3 ; q[15] ; inclock    ;
; N/A   ; None         ; 31.900 ns  ; lpm_rom:lpm_rom_component|altrom:srom|q[15]~reg_ra4 ; q[15] ; inclock    ;
; N/A   ; None         ; 31.900 ns  ; lpm_rom:lpm_rom_component|altrom:srom|q[15]~reg_ra5 ; q[15] ; inclock    ;
; N/A   ; None         ; 31.900 ns  ; lpm_rom:lpm_rom_component|altrom:srom|q[15]~reg_ra6 ; q[15] ; inclock    ;
; N/A   ; None         ; 31.900 ns  ; lpm_rom:lpm_rom_component|altrom:srom|q[15]~reg_ra7 ; q[15] ; inclock    ;
; N/A   ; None         ; 29.500 ns  ; lpm_rom:lpm_rom_component|altrom:srom|q[7]~reg_ra0  ; q[7]  ; inclock    ;
; N/A   ; None         ; 29.500 ns  ; lpm_rom:lpm_rom_component|altrom:srom|q[7]~reg_ra1  ; q[7]  ; inclock    ;
; N/A   ; None         ; 29.500 ns  ; lpm_rom:lpm_rom_component|altrom:srom|q[7]~reg_ra2  ; q[7]  ; inclock    ;
; N/A   ; None         ; 29.500 ns  ; lpm_rom:lpm_rom_component|altrom:srom|q[7]~reg_ra3  ; q[7]  ; inclock    ;
; N/A   ; None         ; 29.500 ns  ; lpm_rom:lpm_rom_component|altrom:srom|q[7]~reg_ra4  ; q[7]  ; inclock    ;
; N/A   ; None         ; 29.500 ns  ; lpm_rom:lpm_rom_component|altrom:srom|q[7]~reg_ra5  ; q[7]  ; inclock    ;
; N/A   ; None         ; 29.500 ns  ; lpm_rom:lpm_rom_component|altrom:srom|q[7]~reg_ra6  ; q[7]  ; inclock    ;
; N/A   ; None         ; 29.500 ns  ; lpm_rom:lpm_rom_component|altrom:srom|q[7]~reg_ra7  ; q[7]  ; inclock    ;
; N/A   ; None         ; 28.700 ns  ; lpm_rom:lpm_rom_component|altrom:srom|q[14]~reg_ra0 ; q[14] ; inclock    ;
; N/A   ; None         ; 28.700 ns  ; lpm_rom:lpm_rom_component|altrom:srom|q[14]~reg_ra1 ; q[14] ; inclock    ;
; N/A   ; None         ; 28.700 ns  ; lpm_rom:lpm_rom_component|altrom:srom|q[14]~reg_ra2 ; q[14] ; inclock    ;
; N/A   ; None         ; 28.700 ns  ; lpm_rom:lpm_rom_component|altrom:srom|q[14]~reg_ra3 ; q[14] ; inclock    ;
; N/A   ; None         ; 28.700 ns  ; lpm_rom:lpm_rom_component|altrom:srom|q[14]~reg_ra4 ; q[14] ; inclock    ;
; N/A   ; None         ; 28.700 ns  ; lpm_rom:lpm_rom_component|altrom:srom|q[14]~reg_ra5 ; q[14] ; inclock    ;
; N/A   ; None         ; 28.700 ns  ; lpm_rom:lpm_rom_component|altrom:srom|q[14]~reg_ra6 ; q[14] ; inclock    ;
; N/A   ; None         ; 28.700 ns  ; lpm_rom:lpm_rom_component|altrom:srom|q[14]~reg_ra7 ; q[14] ; inclock    ;
; N/A   ; None         ; 28.700 ns  ; lpm_rom:lpm_rom_component|altrom:srom|q[11]~reg_ra0 ; q[11] ; inclock    ;
; N/A   ; None         ; 28.700 ns  ; lpm_rom:lpm_rom_component|altrom:srom|q[11]~reg_ra1 ; q[11] ; inclock    ;
; N/A   ; None         ; 28.700 ns  ; lpm_rom:lpm_rom_component|altrom:srom|q[11]~reg_ra2 ; q[11] ; inclock    ;
; N/A   ; None         ; 28.700 ns  ; lpm_rom:lpm_rom_component|altrom:srom|q[11]~reg_ra3 ; q[11] ; inclock    ;
; N/A   ; None         ; 28.700 ns  ; lpm_rom:lpm_rom_component|altrom:srom|q[11]~reg_ra4 ; q[11] ; inclock    ;
; N/A   ; None         ; 28.700 ns  ; lpm_rom:lpm_rom_component|altrom:srom|q[11]~reg_ra5 ; q[11] ; inclock    ;
; N/A   ; None         ; 28.700 ns  ; lpm_rom:lpm_rom_component|altrom:srom|q[11]~reg_ra6 ; q[11] ; inclock    ;
; N/A   ; None         ; 28.700 ns  ; lpm_rom:lpm_rom_component|altrom:srom|q[11]~reg_ra7 ; q[11] ; inclock    ;
; N/A   ; None         ; 28.700 ns  ; lpm_rom:lpm_rom_component|altrom:srom|q[9]~reg_ra0  ; q[9]  ; inclock    ;
; N/A   ; None         ; 28.700 ns  ; lpm_rom:lpm_rom_component|altrom:srom|q[9]~reg_ra1  ; q[9]  ; inclock    ;
; N/A   ; None         ; 28.700 ns  ; lpm_rom:lpm_rom_component|altrom:srom|q[9]~reg_ra2  ; q[9]  ; inclock    ;
; N/A   ; None         ; 28.700 ns  ; lpm_rom:lpm_rom_component|altrom:srom|q[9]~reg_ra3  ; q[9]  ; inclock    ;
; N/A   ; None         ; 28.700 ns  ; lpm_rom:lpm_rom_component|altrom:srom|q[9]~reg_ra4  ; q[9]  ; inclock    ;
; N/A   ; None         ; 28.700 ns  ; lpm_rom:lpm_rom_component|altrom:srom|q[9]~reg_ra5  ; q[9]  ; inclock    ;
; N/A   ; None         ; 28.700 ns  ; lpm_rom:lpm_rom_component|altrom:srom|q[9]~reg_ra6  ; q[9]  ; inclock    ;
; N/A   ; None         ; 28.700 ns  ; lpm_rom:lpm_rom_component|altrom:srom|q[9]~reg_ra7  ; q[9]  ; inclock    ;
; N/A   ; None         ; 28.700 ns  ; lpm_rom:lpm_rom_component|altrom:srom|q[8]~reg_ra0  ; q[8]  ; inclock    ;
; N/A   ; None         ; 28.700 ns  ; lpm_rom:lpm_rom_component|altrom:srom|q[8]~reg_ra1  ; q[8]  ; inclock    ;
; N/A   ; None         ; 28.700 ns  ; lpm_rom:lpm_rom_component|altrom:srom|q[8]~reg_ra2  ; q[8]  ; inclock    ;
; N/A   ; None         ; 28.700 ns  ; lpm_rom:lpm_rom_component|altrom:srom|q[8]~reg_ra3  ; q[8]  ; inclock    ;
; N/A   ; None         ; 28.700 ns  ; lpm_rom:lpm_rom_component|altrom:srom|q[8]~reg_ra4  ; q[8]  ; inclock    ;
; N/A   ; None         ; 28.700 ns  ; lpm_rom:lpm_rom_component|altrom:srom|q[8]~reg_ra5  ; q[8]  ; inclock    ;
; N/A   ; None         ; 28.700 ns  ; lpm_rom:lpm_rom_component|altrom:srom|q[8]~reg_ra6  ; q[8]  ; inclock    ;
; N/A   ; None         ; 28.700 ns  ; lpm_rom:lpm_rom_component|altrom:srom|q[8]~reg_ra7  ; q[8]  ; inclock    ;
; N/A   ; None         ; 28.700 ns  ; lpm_rom:lpm_rom_component|altrom:srom|q[3]~reg_ra0  ; q[3]  ; inclock    ;
; N/A   ; None         ; 28.700 ns  ; lpm_rom:lpm_rom_component|altrom:srom|q[3]~reg_ra1  ; q[3]  ; inclock    ;
; N/A   ; None         ; 28.700 ns  ; lpm_rom:lpm_rom_component|altrom:srom|q[3]~reg_ra2  ; q[3]  ; inclock    ;
; N/A   ; None         ; 28.700 ns  ; lpm_rom:lpm_rom_component|altrom:srom|q[3]~reg_ra3  ; q[3]  ; inclock    ;
; N/A   ; None         ; 28.700 ns  ; lpm_rom:lpm_rom_component|altrom:srom|q[3]~reg_ra4  ; q[3]  ; inclock    ;
; N/A   ; None         ; 28.700 ns  ; lpm_rom:lpm_rom_component|altrom:srom|q[3]~reg_ra5  ; q[3]  ; inclock    ;
; N/A   ; None         ; 28.700 ns  ; lpm_rom:lpm_rom_component|altrom:srom|q[3]~reg_ra6  ; q[3]  ; inclock    ;
; N/A   ; None         ; 28.700 ns  ; lpm_rom:lpm_rom_component|altrom:srom|q[3]~reg_ra7  ; q[3]  ; inclock    ;
; N/A   ; None         ; 28.700 ns  ; lpm_rom:lpm_rom_component|altrom:srom|q[1]~reg_ra0  ; q[1]  ; inclock    ;
; N/A   ; None         ; 28.700 ns  ; lpm_rom:lpm_rom_component|altrom:srom|q[1]~reg_ra1  ; q[1]  ; inclock    ;
; N/A   ; None         ; 28.700 ns  ; lpm_rom:lpm_rom_component|altrom:srom|q[1]~reg_ra2  ; q[1]  ; inclock    ;
; N/A   ; None         ; 28.700 ns  ; lpm_rom:lpm_rom_component|altrom:srom|q[1]~reg_ra3  ; q[1]  ; inclock    ;
; N/A   ; None         ; 28.700 ns  ; lpm_rom:lpm_rom_component|altrom:srom|q[1]~reg_ra4  ; q[1]  ; inclock    ;
; N/A   ; None         ; 28.700 ns  ; lpm_rom:lpm_rom_component|altrom:srom|q[1]~reg_ra5  ; q[1]  ; inclock    ;
; N/A   ; None         ; 28.700 ns  ; lpm_rom:lpm_rom_component|altrom:srom|q[1]~reg_ra6  ; q[1]  ; inclock    ;
; N/A   ; None         ; 28.700 ns  ; lpm_rom:lpm_rom_component|altrom:srom|q[1]~reg_ra7  ; q[1]  ; inclock    ;
; N/A   ; None         ; 28.600 ns  ; lpm_rom:lpm_rom_component|altrom:srom|q[13]~reg_ra0 ; q[13] ; inclock    ;
; N/A   ; None         ; 28.600 ns  ; lpm_rom:lpm_rom_component|altrom:srom|q[13]~reg_ra1 ; q[13] ; inclock    ;
; N/A   ; None         ; 28.600 ns  ; lpm_rom:lpm_rom_component|altrom:srom|q[13]~reg_ra2 ; q[13] ; inclock    ;
; N/A   ; None         ; 28.600 ns  ; lpm_rom:lpm_rom_component|altrom:srom|q[13]~reg_ra3 ; q[13] ; inclock    ;
; N/A   ; None         ; 28.600 ns  ; lpm_rom:lpm_rom_component|altrom:srom|q[13]~reg_ra4 ; q[13] ; inclock    ;
; N/A   ; None         ; 28.600 ns  ; lpm_rom:lpm_rom_component|altrom:srom|q[13]~reg_ra5 ; q[13] ; inclock    ;
; N/A   ; None         ; 28.600 ns  ; lpm_rom:lpm_rom_component|altrom:srom|q[13]~reg_ra6 ; q[13] ; inclock    ;
; N/A   ; None         ; 28.600 ns  ; lpm_rom:lpm_rom_component|altrom:srom|q[13]~reg_ra7 ; q[13] ; inclock    ;
; N/A   ; None         ; 28.600 ns  ; lpm_rom:lpm_rom_component|altrom:srom|q[10]~reg_ra0 ; q[10] ; inclock    ;
; N/A   ; None         ; 28.600 ns  ; lpm_rom:lpm_rom_component|altrom:srom|q[10]~reg_ra1 ; q[10] ; inclock    ;
; N/A   ; None         ; 28.600 ns  ; lpm_rom:lpm_rom_component|altrom:srom|q[10]~reg_ra2 ; q[10] ; inclock    ;
; N/A   ; None         ; 28.600 ns  ; lpm_rom:lpm_rom_component|altrom:srom|q[10]~reg_ra3 ; q[10] ; inclock    ;
; N/A   ; None         ; 28.600 ns  ; lpm_rom:lpm_rom_component|altrom:srom|q[10]~reg_ra4 ; q[10] ; inclock    ;
; N/A   ; None         ; 28.600 ns  ; lpm_rom:lpm_rom_component|altrom:srom|q[10]~reg_ra5 ; q[10] ; inclock    ;
; N/A   ; None         ; 28.600 ns  ; lpm_rom:lpm_rom_component|altrom:srom|q[10]~reg_ra6 ; q[10] ; inclock    ;
; N/A   ; None         ; 28.600 ns  ; lpm_rom:lpm_rom_component|altrom:srom|q[10]~reg_ra7 ; q[10] ; inclock    ;
; N/A   ; None         ; 28.600 ns  ; lpm_rom:lpm_rom_component|altrom:srom|q[5]~reg_ra0  ; q[5]  ; inclock    ;
; N/A   ; None         ; 28.600 ns  ; lpm_rom:lpm_rom_component|altrom:srom|q[5]~reg_ra1  ; q[5]  ; inclock    ;
; N/A   ; None         ; 28.600 ns  ; lpm_rom:lpm_rom_component|altrom:srom|q[5]~reg_ra2  ; q[5]  ; inclock    ;
; N/A   ; None         ; 28.600 ns  ; lpm_rom:lpm_rom_component|altrom:srom|q[5]~reg_ra3  ; q[5]  ; inclock    ;
; N/A   ; None         ; 28.600 ns  ; lpm_rom:lpm_rom_component|altrom:srom|q[5]~reg_ra4  ; q[5]  ; inclock    ;
; N/A   ; None         ; 28.600 ns  ; lpm_rom:lpm_rom_component|altrom:srom|q[5]~reg_ra5  ; q[5]  ; inclock    ;
; N/A   ; None         ; 28.600 ns  ; lpm_rom:lpm_rom_component|altrom:srom|q[5]~reg_ra6  ; q[5]  ; inclock    ;
; N/A   ; None         ; 28.600 ns  ; lpm_rom:lpm_rom_component|altrom:srom|q[5]~reg_ra7  ; q[5]  ; inclock    ;
; N/A   ; None         ; 28.600 ns  ; lpm_rom:lpm_rom_component|altrom:srom|q[4]~reg_ra0  ; q[4]  ; inclock    ;
; N/A   ; None         ; 28.600 ns  ; lpm_rom:lpm_rom_component|altrom:srom|q[4]~reg_ra1  ; q[4]  ; inclock    ;
; N/A   ; None         ; 28.600 ns  ; lpm_rom:lpm_rom_component|altrom:srom|q[4]~reg_ra2  ; q[4]  ; inclock    ;
; N/A   ; None         ; 28.600 ns  ; lpm_rom:lpm_rom_component|altrom:srom|q[4]~reg_ra3  ; q[4]  ; inclock    ;
; N/A   ; None         ; 28.600 ns  ; lpm_rom:lpm_rom_component|altrom:srom|q[4]~reg_ra4  ; q[4]  ; inclock    ;
; N/A   ; None         ; 28.600 ns  ; lpm_rom:lpm_rom_component|altrom:srom|q[4]~reg_ra5  ; q[4]  ; inclock    ;
; N/A   ; None         ; 28.600 ns  ; lpm_rom:lpm_rom_component|altrom:srom|q[4]~reg_ra6  ; q[4]  ; inclock    ;
; N/A   ; None         ; 28.600 ns  ; lpm_rom:lpm_rom_component|altrom:srom|q[4]~reg_ra7  ; q[4]  ; inclock    ;
; N/A   ; None         ; 28.600 ns  ; lpm_rom:lpm_rom_component|altrom:srom|q[2]~reg_ra0  ; q[2]  ; inclock    ;
; N/A   ; None         ; 28.600 ns  ; lpm_rom:lpm_rom_component|altrom:srom|q[2]~reg_ra1  ; q[2]  ; inclock    ;
; N/A   ; None         ; 28.600 ns  ; lpm_rom:lpm_rom_component|altrom:srom|q[2]~reg_ra2  ; q[2]  ; inclock    ;
; N/A   ; None         ; 28.600 ns  ; lpm_rom:lpm_rom_component|altrom:srom|q[2]~reg_ra3  ; q[2]  ; inclock    ;
; N/A   ; None         ; 28.600 ns  ; lpm_rom:lpm_rom_component|altrom:srom|q[2]~reg_ra4  ; q[2]  ; inclock    ;
; N/A   ; None         ; 28.600 ns  ; lpm_rom:lpm_rom_component|altrom:srom|q[2]~reg_ra5  ; q[2]  ; inclock    ;
; N/A   ; None         ; 28.600 ns  ; lpm_rom:lpm_rom_component|altrom:srom|q[2]~reg_ra6  ; q[2]  ; inclock    ;
; N/A   ; None         ; 28.600 ns  ; lpm_rom:lpm_rom_component|altrom:srom|q[2]~reg_ra7  ; q[2]  ; inclock    ;
; N/A   ; None         ; 28.600 ns  ; lpm_rom:lpm_rom_component|altrom:srom|q[0]~reg_ra0  ; q[0]  ; inclock    ;
; N/A   ; None         ; 28.600 ns  ; lpm_rom:lpm_rom_component|altrom:srom|q[0]~reg_ra1  ; q[0]  ; inclock    ;
; N/A   ; None         ; 28.600 ns  ; lpm_rom:lpm_rom_component|altrom:srom|q[0]~reg_ra2  ; q[0]  ; inclock    ;
; N/A   ; None         ; 28.600 ns  ; lpm_rom:lpm_rom_component|altrom:srom|q[0]~reg_ra3  ; q[0]  ; inclock    ;
; N/A   ; None         ; 28.600 ns  ; lpm_rom:lpm_rom_component|altrom:srom|q[0]~reg_ra4  ; q[0]  ; inclock    ;
; N/A   ; None         ; 28.600 ns  ; lpm_rom:lpm_rom_component|altrom:srom|q[0]~reg_ra5  ; q[0]  ; inclock    ;
; N/A   ; None         ; 28.600 ns  ; lpm_rom:lpm_rom_component|altrom:srom|q[0]~reg_ra6  ; q[0]  ; inclock    ;
; N/A   ; None         ; 28.600 ns  ; lpm_rom:lpm_rom_component|altrom:srom|q[0]~reg_ra7  ; q[0]  ; inclock    ;
+-------+--------------+------------+-----------------------------------------------------+-------+------------+


+-----------------------------------------------------------------------------------------------------------------------+
; th                                                                                                                    ;
+---------------+-------------+-----------+------------+-----------------------------------------------------+----------+
; Minimum Slack ; Required th ; Actual th ; From       ; To                                                  ; To Clock ;
+---------------+-------------+-----------+------------+-----------------------------------------------------+----------+
; N/A           ; None        ; -0.800 ns ; address[4] ; lpm_rom:lpm_rom_component|altrom:srom|q[0]~reg_ra4  ; inclock  ;
; N/A           ; None        ; -0.800 ns ; address[4] ; lpm_rom:lpm_rom_component|altrom:srom|q[1]~reg_ra4  ; inclock  ;
; N/A           ; None        ; -0.800 ns ; address[4] ; lpm_rom:lpm_rom_component|altrom:srom|q[2]~reg_ra4  ; inclock  ;
; N/A           ; None        ; -0.800 ns ; address[4] ; lpm_rom:lpm_rom_component|altrom:srom|q[3]~reg_ra4  ; inclock  ;
; N/A           ; None        ; -0.800 ns ; address[4] ; lpm_rom:lpm_rom_component|altrom:srom|q[4]~reg_ra4  ; inclock  ;
; N/A           ; None        ; -0.800 ns ; address[4] ; lpm_rom:lpm_rom_component|altrom:srom|q[5]~reg_ra4  ; inclock  ;
; N/A           ; None        ; -0.800 ns ; address[4] ; lpm_rom:lpm_rom_component|altrom:srom|q[6]~reg_ra4  ; inclock  ;
; N/A           ; None        ; -0.800 ns ; address[4] ; lpm_rom:lpm_rom_component|altrom:srom|q[7]~reg_ra4  ; inclock  ;
; N/A           ; None        ; -0.800 ns ; address[4] ; lpm_rom:lpm_rom_component|altrom:srom|q[8]~reg_ra4  ; inclock  ;
; N/A           ; None        ; -0.800 ns ; address[4] ; lpm_rom:lpm_rom_component|altrom:srom|q[9]~reg_ra4  ; inclock  ;
; N/A           ; None        ; -0.800 ns ; address[4] ; lpm_rom:lpm_rom_component|altrom:srom|q[10]~reg_ra4 ; inclock  ;
; N/A           ; None        ; -0.800 ns ; address[4] ; lpm_rom:lpm_rom_component|altrom:srom|q[11]~reg_ra4 ; inclock  ;
; N/A           ; None        ; -0.800 ns ; address[4] ; lpm_rom:lpm_rom_component|altrom:srom|q[12]~reg_ra4 ; inclock  ;
; N/A           ; None        ; -0.800 ns ; address[4] ; lpm_rom:lpm_rom_component|altrom:srom|q[13]~reg_ra4 ; inclock  ;
; N/A           ; None        ; -0.800 ns ; address[4] ; lpm_rom:lpm_rom_component|altrom:srom|q[14]~reg_ra4 ; inclock  ;
; N/A           ; None        ; -0.800 ns ; address[4] ; lpm_rom:lpm_rom_component|altrom:srom|q[15]~reg_ra4 ; inclock  ;
; N/A           ; None        ; -0.800 ns ; address[3] ; lpm_rom:lpm_rom_component|altrom:srom|q[0]~reg_ra3  ; inclock  ;
; N/A           ; None        ; -0.800 ns ; address[3] ; lpm_rom:lpm_rom_component|altrom:srom|q[1]~reg_ra3  ; inclock  ;
; N/A           ; None        ; -0.800 ns ; address[3] ; lpm_rom:lpm_rom_component|altrom:srom|q[2]~reg_ra3  ; inclock  ;
; N/A           ; None        ; -0.800 ns ; address[3] ; lpm_rom:lpm_rom_component|altrom:srom|q[3]~reg_ra3  ; inclock  ;
; N/A           ; None        ; -0.800 ns ; address[3] ; lpm_rom:lpm_rom_component|altrom:srom|q[4]~reg_ra3  ; inclock  ;
; N/A           ; None        ; -0.800 ns ; address[3] ; lpm_rom:lpm_rom_component|altrom:srom|q[5]~reg_ra3  ; inclock  ;
; N/A           ; None        ; -0.800 ns ; address[3] ; lpm_rom:lpm_rom_component|altrom:srom|q[6]~reg_ra3  ; inclock  ;
; N/A           ; None        ; -0.800 ns ; address[3] ; lpm_rom:lpm_rom_component|altrom:srom|q[7]~reg_ra3  ; inclock  ;
; N/A           ; None        ; -0.800 ns ; address[3] ; lpm_rom:lpm_rom_component|altrom:srom|q[8]~reg_ra3  ; inclock  ;
; N/A           ; None        ; -0.800 ns ; address[3] ; lpm_rom:lpm_rom_component|altrom:srom|q[9]~reg_ra3  ; inclock  ;
; N/A           ; None        ; -0.800 ns ; address[3] ; lpm_rom:lpm_rom_component|altrom:srom|q[10]~reg_ra3 ; inclock  ;
; N/A           ; None        ; -0.800 ns ; address[3] ; lpm_rom:lpm_rom_component|altrom:srom|q[11]~reg_ra3 ; inclock  ;
; N/A           ; None        ; -0.800 ns ; address[3] ; lpm_rom:lpm_rom_component|altrom:srom|q[12]~reg_ra3 ; inclock  ;
; N/A           ; None        ; -0.800 ns ; address[3] ; lpm_rom:lpm_rom_component|altrom:srom|q[13]~reg_ra3 ; inclock  ;
; N/A           ; None        ; -0.800 ns ; address[3] ; lpm_rom:lpm_rom_component|altrom:srom|q[14]~reg_ra3 ; inclock  ;
; N/A           ; None        ; -0.800 ns ; address[3] ; lpm_rom:lpm_rom_component|altrom:srom|q[15]~reg_ra3 ; inclock  ;
; N/A           ; None        ; -0.800 ns ; address[2] ; lpm_rom:lpm_rom_component|altrom:srom|q[0]~reg_ra2  ; inclock  ;
; N/A           ; None        ; -0.800 ns ; address[2] ; lpm_rom:lpm_rom_component|altrom:srom|q[1]~reg_ra2  ; inclock  ;
; N/A           ; None        ; -0.800 ns ; address[2] ; lpm_rom:lpm_rom_component|altrom:srom|q[2]~reg_ra2  ; inclock  ;
; N/A           ; None        ; -0.800 ns ; address[2] ; lpm_rom:lpm_rom_component|altrom:srom|q[3]~reg_ra2  ; inclock  ;
; N/A           ; None        ; -0.800 ns ; address[2] ; lpm_rom:lpm_rom_component|altrom:srom|q[4]~reg_ra2  ; inclock  ;
; N/A           ; None        ; -0.800 ns ; address[2] ; lpm_rom:lpm_rom_component|altrom:srom|q[5]~reg_ra2  ; inclock  ;
; N/A           ; None        ; -0.800 ns ; address[2] ; lpm_rom:lpm_rom_component|altrom:srom|q[6]~reg_ra2  ; inclock  ;
; N/A           ; None        ; -0.800 ns ; address[2] ; lpm_rom:lpm_rom_component|altrom:srom|q[7]~reg_ra2  ; inclock  ;
; N/A           ; None        ; -0.800 ns ; address[2] ; lpm_rom:lpm_rom_component|altrom:srom|q[8]~reg_ra2  ; inclock  ;
; N/A           ; None        ; -0.800 ns ; address[2] ; lpm_rom:lpm_rom_component|altrom:srom|q[9]~reg_ra2  ; inclock  ;
; N/A           ; None        ; -0.800 ns ; address[2] ; lpm_rom:lpm_rom_component|altrom:srom|q[10]~reg_ra2 ; inclock  ;
; N/A           ; None        ; -0.800 ns ; address[2] ; lpm_rom:lpm_rom_component|altrom:srom|q[11]~reg_ra2 ; inclock  ;
; N/A           ; None        ; -0.800 ns ; address[2] ; lpm_rom:lpm_rom_component|altrom:srom|q[12]~reg_ra2 ; inclock  ;
; N/A           ; None        ; -0.800 ns ; address[2] ; lpm_rom:lpm_rom_component|altrom:srom|q[13]~reg_ra2 ; inclock  ;
; N/A           ; None        ; -0.800 ns ; address[2] ; lpm_rom:lpm_rom_component|altrom:srom|q[14]~reg_ra2 ; inclock  ;
; N/A           ; None        ; -0.800 ns ; address[2] ; lpm_rom:lpm_rom_component|altrom:srom|q[15]~reg_ra2 ; inclock  ;
; N/A           ; None        ; -0.800 ns ; address[1] ; lpm_rom:lpm_rom_component|altrom:srom|q[0]~reg_ra1  ; inclock  ;
; N/A           ; None        ; -0.800 ns ; address[1] ; lpm_rom:lpm_rom_component|altrom:srom|q[1]~reg_ra1  ; inclock  ;
; N/A           ; None        ; -0.800 ns ; address[1] ; lpm_rom:lpm_rom_component|altrom:srom|q[2]~reg_ra1  ; inclock  ;
; N/A           ; None        ; -0.800 ns ; address[1] ; lpm_rom:lpm_rom_component|altrom:srom|q[3]~reg_ra1  ; inclock  ;
; N/A           ; None        ; -0.800 ns ; address[1] ; lpm_rom:lpm_rom_component|altrom:srom|q[4]~reg_ra1  ; inclock  ;
; N/A           ; None        ; -0.800 ns ; address[1] ; lpm_rom:lpm_rom_component|altrom:srom|q[5]~reg_ra1  ; inclock  ;
; N/A           ; None        ; -0.800 ns ; address[1] ; lpm_rom:lpm_rom_component|altrom:srom|q[6]~reg_ra1  ; inclock  ;
; N/A           ; None        ; -0.800 ns ; address[1] ; lpm_rom:lpm_rom_component|altrom:srom|q[7]~reg_ra1  ; inclock  ;
; N/A           ; None        ; -0.800 ns ; address[1] ; lpm_rom:lpm_rom_component|altrom:srom|q[8]~reg_ra1  ; inclock  ;
; N/A           ; None        ; -0.800 ns ; address[1] ; lpm_rom:lpm_rom_component|altrom:srom|q[9]~reg_ra1  ; inclock  ;
; N/A           ; None        ; -0.800 ns ; address[1] ; lpm_rom:lpm_rom_component|altrom:srom|q[10]~reg_ra1 ; inclock  ;
; N/A           ; None        ; -0.800 ns ; address[1] ; lpm_rom:lpm_rom_component|altrom:srom|q[11]~reg_ra1 ; inclock  ;
; N/A           ; None        ; -0.800 ns ; address[1] ; lpm_rom:lpm_rom_component|altrom:srom|q[12]~reg_ra1 ; inclock  ;
; N/A           ; None        ; -0.800 ns ; address[1] ; lpm_rom:lpm_rom_component|altrom:srom|q[13]~reg_ra1 ; inclock  ;
; N/A           ; None        ; -0.800 ns ; address[1] ; lpm_rom:lpm_rom_component|altrom:srom|q[14]~reg_ra1 ; inclock  ;
; N/A           ; None        ; -0.800 ns ; address[1] ; lpm_rom:lpm_rom_component|altrom:srom|q[15]~reg_ra1 ; inclock  ;
; N/A           ; None        ; -0.800 ns ; address[0] ; lpm_rom:lpm_rom_component|altrom:srom|q[0]~reg_ra0  ; inclock  ;
; N/A           ; None        ; -0.800 ns ; address[0] ; lpm_rom:lpm_rom_component|altrom:srom|q[1]~reg_ra0  ; inclock  ;
; N/A           ; None        ; -0.800 ns ; address[0] ; lpm_rom:lpm_rom_component|altrom:srom|q[2]~reg_ra0  ; inclock  ;
; N/A           ; None        ; -0.800 ns ; address[0] ; lpm_rom:lpm_rom_component|altrom:srom|q[3]~reg_ra0  ; inclock  ;
; N/A           ; None        ; -0.800 ns ; address[0] ; lpm_rom:lpm_rom_component|altrom:srom|q[4]~reg_ra0  ; inclock  ;
; N/A           ; None        ; -0.800 ns ; address[0] ; lpm_rom:lpm_rom_component|altrom:srom|q[5]~reg_ra0  ; inclock  ;
; N/A           ; None        ; -0.800 ns ; address[0] ; lpm_rom:lpm_rom_component|altrom:srom|q[6]~reg_ra0  ; inclock  ;
; N/A           ; None        ; -0.800 ns ; address[0] ; lpm_rom:lpm_rom_component|altrom:srom|q[7]~reg_ra0  ; inclock  ;
; N/A           ; None        ; -0.800 ns ; address[0] ; lpm_rom:lpm_rom_component|altrom:srom|q[8]~reg_ra0  ; inclock  ;
; N/A           ; None        ; -0.800 ns ; address[0] ; lpm_rom:lpm_rom_component|altrom:srom|q[9]~reg_ra0  ; inclock  ;
; N/A           ; None        ; -0.800 ns ; address[0] ; lpm_rom:lpm_rom_component|altrom:srom|q[10]~reg_ra0 ; inclock  ;
; N/A           ; None        ; -0.800 ns ; address[0] ; lpm_rom:lpm_rom_component|altrom:srom|q[11]~reg_ra0 ; inclock  ;
; N/A           ; None        ; -0.800 ns ; address[0] ; lpm_rom:lpm_rom_component|altrom:srom|q[12]~reg_ra0 ; inclock  ;
; N/A           ; None        ; -0.800 ns ; address[0] ; lpm_rom:lpm_rom_component|altrom:srom|q[13]~reg_ra0 ; inclock  ;
; N/A           ; None        ; -0.800 ns ; address[0] ; lpm_rom:lpm_rom_component|altrom:srom|q[14]~reg_ra0 ; inclock  ;
; N/A           ; None        ; -0.800 ns ; address[0] ; lpm_rom:lpm_rom_component|altrom:srom|q[15]~reg_ra0 ; inclock  ;
; N/A           ; None        ; -5.400 ns ; address[6] ; lpm_rom:lpm_rom_component|altrom:srom|q[1]~reg_ra6  ; inclock  ;
; N/A           ; None        ; -5.400 ns ; address[6] ; lpm_rom:lpm_rom_component|altrom:srom|q[2]~reg_ra6  ; inclock  ;
; N/A           ; None        ; -5.400 ns ; address[6] ; lpm_rom:lpm_rom_component|altrom:srom|q[3]~reg_ra6  ; inclock  ;
; N/A           ; None        ; -5.400 ns ; address[6] ; lpm_rom:lpm_rom_component|altrom:srom|q[4]~reg_ra6  ; inclock  ;
; N/A           ; None        ; -5.400 ns ; address[6] ; lpm_rom:lpm_rom_component|altrom:srom|q[5]~reg_ra6  ; inclock  ;
; N/A           ; None        ; -5.400 ns ; address[6] ; lpm_rom:lpm_rom_component|altrom:srom|q[6]~reg_ra6  ; inclock  ;
; N/A           ; None        ; -5.400 ns ; address[6] ; lpm_rom:lpm_rom_component|altrom:srom|q[7]~reg_ra6  ; inclock  ;
; N/A           ; None        ; -5.400 ns ; address[6] ; lpm_rom:lpm_rom_component|altrom:srom|q[8]~reg_ra6  ; inclock  ;
; N/A           ; None        ; -5.400 ns ; address[5] ; lpm_rom:lpm_rom_component|altrom:srom|q[1]~reg_ra5  ; inclock  ;
; N/A           ; None        ; -5.400 ns ; address[5] ; lpm_rom:lpm_rom_component|altrom:srom|q[2]~reg_ra5  ; inclock  ;
; N/A           ; None        ; -5.400 ns ; address[5] ; lpm_rom:lpm_rom_component|altrom:srom|q[3]~reg_ra5  ; inclock  ;
; N/A           ; None        ; -5.400 ns ; address[5] ; lpm_rom:lpm_rom_component|altrom:srom|q[4]~reg_ra5  ; inclock  ;
; N/A           ; None        ; -5.400 ns ; address[5] ; lpm_rom:lpm_rom_component|altrom:srom|q[5]~reg_ra5  ; inclock  ;
; N/A           ; None        ; -5.400 ns ; address[5] ; lpm_rom:lpm_rom_component|altrom:srom|q[6]~reg_ra5  ; inclock  ;
; N/A           ; None        ; -5.400 ns ; address[5] ; lpm_rom:lpm_rom_component|altrom:srom|q[7]~reg_ra5  ; inclock  ;
; N/A           ; None        ; -5.400 ns ; address[5] ; lpm_rom:lpm_rom_component|altrom:srom|q[8]~reg_ra5  ; inclock  ;
; N/A           ; None        ; -6.900 ns ; address[7] ; lpm_rom:lpm_rom_component|altrom:srom|q[0]~reg_ra7  ; inclock  ;
; N/A           ; None        ; -6.900 ns ; address[7] ; lpm_rom:lpm_rom_component|altrom:srom|q[9]~reg_ra7  ; inclock  ;
; N/A           ; None        ; -6.900 ns ; address[7] ; lpm_rom:lpm_rom_component|altrom:srom|q[10]~reg_ra7 ; inclock  ;
; N/A           ; None        ; -6.900 ns ; address[7] ; lpm_rom:lpm_rom_component|altrom:srom|q[11]~reg_ra7 ; inclock  ;
; N/A           ; None        ; -6.900 ns ; address[7] ; lpm_rom:lpm_rom_component|altrom:srom|q[12]~reg_ra7 ; inclock  ;
; N/A           ; None        ; -6.900 ns ; address[7] ; lpm_rom:lpm_rom_component|altrom:srom|q[13]~reg_ra7 ; inclock  ;
; N/A           ; None        ; -6.900 ns ; address[7] ; lpm_rom:lpm_rom_component|altrom:srom|q[14]~reg_ra7 ; inclock  ;
; N/A           ; None        ; -6.900 ns ; address[7] ; lpm_rom:lpm_rom_component|altrom:srom|q[15]~reg_ra7 ; inclock  ;
; N/A           ; None        ; -7.600 ns ; address[6] ; lpm_rom:lpm_rom_component|altrom:srom|q[0]~reg_ra6  ; inclock  ;
; N/A           ; None        ; -7.600 ns ; address[6] ; lpm_rom:lpm_rom_component|altrom:srom|q[9]~reg_ra6  ; inclock  ;
; N/A           ; None        ; -7.600 ns ; address[6] ; lpm_rom:lpm_rom_component|altrom:srom|q[10]~reg_ra6 ; inclock  ;
; N/A           ; None        ; -7.600 ns ; address[6] ; lpm_rom:lpm_rom_component|altrom:srom|q[11]~reg_ra6 ; inclock  ;
; N/A           ; None        ; -7.600 ns ; address[6] ; lpm_rom:lpm_rom_component|altrom:srom|q[12]~reg_ra6 ; inclock  ;
; N/A           ; None        ; -7.600 ns ; address[6] ; lpm_rom:lpm_rom_component|altrom:srom|q[13]~reg_ra6 ; inclock  ;
; N/A           ; None        ; -7.600 ns ; address[6] ; lpm_rom:lpm_rom_component|altrom:srom|q[14]~reg_ra6 ; inclock  ;
; N/A           ; None        ; -7.600 ns ; address[6] ; lpm_rom:lpm_rom_component|altrom:srom|q[15]~reg_ra6 ; inclock  ;
; N/A           ; None        ; -7.600 ns ; address[5] ; lpm_rom:lpm_rom_component|altrom:srom|q[0]~reg_ra5  ; inclock  ;
; N/A           ; None        ; -7.600 ns ; address[5] ; lpm_rom:lpm_rom_component|altrom:srom|q[9]~reg_ra5  ; inclock  ;
; N/A           ; None        ; -7.600 ns ; address[5] ; lpm_rom:lpm_rom_component|altrom:srom|q[10]~reg_ra5 ; inclock  ;
; N/A           ; None        ; -7.600 ns ; address[5] ; lpm_rom:lpm_rom_component|altrom:srom|q[11]~reg_ra5 ; inclock  ;
; N/A           ; None        ; -7.600 ns ; address[5] ; lpm_rom:lpm_rom_component|altrom:srom|q[12]~reg_ra5 ; inclock  ;
; N/A           ; None        ; -7.600 ns ; address[5] ; lpm_rom:lpm_rom_component|altrom:srom|q[13]~reg_ra5 ; inclock  ;
; N/A           ; None        ; -7.600 ns ; address[5] ; lpm_rom:lpm_rom_component|altrom:srom|q[14]~reg_ra5 ; inclock  ;
; N/A           ; None        ; -7.600 ns ; address[5] ; lpm_rom:lpm_rom_component|altrom:srom|q[15]~reg_ra5 ; inclock  ;
; N/A           ; None        ; -8.000 ns ; address[7] ; lpm_rom:lpm_rom_component|altrom:srom|q[1]~reg_ra7  ; inclock  ;
; N/A           ; None        ; -8.000 ns ; address[7] ; lpm_rom:lpm_rom_component|altrom:srom|q[2]~reg_ra7  ; inclock  ;
; N/A           ; None        ; -8.000 ns ; address[7] ; lpm_rom:lpm_rom_component|altrom:srom|q[3]~reg_ra7  ; inclock  ;
; N/A           ; None        ; -8.000 ns ; address[7] ; lpm_rom:lpm_rom_component|altrom:srom|q[4]~reg_ra7  ; inclock  ;
; N/A           ; None        ; -8.000 ns ; address[7] ; lpm_rom:lpm_rom_component|altrom:srom|q[5]~reg_ra7  ; inclock  ;
; N/A           ; None        ; -8.000 ns ; address[7] ; lpm_rom:lpm_rom_component|altrom:srom|q[6]~reg_ra7  ; inclock  ;
; N/A           ; None        ; -8.000 ns ; address[7] ; lpm_rom:lpm_rom_component|altrom:srom|q[7]~reg_ra7  ; inclock  ;
; N/A           ; None        ; -8.000 ns ; address[7] ; lpm_rom:lpm_rom_component|altrom:srom|q[8]~reg_ra7  ; inclock  ;
+---------------+-------------+-----------+------------+-----------------------------------------------------+----------+


+--------------------------+
; Timing Analyzer Messages ;
+--------------------------+
Info: *******************************************************************
Info: Running Quartus II Classic Timing Analyzer
    Info: Version 9.0 Build 235 06/17/2009 Service Pack 2 SJ Web Edition
    Info: Processing started: Sun Dec 15 16:15:46 2013
Info: Command: quartus_tan --read_settings_files=off --write_settings_files=off ROM -c ROM
Info: Started post-fitting delay annotation
Info: Delay annotation completed successfully
Warning: Found pins functioning as undefined clocks and/or memory enables
    Info: Assuming node "inclock" is an undefined clock
Info: No valid register-to-register data paths exist for clock "inclock"
Info: tsu for memory "lpm_rom:lpm_rom_component|altrom:srom|q[1]~reg_ra7" (data pin = "address[7]", clock pin = "inclock") is 12.300 ns
    Info: + Longest pin to memory delay is 17.500 ns
        Info: 1: + IC(0.000 ns) + CELL(10.300 ns) = 10.300 ns; Loc. = PIN_102; Fanout = 16; PIN Node = 'address[7]'
        Info: 2: + IC(7.200 ns) + CELL(0.000 ns) = 17.500 ns; Loc. = EC2_A; Fanout = 1; MEM Node = 'lpm_rom:lpm_rom_component|altrom:srom|q[1]~reg_ra7'
        Info: Total cell delay = 10.300 ns ( 58.86 % )
        Info: Total interconnect delay = 7.200 ns ( 41.14 % )
    Info: + Micro setup delay of destination is 1.800 ns
    Info: - Shortest clock path from clock "inclock" to destination memory is 7.000 ns
        Info: 1: + IC(0.000 ns) + CELL(2.900 ns) = 2.900 ns; Loc. = PIN_91; Fanout = 128; CLK Node = 'inclock'
        Info: 2: + IC(4.100 ns) + CELL(0.000 ns) = 7.000 ns; Loc. = EC2_A; Fanout = 1; MEM Node = 'lpm_rom:lpm_rom_component|altrom:srom|q[1]~reg_ra7'
        Info: Total cell delay = 2.900 ns ( 41.43 % )
        Info: Total interconnect delay = 4.100 ns ( 58.57 % )
Info: tco from clock "inclock" to destination pin "q[12]" through memory "lpm_rom:lpm_rom_component|altrom:srom|q[12]~reg_ra0" is 36.100 ns
    Info: + Longest clock path from clock "inclock" to source memory is 7.000 ns
        Info: 1: + IC(0.000 ns) + CELL(2.900 ns) = 2.900 ns; Loc. = PIN_91; Fanout = 128; CLK Node = 'inclock'
        Info: 2: + IC(4.100 ns) + CELL(0.000 ns) = 7.000 ns; Loc. = EC2_F; Fanout = 1; MEM Node = 'lpm_rom:lpm_rom_component|altrom:srom|q[12]~reg_ra0'
        Info: Total cell delay = 2.900 ns ( 41.43 % )
        Info: Total interconnect delay = 4.100 ns ( 58.57 % )
    Info: + Micro clock to output delay of source is 0.600 ns
    Info: + Longest memory to pin delay is 28.500 ns
        Info: 1: + IC(0.000 ns) + CELL(0.000 ns) = 0.000 ns; Loc. = EC2_F; Fanout = 1; MEM Node = 'lpm_rom:lpm_rom_component|altrom:srom|q[12]~reg_ra0'
        Info: 2: + IC(0.000 ns) + CELL(10.700 ns) = 10.700 ns; Loc. = EC2_F; Fanout = 1; MEM Node = 'lpm_rom:lpm_rom_component|altrom:srom|q[12]~mem_cell_ra0'
        Info: 3: + IC(0.000 ns) + CELL(2.500 ns) = 13.200 ns; Loc. = EC2_F; Fanout = 1; MEM Node = 'lpm_rom:lpm_rom_component|altrom:srom|q[12]'
        Info: 4: + IC(10.300 ns) + CELL(5.000 ns) = 28.500 ns; Loc. = PIN_173; Fanout = 0; PIN Node = 'q[12]'
        Info: Total cell delay = 18.200 ns ( 63.86 % )
        Info: Total interconnect delay = 10.300 ns ( 36.14 % )
Info: th for memory "lpm_rom:lpm_rom_component|altrom:srom|q[0]~reg_ra4" (data pin = "address[4]", clock pin = "inclock") is -0.800 ns
    Info: + Longest clock path from clock "inclock" to destination memory is 7.000 ns
        Info: 1: + IC(0.000 ns) + CELL(2.900 ns) = 2.900 ns; Loc. = PIN_91; Fanout = 128; CLK Node = 'inclock'
        Info: 2: + IC(4.100 ns) + CELL(0.000 ns) = 7.000 ns; Loc. = EC5_F; Fanout = 1; MEM Node = 'lpm_rom:lpm_rom_component|altrom:srom|q[0]~reg_ra4'
        Info: Total cell delay = 2.900 ns ( 41.43 % )
        Info: Total interconnect delay = 4.100 ns ( 58.57 % )
    Info: + Micro hold delay of destination is 2.500 ns
    Info: - Shortest pin to memory delay is 10.300 ns
        Info: 1: + IC(0.000 ns) + CELL(2.900 ns) = 2.900 ns; Loc. = PIN_211; Fanout = 16; PIN Node = 'address[4]'
        Info: 2: + IC(7.400 ns) + CELL(0.000 ns) = 10.300 ns; Loc. = EC5_F; Fanout = 1; MEM Node = 'lpm_rom:lpm_rom_component|altrom:srom|q[0]~reg_ra4'
        Info: Total cell delay = 2.900 ns ( 28.16 % )
        Info: Total interconnect delay = 7.400 ns ( 71.84 % )
Info: Quartus II Classic Timing Analyzer was successful. 0 errors, 1 warning
    Info: Peak virtual memory: 188 megabytes
    Info: Processing ended: Sun Dec 15 16:15:47 2013
    Info: Elapsed time: 00:00:01
    Info: Total CPU time (on all processors): 00:00:01


