Analysis & Synthesis report for ROM
Sun Dec 15 16:15:37 2013
Quartus II Version 9.0 Build 235 06/17/2009 Service Pack 2 SJ Web Edition


---------------------
; Table of Contents ;
---------------------
  1. Legal Notice
  2. Analysis & Synthesis Summary
  3. Analysis & Synthesis Settings
  4. Analysis & Synthesis Source Files Read
  5. Analysis & Synthesis Resource Usage Summary
  6. Analysis & Synthesis Resource Utilization by Entity
  7. Analysis & Synthesis RAM Summary
  8. General Register Statistics
  9. Parameter Settings for User Entity Instance: lpm_rom:lpm_rom_component
 10. Analysis & Synthesis Messages



----------------
; Legal Notice ;
----------------
Copyright (C) 1991-2009 Altera Corporation
Your use of Altera Corporation's design tools, logic functions 
and other software and tools, and its AMPP partner logic 
functions, and any output files from any of the foregoing 
(including device programming or simulation files), and any 
associated documentation or information are expressly subject 
to the terms and conditions of the Altera Program License 
Subscription Agreement, Altera MegaCore Function License 
Agreement, or other applicable license agreement, including, 
without limitation, that your use is for the sole purpose of 
programming logic devices manufactured by Altera and sold by 
Altera or its authorized distributors.  Please refer to the 
applicable agreement for further details.



+----------------------------------------------------------------------------+
; Analysis & Synthesis Summary                                               ;
+-----------------------------+----------------------------------------------+
; Analysis & Synthesis Status ; Successful - Sun Dec 15 16:15:37 2013        ;
; Quartus II Version          ; 9.0 Build 235 06/17/2009 SP 2 SJ Web Edition ;
; Revision Name               ; ROM                                          ;
; Top-level Entity Name       ; ROM                                          ;
; Family                      ; FLEX10K                                      ;
; Total logic elements        ; 0                                            ;
; Total pins                  ; 25                                           ;
; Total memory bits           ; 4,096                                        ;
+-----------------------------+----------------------------------------------+


+------------------------------------------------------------------------------------------------+
; Analysis & Synthesis Settings                                                                  ;
+--------------------------------------------------------------+-----------------+---------------+
; Option                                                       ; Setting         ; Default Value ;
+--------------------------------------------------------------+-----------------+---------------+
; Device                                                       ; EPF10K70RC240-4 ;               ;
; Top-level entity name                                        ; ROM             ; ROM           ;
; Family name                                                  ; FLEX10K         ; Stratix II    ;
; Use Generated Physical Constraints File                      ; Off             ;               ;
; Use smart compilation                                        ; Off             ; Off           ;
; Create Debugging Nodes for IP Cores                          ; Off             ; Off           ;
; Preserve fewer node names                                    ; On              ; On            ;
; Disable OpenCore Plus hardware evaluation                    ; Off             ; Off           ;
; Verilog Version                                              ; Verilog_2001    ; Verilog_2001  ;
; VHDL Version                                                 ; VHDL93          ; VHDL93        ;
; State Machine Processing                                     ; Auto            ; Auto          ;
; Safe State Machine                                           ; Off             ; Off           ;
; Extract Verilog State Machines                               ; On              ; On            ;
; Extract VHDL State Machines                                  ; On              ; On            ;
; Ignore Verilog initial constructs                            ; Off             ; Off           ;
; Iteration limit for constant Verilog loops                   ; 5000            ; 5000          ;
; Iteration limit for non-constant Verilog loops               ; 250             ; 250           ;
; Add Pass-Through Logic to Inferred RAMs                      ; On              ; On            ;
; Parallel Synthesis                                           ; Off             ; Off           ;
; NOT Gate Push-Back                                           ; On              ; On            ;
; Power-Up Don't Care                                          ; On              ; On            ;
; Remove Redundant Logic Cells                                 ; Off             ; Off           ;
; Remove Duplicate Registers                                   ; On              ; On            ;
; Ignore CARRY Buffers                                         ; Off             ; Off           ;
; Ignore CASCADE Buffers                                       ; Off             ; Off           ;
; Ignore GLOBAL Buffers                                        ; Off             ; Off           ;
; Ignore ROW GLOBAL Buffers                                    ; Off             ; Off           ;
; Ignore LCELL Buffers                                         ; Off             ; Off           ;
; Ignore SOFT Buffers                                          ; On              ; On            ;
; Limit AHDL Integers to 32 Bits                               ; Off             ; Off           ;
; Auto Implement in ROM                                        ; Off             ; Off           ;
; Optimization Technique                                       ; Area            ; Area          ;
; Carry Chain Length                                           ; 32              ; 32            ;
; Cascade Chain Length                                         ; 2               ; 2             ;
; Auto Carry Chains                                            ; On              ; On            ;
; Auto Open-Drain Pins                                         ; On              ; On            ;
; Auto ROM Replacement                                         ; On              ; On            ;
; Auto RAM Replacement                                         ; On              ; On            ;
; Auto Clock Enable Replacement                                ; On              ; On            ;
; Strict RAM Replacement                                       ; Off             ; Off           ;
; Auto Resource Sharing                                        ; Off             ; Off           ;
; Allow Any RAM Size For Recognition                           ; Off             ; Off           ;
; Allow Any ROM Size For Recognition                           ; Off             ; Off           ;
; Use LogicLock Constraints during Resource Balancing          ; On              ; On            ;
; Ignore translate_off and synthesis_off directives            ; Off             ; Off           ;
; Show Parameter Settings Tables in Synthesis Report           ; On              ; On            ;
; HDL message level                                            ; Level2          ; Level2        ;
; Suppress Register Optimization Related Messages              ; Off             ; Off           ;
; Number of Removed Registers Reported in Synthesis Report     ; 100             ; 100           ;
; Number of Inverted Registers Reported in Synthesis Report    ; 100             ; 100           ;
; Block Design Naming                                          ; Auto            ; Auto          ;
; Synthesis Effort                                             ; Auto            ; Auto          ;
; Shift Register Replacement - Allow Asynchronous Clear Signal ; On              ; On            ;
; Analysis & Synthesis Message Level                           ; Medium          ; Medium        ;
+--------------------------------------------------------------+-----------------+---------------+


+---------------------------------------------------------------------------------------------------------------------------------------------------------------------------------------------------------------------------------------------+
; Analysis & Synthesis Source Files Read                                                                                                                                                                                                      ;
+---------------------------------------------------------------+-----------------+----------------------------------------+------------------------------------------------------------------------------------------------------------------+
; File Name with User-Entered Path                              ; Used in Netlist ; File Type                              ; File Name with Absolute Path                                                                                     ;
+---------------------------------------------------------------+-----------------+----------------------------------------+------------------------------------------------------------------------------------------------------------------+
; ROM.vhd                                                       ; yes             ; User Wizard-Generated File             ; C:/Users/Derek Nordgren/Documents/GitHub/284Processor/ROM/ROM.vhd                                                ;
; lpm_rom.tdf                                                   ; yes             ; Megafunction                           ; c:/altera/90sp2/quartus/libraries/megafunctions/lpm_rom.tdf                                                      ;
; altrom.inc                                                    ; yes             ; Megafunction                           ; c:/altera/90sp2/quartus/libraries/megafunctions/altrom.inc                                                       ;
; aglobal90.inc                                                 ; yes             ; Megafunction                           ; c:/altera/90sp2/quartus/libraries/megafunctions/aglobal90.inc                                                    ;
; altrom.tdf                                                    ; yes             ; Megafunction                           ; c:/altera/90sp2/quartus/libraries/megafunctions/altrom.tdf                                                       ;
; memmodes.inc                                                  ; yes             ; Megafunction                           ; c:/altera/90sp2/quartus/libraries/others/maxplus2/memmodes.inc                                                   ;
; lpm_decode.inc                                                ; yes             ; Megafunction                           ; c:/altera/90sp2/quartus/libraries/megafunctions/lpm_decode.inc                                                   ;
; lpm_mux.inc                                                   ; yes             ; Megafunction                           ; c:/altera/90sp2/quartus/libraries/megafunctions/lpm_mux.inc                                                      ;
; altqpram.inc                                                  ; yes             ; Megafunction                           ; c:/altera/90sp2/quartus/libraries/megafunctions/altqpram.inc                                                     ;
; altsyncram.inc                                                ; yes             ; Megafunction                           ; c:/altera/90sp2/quartus/libraries/megafunctions/altsyncram.inc                                                   ;
; ../ProcessorAssembler/ProcessorAssembler/bin/Debug/output.mif ; yes             ; Auto-Found Memory Initialization File  ; C:/Users/Derek Nordgren/Documents/GitHub/284Processor/ProcessorAssembler/ProcessorAssembler/bin/Debug/output.mif ;
+---------------------------------------------------------------+-----------------+----------------------------------------+------------------------------------------------------------------------------------------------------------------+


+---------------------------------------------+
; Analysis & Synthesis Resource Usage Summary ;
+--------------------------------+------------+
; Resource                       ; Usage      ;
+--------------------------------+------------+
; Total logic elements           ; 0          ;
; Total combinational functions  ; 0          ;
;     -- Total 4-input functions ; 0          ;
;     -- Total 3-input functions ; 0          ;
;     -- Total 2-input functions ; 0          ;
;     -- Total 1-input functions ; 0          ;
;     -- Total 0-input functions ; 0          ;
; Total registers                ; 0          ;
; I/O pins                       ; 25         ;
; Total memory bits              ; 4096       ;
; Maximum fan-out node           ; inclock    ;
; Maximum fan-out                ; 16         ;
; Total fan-out                  ; 160        ;
; Average fan-out                ; 3.90       ;
+--------------------------------+------------+


+-----------------------------------------------------------------------------------------------------------------------------------------------------------------------------------------------------------------------------------+
; Analysis & Synthesis Resource Utilization by Entity                                                                                                                                                                               ;
+--------------------------------+-------------+--------------+-------------+------+--------------+-------------------+------------------+-----------------+------------+--------------------------------------------+--------------+
; Compilation Hierarchy Node     ; Logic Cells ; LC Registers ; Memory Bits ; Pins ; LUT-Only LCs ; Register-Only LCs ; LUT/Register LCs ; Carry Chain LCs ; Packed LCs ; Full Hierarchy Name                        ; Library Name ;
+--------------------------------+-------------+--------------+-------------+------+--------------+-------------------+------------------+-----------------+------------+--------------------------------------------+--------------+
; |ROM                           ; 0 (0)       ; 0            ; 4096        ; 25   ; 0 (0)        ; 0 (0)             ; 0 (0)            ; 0 (0)           ; 0 (0)      ; |ROM                                       ; work         ;
;    |lpm_rom:lpm_rom_component| ; 0 (0)       ; 0            ; 4096        ; 0    ; 0 (0)        ; 0 (0)             ; 0 (0)            ; 0 (0)           ; 0 (0)      ; |ROM|lpm_rom:lpm_rom_component             ; work         ;
;       |altrom:srom|            ; 0 (0)       ; 0            ; 4096        ; 0    ; 0 (0)        ; 0 (0)             ; 0 (0)            ; 0 (0)           ; 0 (0)      ; |ROM|lpm_rom:lpm_rom_component|altrom:srom ; work         ;
+--------------------------------+-------------+--------------+-------------+------+--------------+-------------------+------------------+-----------------+------------+--------------------------------------------+--------------+
Note: For table entries with two numbers listed, the numbers in parentheses indicate the number of resources of the given type used by the specific entity alone. The numbers listed outside of parentheses indicate the total resources of the given type used by the specific entity and all of its sub-entities in the hierarchy.


+-----------------------------------------------------------------------------------------------------------------------------------------------------------------------------------------+
; Analysis & Synthesis RAM Summary                                                                                                                                                        ;
+-----------------------------------------------+------+--------------+--------------+--------------+--------------+------+---------------------------------------------------------------+
; Name                                          ; Mode ; Port A Depth ; Port A Width ; Port B Depth ; Port B Width ; Size ; MIF                                                           ;
+-----------------------------------------------+------+--------------+--------------+--------------+--------------+------+---------------------------------------------------------------+
; lpm_rom:lpm_rom_component|altrom:srom|content ; ROM  ; 256          ; 16           ; --           ; --           ; 4096 ; ../ProcessorAssembler/ProcessorAssembler/bin/Debug/output.mif ;
+-----------------------------------------------+------+--------------+--------------+--------------+--------------+------+---------------------------------------------------------------+


+------------------------------------------------------+
; General Register Statistics                          ;
+----------------------------------------------+-------+
; Statistic                                    ; Value ;
+----------------------------------------------+-------+
; Total registers                              ; 0     ;
; Number of registers using Synchronous Clear  ; 0     ;
; Number of registers using Synchronous Load   ; 0     ;
; Number of registers using Asynchronous Clear ; 0     ;
; Number of registers using Asynchronous Load  ; 0     ;
; Number of registers using Clock Enable       ; 0     ;
; Number of registers using Preset             ; 0     ;
+----------------------------------------------+-------+


+---------------------------------------------------------------------------------------------------------+
; Parameter Settings for User Entity Instance: lpm_rom:lpm_rom_component                                  ;
+------------------------+---------------------------------------------------------------+----------------+
; Parameter Name         ; Value                                                         ; Type           ;
+------------------------+---------------------------------------------------------------+----------------+
; LPM_WIDTH              ; 16                                                            ; Signed Integer ;
; LPM_WIDTHAD            ; 8                                                             ; Signed Integer ;
; LPM_NUMWORDS           ; 256                                                           ; Untyped        ;
; LPM_ADDRESS_CONTROL    ; REGISTERED                                                    ; Untyped        ;
; LPM_OUTDATA            ; UNREGISTERED                                                  ; Untyped        ;
; LPM_FILE               ; ../ProcessorAssembler/ProcessorAssembler/bin/Debug/output.mif ; Untyped        ;
; DEVICE_FAMILY          ; FLEX10K                                                       ; Untyped        ;
; AUTO_CARRY_CHAINS      ; ON                                                            ; AUTO_CARRY     ;
; IGNORE_CARRY_BUFFERS   ; OFF                                                           ; IGNORE_CARRY   ;
; AUTO_CASCADE_CHAINS    ; ON                                                            ; AUTO_CASCADE   ;
; IGNORE_CASCADE_BUFFERS ; OFF                                                           ; IGNORE_CASCADE ;
+------------------------+---------------------------------------------------------------+----------------+
Note: In order to hide this table in the UI and the text report file, please set the "Show Parameter Settings Tables in Synthesis Report" option in "Analysis and Synthesis Settings -> More Settings" to "Off".


+-------------------------------+
; Analysis & Synthesis Messages ;
+-------------------------------+
Info: *******************************************************************
Info: Running Quartus II Analysis & Synthesis
    Info: Version 9.0 Build 235 06/17/2009 Service Pack 2 SJ Web Edition
    Info: Processing started: Sun Dec 15 16:15:35 2013
Info: Command: quartus_map --read_settings_files=on --write_settings_files=off ROM -c ROM
Info: Found 2 design units, including 1 entities, in source file ROM.vhd
    Info: Found design unit 1: rom-SYN
    Info: Found entity 1: ROM
Info: Elaborating entity "ROM" for the top level hierarchy
Info: Elaborating entity "lpm_rom" for hierarchy "lpm_rom:lpm_rom_component"
Info: Elaborated megafunction instantiation "lpm_rom:lpm_rom_component"
Info: Instantiated megafunction "lpm_rom:lpm_rom_component" with the following parameter:
    Info: Parameter "intended_device_family" = "FLEX10K"
    Info: Parameter "lpm_address_control" = "REGISTERED"
    Info: Parameter "lpm_file" = "../ProcessorAssembler/ProcessorAssembler/bin/Debug/output.mif"
    Info: Parameter "lpm_outdata" = "UNREGISTERED"
    Info: Parameter "lpm_type" = "LPM_ROM"
    Info: Parameter "lpm_width" = "16"
    Info: Parameter "lpm_widthad" = "8"
Info: Elaborating entity "altrom" for hierarchy "lpm_rom:lpm_rom_component|altrom:srom"
Warning: 14 out of 256 addresses are reinitialized. The latest initialized data will replace the existing data. There are 14 warnings found, and 10 warnings are reported.
    Warning: Memory Initialization File address 0 is reinitialized
    Warning: Memory Initialization File address 1 is reinitialized
    Warning: Memory Initialization File address 2 is reinitialized
    Warning: Memory Initialization File address 3 is reinitialized
    Warning: Memory Initialization File address 4 is reinitialized
    Warning: Memory Initialization File address 5 is reinitialized
    Warning: Memory Initialization File address 6 is reinitialized
    Warning: Memory Initialization File address 7 is reinitialized
    Warning: Memory Initialization File address 8 is reinitialized
    Warning: Memory Initialization File address 9 is reinitialized
Info: Elaborated megafunction instantiation "lpm_rom:lpm_rom_component|altrom:srom", which is child of megafunction instantiation "lpm_rom:lpm_rom_component"
Warning: Always-enabled tri-state buffer(s) removed
    Warning: Converted the fanout from the always-enabled tri-state buffer "lpm_rom:lpm_rom_component|otri[0]" to the node "q[0]" into a wire
    Warning: Converted the fanout from the always-enabled tri-state buffer "lpm_rom:lpm_rom_component|otri[1]" to the node "q[1]" into a wire
    Warning: Converted the fanout from the always-enabled tri-state buffer "lpm_rom:lpm_rom_component|otri[2]" to the node "q[2]" into a wire
    Warning: Converted the fanout from the always-enabled tri-state buffer "lpm_rom:lpm_rom_component|otri[3]" to the node "q[3]" into a wire
    Warning: Converted the fanout from the always-enabled tri-state buffer "lpm_rom:lpm_rom_component|otri[4]" to the node "q[4]" into a wire
    Warning: Converted the fanout from the always-enabled tri-state buffer "lpm_rom:lpm_rom_component|otri[5]" to the node "q[5]" into a wire
    Warning: Converted the fanout from the always-enabled tri-state buffer "lpm_rom:lpm_rom_component|otri[6]" to the node "q[6]" into a wire
    Warning: Converted the fanout from the always-enabled tri-state buffer "lpm_rom:lpm_rom_component|otri[7]" to the node "q[7]" into a wire
    Warning: Converted the fanout from the always-enabled tri-state buffer "lpm_rom:lpm_rom_component|otri[8]" to the node "q[8]" into a wire
    Warning: Converted the fanout from the always-enabled tri-state buffer "lpm_rom:lpm_rom_component|otri[9]" to the node "q[9]" into a wire
    Warning: Converted the fanout from the always-enabled tri-state buffer "lpm_rom:lpm_rom_component|otri[10]" to the node "q[10]" into a wire
    Warning: Converted the fanout from the always-enabled tri-state buffer "lpm_rom:lpm_rom_component|otri[11]" to the node "q[11]" into a wire
    Warning: Converted the fanout from the always-enabled tri-state buffer "lpm_rom:lpm_rom_component|otri[12]" to the node "q[12]" into a wire
    Warning: Converted the fanout from the always-enabled tri-state buffer "lpm_rom:lpm_rom_component|otri[13]" to the node "q[13]" into a wire
    Warning: Converted the fanout from the always-enabled tri-state buffer "lpm_rom:lpm_rom_component|otri[14]" to the node "q[14]" into a wire
    Warning: Converted the fanout from the always-enabled tri-state buffer "lpm_rom:lpm_rom_component|otri[15]" to the node "q[15]" into a wire
Info: Implemented 41 device resources after synthesis - the final resource count might be different
    Info: Implemented 9 input pins
    Info: Implemented 16 output pins
    Info: Implemented 16 RAM segments
Info: Quartus II Analysis & Synthesis was successful. 0 errors, 28 warnings
    Info: Peak virtual memory: 243 megabytes
    Info: Processing ended: Sun Dec 15 16:15:37 2013
    Info: Elapsed time: 00:00:02
    Info: Total CPU time (on all processors): 00:00:02


