Analysis & Synthesis report for processor
Wed Dec 18 00:07:22 2013
Quartus II Version 9.0 Build 235 06/17/2009 Service Pack 2 SJ Web Edition


---------------------
; Table of Contents ;
---------------------
  1. Legal Notice
  2. Analysis & Synthesis Summary
  3. Analysis & Synthesis Settings
  4. Analysis & Synthesis Source Files Read
  5. Analysis & Synthesis Resource Usage Summary
  6. Analysis & Synthesis Resource Utilization by Entity
  7. Analysis & Synthesis RAM Summary
  8. General Register Statistics
  9. Inverted Register Statistics
 10. Source assignments for PC:inst3|lpm_counter:pre_count_rtl_0
 11. Parameter Settings for User Entity Instance: lpm_rom0:inst10|lpm_rom:lpm_rom_component
 12. Parameter Settings for Inferred Entity Instance: PC:inst3|lpm_counter:pre_count_rtl_0
 13. Analysis & Synthesis Messages



----------------
; Legal Notice ;
----------------
Copyright (C) 1991-2009 Altera Corporation
Your use of Altera Corporation's design tools, logic functions 
and other software and tools, and its AMPP partner logic 
functions, and any output files from any of the foregoing 
(including device programming or simulation files), and any 
associated documentation or information are expressly subject 
to the terms and conditions of the Altera Program License 
Subscription Agreement, Altera MegaCore Function License 
Agreement, or other applicable license agreement, including, 
without limitation, that your use is for the sole purpose of 
programming logic devices manufactured by Altera and sold by 
Altera or its authorized distributors.  Please refer to the 
applicable agreement for further details.



+----------------------------------------------------------------------------+
; Analysis & Synthesis Summary                                               ;
+-----------------------------+----------------------------------------------+
; Analysis & Synthesis Status ; Successful - Wed Dec 18 00:07:22 2013        ;
; Quartus II Version          ; 9.0 Build 235 06/17/2009 SP 2 SJ Web Edition ;
; Revision Name               ; processor                                    ;
; Top-level Entity Name       ; processor                                    ;
; Family                      ; FLEX10K                                      ;
; Total logic elements        ; 16                                           ;
; Total pins                  ; 31                                           ;
; Total memory bits           ; 4,096                                        ;
+-----------------------------+----------------------------------------------+


+------------------------------------------------------------------------------------------------+
; Analysis & Synthesis Settings                                                                  ;
+--------------------------------------------------------------+-----------------+---------------+
; Option                                                       ; Setting         ; Default Value ;
+--------------------------------------------------------------+-----------------+---------------+
; Device                                                       ; EPF10K70RC240-4 ;               ;
; Top-level entity name                                        ; processor       ; processor     ;
; Family name                                                  ; FLEX10K         ; Stratix II    ;
; Use Generated Physical Constraints File                      ; Off             ;               ;
; Use smart compilation                                        ; Off             ; Off           ;
; Create Debugging Nodes for IP Cores                          ; Off             ; Off           ;
; Preserve fewer node names                                    ; On              ; On            ;
; Disable OpenCore Plus hardware evaluation                    ; Off             ; Off           ;
; Verilog Version                                              ; Verilog_2001    ; Verilog_2001  ;
; VHDL Version                                                 ; VHDL93          ; VHDL93        ;
; State Machine Processing                                     ; Auto            ; Auto          ;
; Safe State Machine                                           ; Off             ; Off           ;
; Extract Verilog State Machines                               ; On              ; On            ;
; Extract VHDL State Machines                                  ; On              ; On            ;
; Ignore Verilog initial constructs                            ; Off             ; Off           ;
; Iteration limit for constant Verilog loops                   ; 5000            ; 5000          ;
; Iteration limit for non-constant Verilog loops               ; 250             ; 250           ;
; Add Pass-Through Logic to Inferred RAMs                      ; On              ; On            ;
; Parallel Synthesis                                           ; Off             ; Off           ;
; NOT Gate Push-Back                                           ; On              ; On            ;
; Power-Up Don't Care                                          ; On              ; On            ;
; Remove Redundant Logic Cells                                 ; Off             ; Off           ;
; Remove Duplicate Registers                                   ; On              ; On            ;
; Ignore CARRY Buffers                                         ; Off             ; Off           ;
; Ignore CASCADE Buffers                                       ; Off             ; Off           ;
; Ignore GLOBAL Buffers                                        ; Off             ; Off           ;
; Ignore ROW GLOBAL Buffers                                    ; Off             ; Off           ;
; Ignore LCELL Buffers                                         ; Off             ; Off           ;
; Ignore SOFT Buffers                                          ; On              ; On            ;
; Limit AHDL Integers to 32 Bits                               ; Off             ; Off           ;
; Auto Implement in ROM                                        ; Off             ; Off           ;
; Optimization Technique                                       ; Area            ; Area          ;
; Carry Chain Length                                           ; 32              ; 32            ;
; Cascade Chain Length                                         ; 2               ; 2             ;
; Auto Carry Chains                                            ; On              ; On            ;
; Auto Open-Drain Pins                                         ; On              ; On            ;
; Auto ROM Replacement                                         ; On              ; On            ;
; Auto RAM Replacement                                         ; On              ; On            ;
; Auto Clock Enable Replacement                                ; On              ; On            ;
; Strict RAM Replacement                                       ; Off             ; Off           ;
; Auto Resource Sharing                                        ; Off             ; Off           ;
; Allow Any RAM Size For Recognition                           ; Off             ; Off           ;
; Allow Any ROM Size For Recognition                           ; Off             ; Off           ;
; Use LogicLock Constraints during Resource Balancing          ; On              ; On            ;
; Ignore translate_off and synthesis_off directives            ; Off             ; Off           ;
; Show Parameter Settings Tables in Synthesis Report           ; On              ; On            ;
; HDL message level                                            ; Level2          ; Level2        ;
; Suppress Register Optimization Related Messages              ; Off             ; Off           ;
; Number of Removed Registers Reported in Synthesis Report     ; 100             ; 100           ;
; Number of Inverted Registers Reported in Synthesis Report    ; 100             ; 100           ;
; Block Design Naming                                          ; Auto            ; Auto          ;
; Synthesis Effort                                             ; Auto            ; Auto          ;
; Shift Register Replacement - Allow Asynchronous Clear Signal ; On              ; On            ;
; Analysis & Synthesis Message Level                           ; Medium          ; Medium        ;
+--------------------------------------------------------------+-----------------+---------------+


+------------------------------------------------------------------------------------------------------------------------------------------------------------------------------+
; Analysis & Synthesis Source Files Read                                                                                                                                       ;
+----------------------------------+-----------------+------------------------------------+------------------------------------------------------------------------------------+
; File Name with User-Entered Path ; Used in Netlist ; File Type                          ; File Name with Absolute Path                                                       ;
+----------------------------------+-----------------+------------------------------------+------------------------------------------------------------------------------------+
; addOne.vhd                       ; yes             ; User VHDL File                     ; C:/Users/Derek Nordgren/Documents/GitHub/284Processor/Processor/addOne.vhd         ;
; clock_splitter.vhd               ; yes             ; User VHDL File                     ; C:/Users/Derek Nordgren/Documents/GitHub/284Processor/Processor/clock_splitter.vhd ;
; clock1hz.vhd                     ; yes             ; User VHDL File                     ; C:/Users/Derek Nordgren/Documents/GitHub/284Processor/Processor/clock1hz.vhd       ;
; controller.vhd                   ; yes             ; User VHDL File                     ; C:/Users/Derek Nordgren/Documents/GitHub/284Processor/Processor/controller.vhd     ;
; decoder.vhd                      ; yes             ; User VHDL File                     ; C:/Users/Derek Nordgren/Documents/GitHub/284Processor/Processor/decoder.vhd        ;
; PC.vhd                           ; yes             ; User VHDL File                     ; C:/Users/Derek Nordgren/Documents/GitHub/284Processor/Processor/PC.vhd             ;
; sign_ext.vhd                     ; yes             ; User VHDL File                     ; C:/Users/Derek Nordgren/Documents/GitHub/284Processor/Processor/sign_ext.vhd       ;
; processor.bdf                    ; yes             ; User Block Diagram/Schematic File  ; C:/Users/Derek Nordgren/Documents/GitHub/284Processor/Processor/processor.bdf      ;
; ../ROM/lpm_rom0.vhd              ; yes             ; User Wizard-Generated File         ; C:/Users/Derek Nordgren/Documents/GitHub/284Processor/ROM/lpm_rom0.vhd             ;
; lpm_rom.tdf                      ; yes             ; Megafunction                       ; c:/altera/90sp2/quartus/libraries/megafunctions/lpm_rom.tdf                        ;
; altrom.inc                       ; yes             ; Megafunction                       ; c:/altera/90sp2/quartus/libraries/megafunctions/altrom.inc                         ;
; aglobal90.inc                    ; yes             ; Megafunction                       ; c:/altera/90sp2/quartus/libraries/megafunctions/aglobal90.inc                      ;
; altrom.tdf                       ; yes             ; Megafunction                       ; c:/altera/90sp2/quartus/libraries/megafunctions/altrom.tdf                         ;
; memmodes.inc                     ; yes             ; Megafunction                       ; c:/altera/90sp2/quartus/libraries/others/maxplus2/memmodes.inc                     ;
; lpm_decode.inc                   ; yes             ; Megafunction                       ; c:/altera/90sp2/quartus/libraries/megafunctions/lpm_decode.inc                     ;
; lpm_mux.inc                      ; yes             ; Megafunction                       ; c:/altera/90sp2/quartus/libraries/megafunctions/lpm_mux.inc                        ;
; altqpram.inc                     ; yes             ; Megafunction                       ; c:/altera/90sp2/quartus/libraries/megafunctions/altqpram.inc                       ;
; altsyncram.inc                   ; yes             ; Megafunction                       ; c:/altera/90sp2/quartus/libraries/megafunctions/altsyncram.inc                     ;
; lpm_counter.tdf                  ; yes             ; Megafunction                       ; c:/altera/90sp2/quartus/libraries/megafunctions/lpm_counter.tdf                    ;
; lpm_constant.inc                 ; yes             ; Megafunction                       ; c:/altera/90sp2/quartus/libraries/megafunctions/lpm_constant.inc                   ;
; lpm_add_sub.inc                  ; yes             ; Megafunction                       ; c:/altera/90sp2/quartus/libraries/megafunctions/lpm_add_sub.inc                    ;
; cmpconst.inc                     ; yes             ; Megafunction                       ; c:/altera/90sp2/quartus/libraries/megafunctions/cmpconst.inc                       ;
; lpm_compare.inc                  ; yes             ; Megafunction                       ; c:/altera/90sp2/quartus/libraries/megafunctions/lpm_compare.inc                    ;
; lpm_counter.inc                  ; yes             ; Megafunction                       ; c:/altera/90sp2/quartus/libraries/megafunctions/lpm_counter.inc                    ;
; dffeea.inc                       ; yes             ; Megafunction                       ; c:/altera/90sp2/quartus/libraries/megafunctions/dffeea.inc                         ;
; alt_synch_counter.inc            ; yes             ; Megafunction                       ; c:/altera/90sp2/quartus/libraries/megafunctions/alt_synch_counter.inc              ;
; alt_synch_counter_f.inc          ; yes             ; Megafunction                       ; c:/altera/90sp2/quartus/libraries/megafunctions/alt_synch_counter_f.inc            ;
; alt_counter_f10ke.inc            ; yes             ; Megafunction                       ; c:/altera/90sp2/quartus/libraries/megafunctions/alt_counter_f10ke.inc              ;
; alt_counter_stratix.inc          ; yes             ; Megafunction                       ; c:/altera/90sp2/quartus/libraries/megafunctions/alt_counter_stratix.inc            ;
; alt_counter_f10ke.tdf            ; yes             ; Megafunction                       ; c:/altera/90sp2/quartus/libraries/megafunctions/alt_counter_f10ke.tdf              ;
; flex10ke_lcell.inc               ; yes             ; Megafunction                       ; c:/altera/90sp2/quartus/libraries/megafunctions/flex10ke_lcell.inc                 ;
+----------------------------------+-----------------+------------------------------------+------------------------------------------------------------------------------------+


+-------------------------------------------------------------------------------------------------------------------------+
; Analysis & Synthesis Resource Usage Summary                                                                             ;
+-----------------------------------+-------------------------------------------------------------------------------------+
; Resource                          ; Usage                                                                               ;
+-----------------------------------+-------------------------------------------------------------------------------------+
; Total logic elements              ; 16                                                                                  ;
; Total combinational functions     ; 16                                                                                  ;
;     -- Total 4-input functions    ; 4                                                                                   ;
;     -- Total 3-input functions    ; 2                                                                                   ;
;     -- Total 2-input functions    ; 0                                                                                   ;
;     -- Total 1-input functions    ; 2                                                                                   ;
;     -- Total 0-input functions    ; 8                                                                                   ;
; Total registers                   ; 11                                                                                  ;
; Total logic cells in carry chains ; 8                                                                                   ;
; I/O pins                          ; 31                                                                                  ;
; Total memory bits                 ; 4096                                                                                ;
; Maximum fan-out node              ; PC:inst3|lpm_counter:pre_count_rtl_0|alt_counter_f10ke:wysi_counter|counter_cell[0] ;
; Maximum fan-out                   ; 17                                                                                  ;
; Total fan-out                     ; 200                                                                                 ;
; Average fan-out                   ; 3.17                                                                                ;
+-----------------------------------+-------------------------------------------------------------------------------------+


+----------------------------------------------------------------------------------------------------------------------------------------------------------------------------------------------------------------------------------------------------------------------------------+
; Analysis & Synthesis Resource Utilization by Entity                                                                                                                                                                                                                              ;
+-------------------------------------------+-------------+--------------+-------------+------+--------------+-------------------+------------------+-----------------+------------+--------------------------------------------------------------------------------+--------------+
; Compilation Hierarchy Node                ; Logic Cells ; LC Registers ; Memory Bits ; Pins ; LUT-Only LCs ; Register-Only LCs ; LUT/Register LCs ; Carry Chain LCs ; Packed LCs ; Full Hierarchy Name                                                            ; Library Name ;
+-------------------------------------------+-------------+--------------+-------------+------+--------------+-------------------+------------------+-----------------+------------+--------------------------------------------------------------------------------+--------------+
; |processor                                ; 16 (0)      ; 11           ; 4096        ; 31   ; 5 (0)        ; 0 (0)             ; 11 (0)           ; 8 (0)           ; 0 (0)      ; |processor                                                                     ; work         ;
;    |PC:inst3|                             ; 8 (0)       ; 8            ; 0           ; 0    ; 0 (0)        ; 0 (0)             ; 8 (0)            ; 8 (0)           ; 0 (0)      ; |processor|PC:inst3                                                            ; work         ;
;       |lpm_counter:pre_count_rtl_0|       ; 8 (0)       ; 8            ; 0           ; 0    ; 0 (0)        ; 0 (0)             ; 8 (0)            ; 8 (0)           ; 0 (0)      ; |processor|PC:inst3|lpm_counter:pre_count_rtl_0                                ; work         ;
;          |alt_counter_f10ke:wysi_counter| ; 8 (8)       ; 8            ; 0           ; 0    ; 0 (0)        ; 0 (0)             ; 8 (8)            ; 8 (8)           ; 0 (0)      ; |processor|PC:inst3|lpm_counter:pre_count_rtl_0|alt_counter_f10ke:wysi_counter ; work         ;
;    |clock_splitter:inst2|                 ; 3 (3)       ; 3            ; 0           ; 0    ; 0 (0)        ; 0 (0)             ; 3 (3)            ; 0 (0)           ; 0 (0)      ; |processor|clock_splitter:inst2                                                ; work         ;
;    |controller:inst12|                    ; 5 (5)       ; 0            ; 0           ; 0    ; 5 (5)        ; 0 (0)             ; 0 (0)            ; 0 (0)           ; 0 (0)      ; |processor|controller:inst12                                                   ; work         ;
;    |lpm_rom0:inst10|                      ; 0 (0)       ; 0            ; 4096        ; 0    ; 0 (0)        ; 0 (0)             ; 0 (0)            ; 0 (0)           ; 0 (0)      ; |processor|lpm_rom0:inst10                                                     ; work         ;
;       |lpm_rom:lpm_rom_component|         ; 0 (0)       ; 0            ; 4096        ; 0    ; 0 (0)        ; 0 (0)             ; 0 (0)            ; 0 (0)           ; 0 (0)      ; |processor|lpm_rom0:inst10|lpm_rom:lpm_rom_component                           ; work         ;
;          |altrom:srom|                    ; 0 (0)       ; 0            ; 4096        ; 0    ; 0 (0)        ; 0 (0)             ; 0 (0)            ; 0 (0)           ; 0 (0)      ; |processor|lpm_rom0:inst10|lpm_rom:lpm_rom_component|altrom:srom               ; work         ;
+-------------------------------------------+-------------+--------------+-------------+------+--------------+-------------------+------------------+-----------------+------------+--------------------------------------------------------------------------------+--------------+
Note: For table entries with two numbers listed, the numbers in parentheses indicate the number of resources of the given type used by the specific entity alone. The numbers listed outside of parentheses indicate the total resources of the given type used by the specific entity and all of its sub-entities in the hierarchy.


+------------------------------------------------------------------------------------------------------------------------------------------------------------------------------------------------+
; Analysis & Synthesis RAM Summary                                                                                                                                                               ;
+---------------------------------------------------------------+------+--------------+--------------+--------------+--------------+------+------------------------------------------------------+
; Name                                                          ; Mode ; Port A Depth ; Port A Width ; Port B Depth ; Port B Width ; Size ; MIF                                                  ;
+---------------------------------------------------------------+------+--------------+--------------+--------------+--------------+------+------------------------------------------------------+
; lpm_rom0:inst10|lpm_rom:lpm_rom_component|altrom:srom|content ; ROM  ; 256          ; 16           ; --           ; --           ; 4096 ; ../Assembler/ProcessorAssembler/bin/Debug/output.mif ;
+---------------------------------------------------------------+------+--------------+--------------+--------------+--------------+------+------------------------------------------------------+


+------------------------------------------------------+
; General Register Statistics                          ;
+----------------------------------------------+-------+
; Statistic                                    ; Value ;
+----------------------------------------------+-------+
; Total registers                              ; 11    ;
; Number of registers using Synchronous Clear  ; 0     ;
; Number of registers using Synchronous Load   ; 0     ;
; Number of registers using Asynchronous Clear ; 0     ;
; Number of registers using Asynchronous Load  ; 0     ;
; Number of registers using Clock Enable       ; 0     ;
; Number of registers using Preset             ; 0     ;
+----------------------------------------------+-------+


+--------------------------------------------------+
; Inverted Register Statistics                     ;
+----------------------------------------+---------+
; Inverted Register                      ; Fan out ;
+----------------------------------------+---------+
; clock_splitter:inst2|counter[0]        ; 2       ;
; Total number of inverted registers = 1 ;         ;
+----------------------------------------+---------+


+-------------------------------------------------------------+
; Source assignments for PC:inst3|lpm_counter:pre_count_rtl_0 ;
+---------------------------+-------+------+------------------+
; Assignment                ; Value ; From ; To               ;
+---------------------------+-------+------+------------------+
; SUPPRESS_DA_RULE_INTERNAL ; a101  ; -    ; -                ;
; SUPPRESS_DA_RULE_INTERNAL ; s102  ; -    ; -                ;
; SUPPRESS_DA_RULE_INTERNAL ; s103  ; -    ; -                ;
+---------------------------+-------+------+------------------+


+------------------------------------------------------------------------------------------------+
; Parameter Settings for User Entity Instance: lpm_rom0:inst10|lpm_rom:lpm_rom_component         ;
+------------------------+------------------------------------------------------+----------------+
; Parameter Name         ; Value                                                ; Type           ;
+------------------------+------------------------------------------------------+----------------+
; LPM_WIDTH              ; 16                                                   ; Signed Integer ;
; LPM_WIDTHAD            ; 8                                                    ; Signed Integer ;
; LPM_NUMWORDS           ; 256                                                  ; Untyped        ;
; LPM_ADDRESS_CONTROL    ; UNREGISTERED                                         ; Untyped        ;
; LPM_OUTDATA            ; UNREGISTERED                                         ; Untyped        ;
; LPM_FILE               ; ../Assembler/ProcessorAssembler/bin/Debug/output.mif ; Untyped        ;
; DEVICE_FAMILY          ; FLEX10K                                              ; Untyped        ;
; AUTO_CARRY_CHAINS      ; ON                                                   ; AUTO_CARRY     ;
; IGNORE_CARRY_BUFFERS   ; OFF                                                  ; IGNORE_CARRY   ;
; AUTO_CASCADE_CHAINS    ; ON                                                   ; AUTO_CASCADE   ;
; IGNORE_CASCADE_BUFFERS ; OFF                                                  ; IGNORE_CASCADE ;
+------------------------+------------------------------------------------------+----------------+
Note: In order to hide this table in the UI and the text report file, please set the "Show Parameter Settings Tables in Synthesis Report" option in "Analysis and Synthesis Settings -> More Settings" to "Off".


+---------------------------------------------------------------------------------------+
; Parameter Settings for Inferred Entity Instance: PC:inst3|lpm_counter:pre_count_rtl_0 ;
+------------------------+-------------------+------------------------------------------+
; Parameter Name         ; Value             ; Type                                     ;
+------------------------+-------------------+------------------------------------------+
; AUTO_CARRY_CHAINS      ; ON                ; AUTO_CARRY                               ;
; IGNORE_CARRY_BUFFERS   ; OFF               ; IGNORE_CARRY                             ;
; AUTO_CASCADE_CHAINS    ; ON                ; AUTO_CASCADE                             ;
; IGNORE_CASCADE_BUFFERS ; OFF               ; IGNORE_CASCADE                           ;
; LPM_WIDTH              ; 8                 ; Untyped                                  ;
; LPM_DIRECTION          ; UP                ; Untyped                                  ;
; LPM_MODULUS            ; 0                 ; Untyped                                  ;
; LPM_AVALUE             ; UNUSED            ; Untyped                                  ;
; LPM_SVALUE             ; UNUSED            ; Untyped                                  ;
; LPM_PORT_UPDOWN        ; PORT_CONNECTIVITY ; Untyped                                  ;
; DEVICE_FAMILY          ; FLEX10K           ; Untyped                                  ;
; CARRY_CHAIN            ; MANUAL            ; Untyped                                  ;
; CARRY_CHAIN_LENGTH     ; 48                ; CARRY_CHAIN_LENGTH                       ;
; NOT_GATE_PUSH_BACK     ; ON                ; NOT_GATE_PUSH_BACK                       ;
; CARRY_CNT_EN           ; SMART             ; Untyped                                  ;
; LABWIDE_SCLR           ; ON                ; Untyped                                  ;
; USE_NEW_VERSION        ; TRUE              ; Untyped                                  ;
; CBXI_PARAMETER         ; NOTHING           ; Untyped                                  ;
+------------------------+-------------------+------------------------------------------+
Note: In order to hide this table in the UI and the text report file, please set the "Show Parameter Settings Tables in Synthesis Report" option in "Analysis and Synthesis Settings -> More Settings" to "Off".


+-------------------------------+
; Analysis & Synthesis Messages ;
+-------------------------------+
Info: *******************************************************************
Info: Running Quartus II Analysis & Synthesis
    Info: Version 9.0 Build 235 06/17/2009 Service Pack 2 SJ Web Edition
    Info: Processing started: Wed Dec 18 00:07:19 2013
Info: Command: quartus_map --read_settings_files=on --write_settings_files=off processor -c processor
Info: Found 2 design units, including 1 entities, in source file addOne.vhd
    Info: Found design unit 1: addOne-behav
    Info: Found entity 1: addOne
Info: Found 2 design units, including 1 entities, in source file ALU.vhd
    Info: Found design unit 1: alu-functions
    Info: Found entity 1: alu
Info: Found 2 design units, including 1 entities, in source file clock_splitter.vhd
    Info: Found design unit 1: clock_splitter-behav
    Info: Found entity 1: clock_splitter
Info: Found 2 design units, including 1 entities, in source file clock1hz.vhd
    Info: Found design unit 1: Clock1Hz-behav
    Info: Found entity 1: Clock1Hz
Info: Found 2 design units, including 1 entities, in source file controller.vhd
    Info: Found design unit 1: controller-functions
    Info: Found entity 1: controller
Info: Found 2 design units, including 1 entities, in source file decoder.vhd
    Info: Found design unit 1: decoder-behav
    Info: Found entity 1: decoder
Info: Found 2 design units, including 1 entities, in source file PC.vhd
    Info: Found design unit 1: PC-behav
    Info: Found entity 1: PC
Info: Found 2 design units, including 1 entities, in source file RAM.vhd
    Info: Found design unit 1: ram-SYN
    Info: Found entity 1: RAM
Warning: Can't analyze file -- file C:/Users/Derek Nordgren/Documents/GitHub/284Processor/Processor/ROM.vhd is missing
Info: Found 2 design units, including 1 entities, in source file sign_ext.vhd
    Info: Found design unit 1: sign_ext-behav
    Info: Found entity 1: sign_ext
Info: Found 1 design units, including 1 entities, in source file processor.bdf
    Info: Found entity 1: processor
Info: Found 2 design units, including 1 entities, in source file ../ROM/ROM_2.vhd
    Info: Found design unit 1: rom_2-SYN
    Info: Found entity 1: ROM_2
Info: Found 2 design units, including 1 entities, in source file ../ROM/lpm_rom0.vhd
    Info: Found design unit 1: lpm_rom0-SYN
    Info: Found entity 1: lpm_rom0
Info: Elaborating entity "processor" for the top level hierarchy
Info: Elaborating entity "clock_splitter" for hierarchy "clock_splitter:inst2"
Info: Elaborating entity "controller" for hierarchy "controller:inst12"
Info: Elaborating entity "decoder" for hierarchy "decoder:inst11"
Info: Elaborating entity "lpm_rom0" for hierarchy "lpm_rom0:inst10"
Info: Elaborating entity "lpm_rom" for hierarchy "lpm_rom0:inst10|lpm_rom:lpm_rom_component"
Info: Elaborated megafunction instantiation "lpm_rom0:inst10|lpm_rom:lpm_rom_component"
Info: Instantiated megafunction "lpm_rom0:inst10|lpm_rom:lpm_rom_component" with the following parameter:
    Info: Parameter "intended_device_family" = "FLEX10K"
    Info: Parameter "lpm_address_control" = "UNREGISTERED"
    Info: Parameter "lpm_file" = "../Assembler/ProcessorAssembler/bin/Debug/output.mif"
    Info: Parameter "lpm_outdata" = "UNREGISTERED"
    Info: Parameter "lpm_type" = "LPM_ROM"
    Info: Parameter "lpm_width" = "16"
    Info: Parameter "lpm_widthad" = "8"
Info: Elaborating entity "altrom" for hierarchy "lpm_rom0:inst10|lpm_rom:lpm_rom_component|altrom:srom"
Info: Elaborated megafunction instantiation "lpm_rom0:inst10|lpm_rom:lpm_rom_component|altrom:srom", which is child of megafunction instantiation "lpm_rom0:inst10|lpm_rom:lpm_rom_component"
Info: Elaborating entity "PC" for hierarchy "PC:inst3"
Info: Elaborating entity "addOne" for hierarchy "addOne:inst6"
Info: Elaborating entity "sign_ext" for hierarchy "sign_ext:inst14"
Info: Elaborating entity "Clock1Hz" for hierarchy "Clock1Hz:inst"
Info: Inferred 1 megafunctions from design logic
    Info: Inferred lpm_counter megafunction (LPM_WIDTH=8) from the following logic: "PC:inst3|pre_count[0]~0"
Info: Elaborated megafunction instantiation "PC:inst3|lpm_counter:pre_count_rtl_0"
Info: Instantiated megafunction "PC:inst3|lpm_counter:pre_count_rtl_0" with the following parameter:
    Info: Parameter "LPM_WIDTH" = "8"
    Info: Parameter "LPM_DIRECTION" = "UP"
    Info: Parameter "LPM_TYPE" = "LPM_COUNTER"
Info: Elaborated megafunction instantiation "PC:inst3|lpm_counter:pre_count_rtl_0|alt_counter_f10ke:wysi_counter", which is child of megafunction instantiation "PC:inst3|lpm_counter:pre_count_rtl_0"
Warning: Always-enabled tri-state buffer(s) removed
    Warning: Converted the fanout from the always-enabled tri-state buffer "lpm_rom0:inst10|lpm_rom:lpm_rom_component|otri[11]" to the node "rd[2]" into a wire
    Warning: Converted the fanout from the always-enabled tri-state buffer "lpm_rom0:inst10|lpm_rom:lpm_rom_component|otri[10]" to the node "rd[1]" into a wire
    Warning: Converted the fanout from the always-enabled tri-state buffer "lpm_rom0:inst10|lpm_rom:lpm_rom_component|otri[9]" to the node "rd[0]" into a wire
    Warning: Converted the fanout from the always-enabled tri-state buffer "lpm_rom0:inst10|lpm_rom:lpm_rom_component|otri[8]" to the node "rs[2]" into a wire
    Warning: Converted the fanout from the always-enabled tri-state buffer "lpm_rom0:inst10|lpm_rom:lpm_rom_component|otri[7]" to the node "rs[1]" into a wire
    Warning: Converted the fanout from the always-enabled tri-state buffer "lpm_rom0:inst10|lpm_rom:lpm_rom_component|otri[6]" to the node "rs[0]" into a wire
    Warning: Converted the fanout from the always-enabled tri-state buffer "lpm_rom0:inst10|lpm_rom:lpm_rom_component|otri[15]" to the node "op_code[3]" into a wire
    Warning: Converted the fanout from the always-enabled tri-state buffer "lpm_rom0:inst10|lpm_rom:lpm_rom_component|otri[14]" to the node "op_code[2]" into a wire
    Warning: Converted the fanout from the always-enabled tri-state buffer "lpm_rom0:inst10|lpm_rom:lpm_rom_component|otri[13]" to the node "op_code[1]" into a wire
    Warning: Converted the fanout from the always-enabled tri-state buffer "lpm_rom0:inst10|lpm_rom:lpm_rom_component|otri[12]" to the node "op_code[0]" into a wire
    Warning: Converted the fanout from the always-enabled tri-state buffer "lpm_rom0:inst10|lpm_rom:lpm_rom_component|otri[2]" to the node "alu_code[2]" into a wire
    Warning: Converted the fanout from the always-enabled tri-state buffer "lpm_rom0:inst10|lpm_rom:lpm_rom_component|otri[1]" to the node "alu_code[1]" into a wire
    Warning: Converted the fanout from the always-enabled tri-state buffer "lpm_rom0:inst10|lpm_rom:lpm_rom_component|otri[0]" to the node "alu_code[0]" into a wire
    Warning: Converted the fanout from the always-enabled tri-state buffer "lpm_rom0:inst10|lpm_rom:lpm_rom_component|otri[5]" to the node "rt[2]" into a wire
    Warning: Converted the fanout from the always-enabled tri-state buffer "lpm_rom0:inst10|lpm_rom:lpm_rom_component|otri[5]" to the node "output[5]" into a wire
    Warning: Converted the fanout from the always-enabled tri-state buffer "lpm_rom0:inst10|lpm_rom:lpm_rom_component|otri[5]" to the node "output[6]" into a wire
    Warning: Converted the fanout from the always-enabled tri-state buffer "lpm_rom0:inst10|lpm_rom:lpm_rom_component|otri[4]" to the node "rt[1]" into a wire
    Warning: Converted the fanout from the always-enabled tri-state buffer "lpm_rom0:inst10|lpm_rom:lpm_rom_component|otri[3]" to the node "rt[0]" into a wire
    Warning: Converted the fanout from the always-enabled tri-state buffer "lpm_rom0:inst10|lpm_rom:lpm_rom_component|otri[2]" to the node "output[2]" into a wire
    Warning: Converted the fanout from the always-enabled tri-state buffer "lpm_rom0:inst10|lpm_rom:lpm_rom_component|otri[1]" to the node "output[1]" into a wire
    Warning: Converted the fanout from the always-enabled tri-state buffer "lpm_rom0:inst10|lpm_rom:lpm_rom_component|otri[0]" to the node "output[0]" into a wire
    Warning: Converted the fanout from the always-enabled tri-state buffer "lpm_rom0:inst10|lpm_rom:lpm_rom_component|otri[5]" to the node "output[7]" into a wire
    Warning: Converted the fanout from the always-enabled tri-state buffer "lpm_rom0:inst10|lpm_rom:lpm_rom_component|otri[4]" to the node "output[4]" into a wire
    Warning: Converted the fanout from the always-enabled tri-state buffer "lpm_rom0:inst10|lpm_rom:lpm_rom_component|otri[3]" to the node "output[3]" into a wire
Warning: Tri-state node(s) do not directly drive top-level pin(s)
    Warning: Converted the fan-out from the tri-state buffer "lpm_rom0:inst10|lpm_rom:lpm_rom_component|otri[15]" to the node "controller:inst12|process_0" into an OR gate
    Warning: Converted the fan-out from the tri-state buffer "lpm_rom0:inst10|lpm_rom:lpm_rom_component|otri[14]" to the node "controller:inst12|process_0" into an OR gate
    Warning: Converted the fan-out from the tri-state buffer "lpm_rom0:inst10|lpm_rom:lpm_rom_component|otri[13]" to the node "controller:inst12|process_0" into an OR gate
    Warning: Converted the fan-out from the tri-state buffer "lpm_rom0:inst10|lpm_rom:lpm_rom_component|otri[12]" to the node "controller:inst12|Equal0" into an OR gate
Info: Implemented 63 device resources after synthesis - the final resource count might be different
    Info: Implemented 1 input pins
    Info: Implemented 30 output pins
    Info: Implemented 16 logic cells
    Info: Implemented 16 RAM segments
Info: Quartus II Analysis & Synthesis was successful. 0 errors, 31 warnings
    Info: Peak virtual memory: 250 megabytes
    Info: Processing ended: Wed Dec 18 00:07:22 2013
    Info: Elapsed time: 00:00:03
    Info: Total CPU time (on all processors): 00:00:03


