Classic Timing Analyzer report for PC
Sun Dec 15 17:45:04 2013
Quartus II Version 9.0 Build 235 06/17/2009 Service Pack 2 SJ Web Edition


---------------------
; Table of Contents ;
---------------------
  1. Legal Notice
  2. Timing Analyzer Summary
  3. Timing Analyzer Settings
  4. Clock Settings Summary
  5. Parallel Compilation
  6. Clock Setup: 'clk'
  7. tsu
  8. tco
  9. th
 10. Timing Analyzer Messages



----------------
; Legal Notice ;
----------------
Copyright (C) 1991-2009 Altera Corporation
Your use of Altera Corporation's design tools, logic functions 
and other software and tools, and its AMPP partner logic 
functions, and any output files from any of the foregoing 
(including device programming or simulation files), and any 
associated documentation or information are expressly subject 
to the terms and conditions of the Altera Program License 
Subscription Agreement, Altera MegaCore Function License 
Agreement, or other applicable license agreement, including, 
without limitation, that your use is for the sole purpose of 
programming logic devices manufactured by Altera and sold by 
Altera or its authorized distributors.  Please refer to the 
applicable agreement for further details.



+--------------------------------------------------------------------------------------------------------------------------------------------------------------------------------------------------------------------------------------------------------------------------------------------------------+
; Timing Analyzer Summary                                                                                                                                                                                                                                                                                ;
+------------------------------+-------+---------------+------------------------------------------------+----------------------------------------------------------------------------+----------------------------------------------------------------------------+------------+----------+--------------+
; Type                         ; Slack ; Required Time ; Actual Time                                    ; From                                                                       ; To                                                                         ; From Clock ; To Clock ; Failed Paths ;
+------------------------------+-------+---------------+------------------------------------------------+----------------------------------------------------------------------------+----------------------------------------------------------------------------+------------+----------+--------------+
; Worst-case tsu               ; N/A   ; None          ; 7.100 ns                                       ; enable                                                                     ; lpm_counter:pre_count_rtl_0|alt_counter_f10ke:wysi_counter|counter_cell[7] ; --         ; clk      ; 0            ;
; Worst-case tco               ; N/A   ; None          ; 17.000 ns                                      ; lpm_counter:pre_count_rtl_0|alt_counter_f10ke:wysi_counter|counter_cell[1] ; count[1]                                                                   ; clk        ; --       ; 0            ;
; Worst-case th                ; N/A   ; None          ; -0.600 ns                                      ; enable                                                                     ; lpm_counter:pre_count_rtl_0|alt_counter_f10ke:wysi_counter|counter_cell[7] ; --         ; clk      ; 0            ;
; Clock Setup: 'clk'           ; N/A   ; None          ; Restricted to 125.00 MHz ( period = 8.000 ns ) ; lpm_counter:pre_count_rtl_0|alt_counter_f10ke:wysi_counter|counter_cell[0] ; lpm_counter:pre_count_rtl_0|alt_counter_f10ke:wysi_counter|counter_cell[7] ; clk        ; clk      ; 0            ;
; Total number of failed paths ;       ;               ;                                                ;                                                                            ;                                                                            ;            ;          ; 0            ;
+------------------------------+-------+---------------+------------------------------------------------+----------------------------------------------------------------------------+----------------------------------------------------------------------------+------------+----------+--------------+


+--------------------------------------------------------------------------------------------------------------------+
; Timing Analyzer Settings                                                                                           ;
+---------------------------------------------------------------------+--------------------+------+----+-------------+
; Option                                                              ; Setting            ; From ; To ; Entity Name ;
+---------------------------------------------------------------------+--------------------+------+----+-------------+
; Device Name                                                         ; EPF10K70RC240-4    ;      ;    ;             ;
; Timing Models                                                       ; Final              ;      ;    ;             ;
; Default hold multicycle                                             ; Same as Multicycle ;      ;    ;             ;
; Cut paths between unrelated clock domains                           ; On                 ;      ;    ;             ;
; Cut off read during write signal paths                              ; On                 ;      ;    ;             ;
; Cut off feedback from I/O pins                                      ; On                 ;      ;    ;             ;
; Report Combined Fast/Slow Timing                                    ; Off                ;      ;    ;             ;
; Ignore Clock Settings                                               ; Off                ;      ;    ;             ;
; Analyze latches as synchronous elements                             ; On                 ;      ;    ;             ;
; Enable Recovery/Removal analysis                                    ; Off                ;      ;    ;             ;
; Enable Clock Latency                                                ; Off                ;      ;    ;             ;
; Use TimeQuest Timing Analyzer                                       ; Off                ;      ;    ;             ;
; Minimum Core Junction Temperature                                   ; 0                  ;      ;    ;             ;
; Maximum Core Junction Temperature                                   ; 85                 ;      ;    ;             ;
; Number of source nodes to report per destination node               ; 10                 ;      ;    ;             ;
; Number of destination nodes to report                               ; 10                 ;      ;    ;             ;
; Number of paths to report                                           ; 200                ;      ;    ;             ;
; Report Minimum Timing Checks                                        ; Off                ;      ;    ;             ;
; Use Fast Timing Models                                              ; Off                ;      ;    ;             ;
; Report IO Paths Separately                                          ; Off                ;      ;    ;             ;
; Perform Multicorner Analysis                                        ; Off                ;      ;    ;             ;
; Reports the worst-case path for each clock domain and analysis      ; Off                ;      ;    ;             ;
; Removes common clock path pessimism (CCPP) during slack computation ; Off                ;      ;    ;             ;
; Output I/O Timing Endpoint                                          ; Near End           ;      ;    ;             ;
+---------------------------------------------------------------------+--------------------+------+----+-------------+


+------------------------------------------------------------------------------------------------------------------------------------------------------------------------------------+
; Clock Settings Summary                                                                                                                                                             ;
+-----------------+--------------------+----------+------------------+---------------+--------------+----------+-----------------------+---------------------+--------+--------------+
; Clock Node Name ; Clock Setting Name ; Type     ; Fmax Requirement ; Early Latency ; Late Latency ; Based on ; Multiply Base Fmax by ; Divide Base Fmax by ; Offset ; Phase offset ;
+-----------------+--------------------+----------+------------------+---------------+--------------+----------+-----------------------+---------------------+--------+--------------+
; clk             ;                    ; User Pin ; None             ; 0.000 ns      ; 0.000 ns     ; --       ; N/A                   ; N/A                 ; N/A    ;              ;
+-----------------+--------------------+----------+------------------+---------------+--------------+----------+-----------------------+---------------------+--------+--------------+


Parallel compilation was disabled, but you have multiple processors available. Enable parallel compilation to reduce compilation time.
+-------------------------------------+
; Parallel Compilation                ;
+----------------------------+--------+
; Processors                 ; Number ;
+----------------------------+--------+
; Number detected on machine ; 2      ;
; Maximum allowed            ; 1      ;
+----------------------------+--------+


+------------------------------------------------------------------------------------------------------------------------------------------------------------------------------------------------------------------------------------------------------------------------------------------------------------------------------+
; Clock Setup: 'clk'                                                                                                                                                                                                                                                                                                           ;
+-------+------------------------------------------------+----------------------------------------------------------------------------+----------------------------------------------------------------------------+------------+----------+-----------------------------+---------------------------+-------------------------+
; Slack ; Actual fmax (period)                           ; From                                                                       ; To                                                                         ; From Clock ; To Clock ; Required Setup Relationship ; Required Longest P2P Time ; Actual Longest P2P Time ;
+-------+------------------------------------------------+----------------------------------------------------------------------------+----------------------------------------------------------------------------+------------+----------+-----------------------------+---------------------------+-------------------------+
; N/A   ; Restricted to 125.00 MHz ( period = 8.000 ns ) ; lpm_counter:pre_count_rtl_0|alt_counter_f10ke:wysi_counter|counter_cell[0] ; lpm_counter:pre_count_rtl_0|alt_counter_f10ke:wysi_counter|counter_cell[7] ; clk        ; clk      ; None                        ; None                      ; 3.800 ns                ;
; N/A   ; Restricted to 125.00 MHz ( period = 8.000 ns ) ; lpm_counter:pre_count_rtl_0|alt_counter_f10ke:wysi_counter|counter_cell[0] ; lpm_counter:pre_count_rtl_0|alt_counter_f10ke:wysi_counter|counter_cell[6] ; clk        ; clk      ; None                        ; None                      ; 3.500 ns                ;
; N/A   ; Restricted to 125.00 MHz ( period = 8.000 ns ) ; lpm_counter:pre_count_rtl_0|alt_counter_f10ke:wysi_counter|counter_cell[1] ; lpm_counter:pre_count_rtl_0|alt_counter_f10ke:wysi_counter|counter_cell[7] ; clk        ; clk      ; None                        ; None                      ; 3.500 ns                ;
; N/A   ; Restricted to 125.00 MHz ( period = 8.000 ns ) ; lpm_counter:pre_count_rtl_0|alt_counter_f10ke:wysi_counter|counter_cell[0] ; lpm_counter:pre_count_rtl_0|alt_counter_f10ke:wysi_counter|counter_cell[5] ; clk        ; clk      ; None                        ; None                      ; 3.200 ns                ;
; N/A   ; Restricted to 125.00 MHz ( period = 8.000 ns ) ; lpm_counter:pre_count_rtl_0|alt_counter_f10ke:wysi_counter|counter_cell[1] ; lpm_counter:pre_count_rtl_0|alt_counter_f10ke:wysi_counter|counter_cell[6] ; clk        ; clk      ; None                        ; None                      ; 3.200 ns                ;
; N/A   ; Restricted to 125.00 MHz ( period = 8.000 ns ) ; lpm_counter:pre_count_rtl_0|alt_counter_f10ke:wysi_counter|counter_cell[2] ; lpm_counter:pre_count_rtl_0|alt_counter_f10ke:wysi_counter|counter_cell[7] ; clk        ; clk      ; None                        ; None                      ; 3.200 ns                ;
; N/A   ; Restricted to 125.00 MHz ( period = 8.000 ns ) ; lpm_counter:pre_count_rtl_0|alt_counter_f10ke:wysi_counter|counter_cell[0] ; lpm_counter:pre_count_rtl_0|alt_counter_f10ke:wysi_counter|counter_cell[4] ; clk        ; clk      ; None                        ; None                      ; 2.900 ns                ;
; N/A   ; Restricted to 125.00 MHz ( period = 8.000 ns ) ; lpm_counter:pre_count_rtl_0|alt_counter_f10ke:wysi_counter|counter_cell[1] ; lpm_counter:pre_count_rtl_0|alt_counter_f10ke:wysi_counter|counter_cell[5] ; clk        ; clk      ; None                        ; None                      ; 2.900 ns                ;
; N/A   ; Restricted to 125.00 MHz ( period = 8.000 ns ) ; lpm_counter:pre_count_rtl_0|alt_counter_f10ke:wysi_counter|counter_cell[2] ; lpm_counter:pre_count_rtl_0|alt_counter_f10ke:wysi_counter|counter_cell[6] ; clk        ; clk      ; None                        ; None                      ; 2.900 ns                ;
; N/A   ; Restricted to 125.00 MHz ( period = 8.000 ns ) ; lpm_counter:pre_count_rtl_0|alt_counter_f10ke:wysi_counter|counter_cell[3] ; lpm_counter:pre_count_rtl_0|alt_counter_f10ke:wysi_counter|counter_cell[7] ; clk        ; clk      ; None                        ; None                      ; 2.900 ns                ;
; N/A   ; Restricted to 125.00 MHz ( period = 8.000 ns ) ; lpm_counter:pre_count_rtl_0|alt_counter_f10ke:wysi_counter|counter_cell[0] ; lpm_counter:pre_count_rtl_0|alt_counter_f10ke:wysi_counter|counter_cell[3] ; clk        ; clk      ; None                        ; None                      ; 2.600 ns                ;
; N/A   ; Restricted to 125.00 MHz ( period = 8.000 ns ) ; lpm_counter:pre_count_rtl_0|alt_counter_f10ke:wysi_counter|counter_cell[1] ; lpm_counter:pre_count_rtl_0|alt_counter_f10ke:wysi_counter|counter_cell[4] ; clk        ; clk      ; None                        ; None                      ; 2.600 ns                ;
; N/A   ; Restricted to 125.00 MHz ( period = 8.000 ns ) ; lpm_counter:pre_count_rtl_0|alt_counter_f10ke:wysi_counter|counter_cell[2] ; lpm_counter:pre_count_rtl_0|alt_counter_f10ke:wysi_counter|counter_cell[5] ; clk        ; clk      ; None                        ; None                      ; 2.600 ns                ;
; N/A   ; Restricted to 125.00 MHz ( period = 8.000 ns ) ; lpm_counter:pre_count_rtl_0|alt_counter_f10ke:wysi_counter|counter_cell[3] ; lpm_counter:pre_count_rtl_0|alt_counter_f10ke:wysi_counter|counter_cell[6] ; clk        ; clk      ; None                        ; None                      ; 2.600 ns                ;
; N/A   ; Restricted to 125.00 MHz ( period = 8.000 ns ) ; lpm_counter:pre_count_rtl_0|alt_counter_f10ke:wysi_counter|counter_cell[4] ; lpm_counter:pre_count_rtl_0|alt_counter_f10ke:wysi_counter|counter_cell[7] ; clk        ; clk      ; None                        ; None                      ; 2.600 ns                ;
; N/A   ; Restricted to 125.00 MHz ( period = 8.000 ns ) ; lpm_counter:pre_count_rtl_0|alt_counter_f10ke:wysi_counter|counter_cell[0] ; lpm_counter:pre_count_rtl_0|alt_counter_f10ke:wysi_counter|counter_cell[2] ; clk        ; clk      ; None                        ; None                      ; 2.300 ns                ;
; N/A   ; Restricted to 125.00 MHz ( period = 8.000 ns ) ; lpm_counter:pre_count_rtl_0|alt_counter_f10ke:wysi_counter|counter_cell[1] ; lpm_counter:pre_count_rtl_0|alt_counter_f10ke:wysi_counter|counter_cell[3] ; clk        ; clk      ; None                        ; None                      ; 2.300 ns                ;
; N/A   ; Restricted to 125.00 MHz ( period = 8.000 ns ) ; lpm_counter:pre_count_rtl_0|alt_counter_f10ke:wysi_counter|counter_cell[2] ; lpm_counter:pre_count_rtl_0|alt_counter_f10ke:wysi_counter|counter_cell[4] ; clk        ; clk      ; None                        ; None                      ; 2.300 ns                ;
; N/A   ; Restricted to 125.00 MHz ( period = 8.000 ns ) ; lpm_counter:pre_count_rtl_0|alt_counter_f10ke:wysi_counter|counter_cell[3] ; lpm_counter:pre_count_rtl_0|alt_counter_f10ke:wysi_counter|counter_cell[5] ; clk        ; clk      ; None                        ; None                      ; 2.300 ns                ;
; N/A   ; Restricted to 125.00 MHz ( period = 8.000 ns ) ; lpm_counter:pre_count_rtl_0|alt_counter_f10ke:wysi_counter|counter_cell[4] ; lpm_counter:pre_count_rtl_0|alt_counter_f10ke:wysi_counter|counter_cell[6] ; clk        ; clk      ; None                        ; None                      ; 2.300 ns                ;
; N/A   ; Restricted to 125.00 MHz ( period = 8.000 ns ) ; lpm_counter:pre_count_rtl_0|alt_counter_f10ke:wysi_counter|counter_cell[5] ; lpm_counter:pre_count_rtl_0|alt_counter_f10ke:wysi_counter|counter_cell[7] ; clk        ; clk      ; None                        ; None                      ; 2.300 ns                ;
; N/A   ; Restricted to 125.00 MHz ( period = 8.000 ns ) ; lpm_counter:pre_count_rtl_0|alt_counter_f10ke:wysi_counter|counter_cell[0] ; lpm_counter:pre_count_rtl_0|alt_counter_f10ke:wysi_counter|counter_cell[0] ; clk        ; clk      ; None                        ; None                      ; 2.000 ns                ;
; N/A   ; Restricted to 125.00 MHz ( period = 8.000 ns ) ; lpm_counter:pre_count_rtl_0|alt_counter_f10ke:wysi_counter|counter_cell[0] ; lpm_counter:pre_count_rtl_0|alt_counter_f10ke:wysi_counter|counter_cell[1] ; clk        ; clk      ; None                        ; None                      ; 2.000 ns                ;
; N/A   ; Restricted to 125.00 MHz ( period = 8.000 ns ) ; lpm_counter:pre_count_rtl_0|alt_counter_f10ke:wysi_counter|counter_cell[1] ; lpm_counter:pre_count_rtl_0|alt_counter_f10ke:wysi_counter|counter_cell[1] ; clk        ; clk      ; None                        ; None                      ; 2.000 ns                ;
; N/A   ; Restricted to 125.00 MHz ( period = 8.000 ns ) ; lpm_counter:pre_count_rtl_0|alt_counter_f10ke:wysi_counter|counter_cell[1] ; lpm_counter:pre_count_rtl_0|alt_counter_f10ke:wysi_counter|counter_cell[2] ; clk        ; clk      ; None                        ; None                      ; 2.000 ns                ;
; N/A   ; Restricted to 125.00 MHz ( period = 8.000 ns ) ; lpm_counter:pre_count_rtl_0|alt_counter_f10ke:wysi_counter|counter_cell[2] ; lpm_counter:pre_count_rtl_0|alt_counter_f10ke:wysi_counter|counter_cell[2] ; clk        ; clk      ; None                        ; None                      ; 2.000 ns                ;
; N/A   ; Restricted to 125.00 MHz ( period = 8.000 ns ) ; lpm_counter:pre_count_rtl_0|alt_counter_f10ke:wysi_counter|counter_cell[2] ; lpm_counter:pre_count_rtl_0|alt_counter_f10ke:wysi_counter|counter_cell[3] ; clk        ; clk      ; None                        ; None                      ; 2.000 ns                ;
; N/A   ; Restricted to 125.00 MHz ( period = 8.000 ns ) ; lpm_counter:pre_count_rtl_0|alt_counter_f10ke:wysi_counter|counter_cell[3] ; lpm_counter:pre_count_rtl_0|alt_counter_f10ke:wysi_counter|counter_cell[3] ; clk        ; clk      ; None                        ; None                      ; 2.000 ns                ;
; N/A   ; Restricted to 125.00 MHz ( period = 8.000 ns ) ; lpm_counter:pre_count_rtl_0|alt_counter_f10ke:wysi_counter|counter_cell[3] ; lpm_counter:pre_count_rtl_0|alt_counter_f10ke:wysi_counter|counter_cell[4] ; clk        ; clk      ; None                        ; None                      ; 2.000 ns                ;
; N/A   ; Restricted to 125.00 MHz ( period = 8.000 ns ) ; lpm_counter:pre_count_rtl_0|alt_counter_f10ke:wysi_counter|counter_cell[4] ; lpm_counter:pre_count_rtl_0|alt_counter_f10ke:wysi_counter|counter_cell[4] ; clk        ; clk      ; None                        ; None                      ; 2.000 ns                ;
; N/A   ; Restricted to 125.00 MHz ( period = 8.000 ns ) ; lpm_counter:pre_count_rtl_0|alt_counter_f10ke:wysi_counter|counter_cell[4] ; lpm_counter:pre_count_rtl_0|alt_counter_f10ke:wysi_counter|counter_cell[5] ; clk        ; clk      ; None                        ; None                      ; 2.000 ns                ;
; N/A   ; Restricted to 125.00 MHz ( period = 8.000 ns ) ; lpm_counter:pre_count_rtl_0|alt_counter_f10ke:wysi_counter|counter_cell[5] ; lpm_counter:pre_count_rtl_0|alt_counter_f10ke:wysi_counter|counter_cell[5] ; clk        ; clk      ; None                        ; None                      ; 2.000 ns                ;
; N/A   ; Restricted to 125.00 MHz ( period = 8.000 ns ) ; lpm_counter:pre_count_rtl_0|alt_counter_f10ke:wysi_counter|counter_cell[5] ; lpm_counter:pre_count_rtl_0|alt_counter_f10ke:wysi_counter|counter_cell[6] ; clk        ; clk      ; None                        ; None                      ; 2.000 ns                ;
; N/A   ; Restricted to 125.00 MHz ( period = 8.000 ns ) ; lpm_counter:pre_count_rtl_0|alt_counter_f10ke:wysi_counter|counter_cell[6] ; lpm_counter:pre_count_rtl_0|alt_counter_f10ke:wysi_counter|counter_cell[6] ; clk        ; clk      ; None                        ; None                      ; 2.000 ns                ;
; N/A   ; Restricted to 125.00 MHz ( period = 8.000 ns ) ; lpm_counter:pre_count_rtl_0|alt_counter_f10ke:wysi_counter|counter_cell[6] ; lpm_counter:pre_count_rtl_0|alt_counter_f10ke:wysi_counter|counter_cell[7] ; clk        ; clk      ; None                        ; None                      ; 2.000 ns                ;
; N/A   ; Restricted to 125.00 MHz ( period = 8.000 ns ) ; lpm_counter:pre_count_rtl_0|alt_counter_f10ke:wysi_counter|counter_cell[7] ; lpm_counter:pre_count_rtl_0|alt_counter_f10ke:wysi_counter|counter_cell[7] ; clk        ; clk      ; None                        ; None                      ; 2.000 ns                ;
+-------+------------------------------------------------+----------------------------------------------------------------------------+----------------------------------------------------------------------------+------------+----------+-----------------------------+---------------------------+-------------------------+


+------------------------------------------------------------------------------------------------------------------------------------+
; tsu                                                                                                                                ;
+-------+--------------+------------+--------+----------------------------------------------------------------------------+----------+
; Slack ; Required tsu ; Actual tsu ; From   ; To                                                                         ; To Clock ;
+-------+--------------+------------+--------+----------------------------------------------------------------------------+----------+
; N/A   ; None         ; 7.100 ns   ; enable ; lpm_counter:pre_count_rtl_0|alt_counter_f10ke:wysi_counter|counter_cell[0] ; clk      ;
; N/A   ; None         ; 7.100 ns   ; enable ; lpm_counter:pre_count_rtl_0|alt_counter_f10ke:wysi_counter|counter_cell[1] ; clk      ;
; N/A   ; None         ; 7.100 ns   ; enable ; lpm_counter:pre_count_rtl_0|alt_counter_f10ke:wysi_counter|counter_cell[2] ; clk      ;
; N/A   ; None         ; 7.100 ns   ; enable ; lpm_counter:pre_count_rtl_0|alt_counter_f10ke:wysi_counter|counter_cell[3] ; clk      ;
; N/A   ; None         ; 7.100 ns   ; enable ; lpm_counter:pre_count_rtl_0|alt_counter_f10ke:wysi_counter|counter_cell[4] ; clk      ;
; N/A   ; None         ; 7.100 ns   ; enable ; lpm_counter:pre_count_rtl_0|alt_counter_f10ke:wysi_counter|counter_cell[5] ; clk      ;
; N/A   ; None         ; 7.100 ns   ; enable ; lpm_counter:pre_count_rtl_0|alt_counter_f10ke:wysi_counter|counter_cell[6] ; clk      ;
; N/A   ; None         ; 7.100 ns   ; enable ; lpm_counter:pre_count_rtl_0|alt_counter_f10ke:wysi_counter|counter_cell[7] ; clk      ;
+-------+--------------+------------+--------+----------------------------------------------------------------------------+----------+


+----------------------------------------------------------------------------------------------------------------------------------------+
; tco                                                                                                                                    ;
+-------+--------------+------------+----------------------------------------------------------------------------+----------+------------+
; Slack ; Required tco ; Actual tco ; From                                                                       ; To       ; From Clock ;
+-------+--------------+------------+----------------------------------------------------------------------------+----------+------------+
; N/A   ; None         ; 17.000 ns  ; lpm_counter:pre_count_rtl_0|alt_counter_f10ke:wysi_counter|counter_cell[6] ; count[6] ; clk        ;
; N/A   ; None         ; 17.000 ns  ; lpm_counter:pre_count_rtl_0|alt_counter_f10ke:wysi_counter|counter_cell[4] ; count[4] ; clk        ;
; N/A   ; None         ; 17.000 ns  ; lpm_counter:pre_count_rtl_0|alt_counter_f10ke:wysi_counter|counter_cell[1] ; count[1] ; clk        ;
; N/A   ; None         ; 15.900 ns  ; lpm_counter:pre_count_rtl_0|alt_counter_f10ke:wysi_counter|counter_cell[7] ; count[7] ; clk        ;
; N/A   ; None         ; 15.900 ns  ; lpm_counter:pre_count_rtl_0|alt_counter_f10ke:wysi_counter|counter_cell[5] ; count[5] ; clk        ;
; N/A   ; None         ; 15.900 ns  ; lpm_counter:pre_count_rtl_0|alt_counter_f10ke:wysi_counter|counter_cell[3] ; count[3] ; clk        ;
; N/A   ; None         ; 15.900 ns  ; lpm_counter:pre_count_rtl_0|alt_counter_f10ke:wysi_counter|counter_cell[2] ; count[2] ; clk        ;
; N/A   ; None         ; 15.900 ns  ; lpm_counter:pre_count_rtl_0|alt_counter_f10ke:wysi_counter|counter_cell[0] ; count[0] ; clk        ;
+-------+--------------+------------+----------------------------------------------------------------------------+----------+------------+


+------------------------------------------------------------------------------------------------------------------------------------------+
; th                                                                                                                                       ;
+---------------+-------------+-----------+--------+----------------------------------------------------------------------------+----------+
; Minimum Slack ; Required th ; Actual th ; From   ; To                                                                         ; To Clock ;
+---------------+-------------+-----------+--------+----------------------------------------------------------------------------+----------+
; N/A           ; None        ; -0.600 ns ; enable ; lpm_counter:pre_count_rtl_0|alt_counter_f10ke:wysi_counter|counter_cell[0] ; clk      ;
; N/A           ; None        ; -0.600 ns ; enable ; lpm_counter:pre_count_rtl_0|alt_counter_f10ke:wysi_counter|counter_cell[1] ; clk      ;
; N/A           ; None        ; -0.600 ns ; enable ; lpm_counter:pre_count_rtl_0|alt_counter_f10ke:wysi_counter|counter_cell[2] ; clk      ;
; N/A           ; None        ; -0.600 ns ; enable ; lpm_counter:pre_count_rtl_0|alt_counter_f10ke:wysi_counter|counter_cell[3] ; clk      ;
; N/A           ; None        ; -0.600 ns ; enable ; lpm_counter:pre_count_rtl_0|alt_counter_f10ke:wysi_counter|counter_cell[4] ; clk      ;
; N/A           ; None        ; -0.600 ns ; enable ; lpm_counter:pre_count_rtl_0|alt_counter_f10ke:wysi_counter|counter_cell[5] ; clk      ;
; N/A           ; None        ; -0.600 ns ; enable ; lpm_counter:pre_count_rtl_0|alt_counter_f10ke:wysi_counter|counter_cell[6] ; clk      ;
; N/A           ; None        ; -0.600 ns ; enable ; lpm_counter:pre_count_rtl_0|alt_counter_f10ke:wysi_counter|counter_cell[7] ; clk      ;
+---------------+-------------+-----------+--------+----------------------------------------------------------------------------+----------+


+--------------------------+
; Timing Analyzer Messages ;
+--------------------------+
Info: *******************************************************************
Info: Running Quartus II Classic Timing Analyzer
    Info: Version 9.0 Build 235 06/17/2009 Service Pack 2 SJ Web Edition
    Info: Processing started: Sun Dec 15 17:45:03 2013
Info: Command: quartus_tan --read_settings_files=off --write_settings_files=off PC -c PC
Info: Started post-fitting delay annotation
Info: Delay annotation completed successfully
Warning: Found pins functioning as undefined clocks and/or memory enables
    Info: Assuming node "clk" is an undefined clock
Info: Clock "clk" Internal fmax is restricted to 125.0 MHz between source register "lpm_counter:pre_count_rtl_0|alt_counter_f10ke:wysi_counter|counter_cell[0]" and destination register "lpm_counter:pre_count_rtl_0|alt_counter_f10ke:wysi_counter|counter_cell[7]"
    Info: fmax restricted to Clock High delay (4.0 ns) plus Clock Low delay (4.0 ns) : restricted to 8.0 ns. Expand message to see actual delay path.
        Info: + Longest register to register delay is 3.800 ns
            Info: 1: + IC(0.000 ns) + CELL(0.000 ns) = 0.000 ns; Loc. = LC1_E11; Fanout = 4; REG Node = 'lpm_counter:pre_count_rtl_0|alt_counter_f10ke:wysi_counter|counter_cell[0]'
            Info: 2: + IC(0.000 ns) + CELL(1.500 ns) = 1.500 ns; Loc. = LC1_E11; Fanout = 2; COMB Node = 'lpm_counter:pre_count_rtl_0|alt_counter_f10ke:wysi_counter|counter_cell[0]~COUT'
            Info: 3: + IC(0.000 ns) + CELL(0.300 ns) = 1.800 ns; Loc. = LC2_E11; Fanout = 2; COMB Node = 'lpm_counter:pre_count_rtl_0|alt_counter_f10ke:wysi_counter|counter_cell[1]~COUT'
            Info: 4: + IC(0.000 ns) + CELL(0.300 ns) = 2.100 ns; Loc. = LC3_E11; Fanout = 2; COMB Node = 'lpm_counter:pre_count_rtl_0|alt_counter_f10ke:wysi_counter|counter_cell[2]~COUT'
            Info: 5: + IC(0.000 ns) + CELL(0.300 ns) = 2.400 ns; Loc. = LC4_E11; Fanout = 2; COMB Node = 'lpm_counter:pre_count_rtl_0|alt_counter_f10ke:wysi_counter|counter_cell[3]~COUT'
            Info: 6: + IC(0.000 ns) + CELL(0.300 ns) = 2.700 ns; Loc. = LC5_E11; Fanout = 2; COMB Node = 'lpm_counter:pre_count_rtl_0|alt_counter_f10ke:wysi_counter|counter_cell[4]~COUT'
            Info: 7: + IC(0.000 ns) + CELL(0.300 ns) = 3.000 ns; Loc. = LC6_E11; Fanout = 2; COMB Node = 'lpm_counter:pre_count_rtl_0|alt_counter_f10ke:wysi_counter|counter_cell[5]~COUT'
            Info: 8: + IC(0.000 ns) + CELL(0.300 ns) = 3.300 ns; Loc. = LC7_E11; Fanout = 1; COMB Node = 'lpm_counter:pre_count_rtl_0|alt_counter_f10ke:wysi_counter|counter_cell[6]~COUT'
            Info: 9: + IC(0.000 ns) + CELL(0.500 ns) = 3.800 ns; Loc. = LC8_E11; Fanout = 2; REG Node = 'lpm_counter:pre_count_rtl_0|alt_counter_f10ke:wysi_counter|counter_cell[7]'
            Info: Total cell delay = 3.800 ns ( 100.00 % )
        Info: - Smallest clock skew is 0.000 ns
            Info: + Shortest clock path from clock "clk" to destination register is 7.000 ns
                Info: 1: + IC(0.000 ns) + CELL(2.900 ns) = 2.900 ns; Loc. = PIN_91; Fanout = 8; CLK Node = 'clk'
                Info: 2: + IC(4.100 ns) + CELL(0.000 ns) = 7.000 ns; Loc. = LC8_E11; Fanout = 2; REG Node = 'lpm_counter:pre_count_rtl_0|alt_counter_f10ke:wysi_counter|counter_cell[7]'
                Info: Total cell delay = 2.900 ns ( 41.43 % )
                Info: Total interconnect delay = 4.100 ns ( 58.57 % )
            Info: - Longest clock path from clock "clk" to source register is 7.000 ns
                Info: 1: + IC(0.000 ns) + CELL(2.900 ns) = 2.900 ns; Loc. = PIN_91; Fanout = 8; CLK Node = 'clk'
                Info: 2: + IC(4.100 ns) + CELL(0.000 ns) = 7.000 ns; Loc. = LC1_E11; Fanout = 4; REG Node = 'lpm_counter:pre_count_rtl_0|alt_counter_f10ke:wysi_counter|counter_cell[0]'
                Info: Total cell delay = 2.900 ns ( 41.43 % )
                Info: Total interconnect delay = 4.100 ns ( 58.57 % )
        Info: + Micro clock to output delay of source is 1.400 ns
        Info: + Micro setup delay of destination is 2.600 ns
Info: tsu for register "lpm_counter:pre_count_rtl_0|alt_counter_f10ke:wysi_counter|counter_cell[0]" (data pin = "enable", clock pin = "clk") is 7.100 ns
    Info: + Longest pin to register delay is 11.500 ns
        Info: 1: + IC(0.000 ns) + CELL(2.900 ns) = 2.900 ns; Loc. = PIN_210; Fanout = 23; PIN Node = 'enable'
        Info: 2: + IC(6.600 ns) + CELL(2.000 ns) = 11.500 ns; Loc. = LC1_E11; Fanout = 4; REG Node = 'lpm_counter:pre_count_rtl_0|alt_counter_f10ke:wysi_counter|counter_cell[0]'
        Info: Total cell delay = 4.900 ns ( 42.61 % )
        Info: Total interconnect delay = 6.600 ns ( 57.39 % )
    Info: + Micro setup delay of destination is 2.600 ns
    Info: - Shortest clock path from clock "clk" to destination register is 7.000 ns
        Info: 1: + IC(0.000 ns) + CELL(2.900 ns) = 2.900 ns; Loc. = PIN_91; Fanout = 8; CLK Node = 'clk'
        Info: 2: + IC(4.100 ns) + CELL(0.000 ns) = 7.000 ns; Loc. = LC1_E11; Fanout = 4; REG Node = 'lpm_counter:pre_count_rtl_0|alt_counter_f10ke:wysi_counter|counter_cell[0]'
        Info: Total cell delay = 2.900 ns ( 41.43 % )
        Info: Total interconnect delay = 4.100 ns ( 58.57 % )
Info: tco from clock "clk" to destination pin "count[6]" through register "lpm_counter:pre_count_rtl_0|alt_counter_f10ke:wysi_counter|counter_cell[6]" is 17.000 ns
    Info: + Longest clock path from clock "clk" to source register is 7.000 ns
        Info: 1: + IC(0.000 ns) + CELL(2.900 ns) = 2.900 ns; Loc. = PIN_91; Fanout = 8; CLK Node = 'clk'
        Info: 2: + IC(4.100 ns) + CELL(0.000 ns) = 7.000 ns; Loc. = LC7_E11; Fanout = 4; REG Node = 'lpm_counter:pre_count_rtl_0|alt_counter_f10ke:wysi_counter|counter_cell[6]'
        Info: Total cell delay = 2.900 ns ( 41.43 % )
        Info: Total interconnect delay = 4.100 ns ( 58.57 % )
    Info: + Micro clock to output delay of source is 1.400 ns
    Info: + Longest register to pin delay is 8.600 ns
        Info: 1: + IC(0.000 ns) + CELL(0.000 ns) = 0.000 ns; Loc. = LC7_E11; Fanout = 4; REG Node = 'lpm_counter:pre_count_rtl_0|alt_counter_f10ke:wysi_counter|counter_cell[6]'
        Info: 2: + IC(3.600 ns) + CELL(5.000 ns) = 8.600 ns; Loc. = PIN_35; Fanout = 0; PIN Node = 'count[6]'
        Info: Total cell delay = 5.000 ns ( 58.14 % )
        Info: Total interconnect delay = 3.600 ns ( 41.86 % )
Info: th for register "lpm_counter:pre_count_rtl_0|alt_counter_f10ke:wysi_counter|counter_cell[0]" (data pin = "enable", clock pin = "clk") is -0.600 ns
    Info: + Longest clock path from clock "clk" to destination register is 7.000 ns
        Info: 1: + IC(0.000 ns) + CELL(2.900 ns) = 2.900 ns; Loc. = PIN_91; Fanout = 8; CLK Node = 'clk'
        Info: 2: + IC(4.100 ns) + CELL(0.000 ns) = 7.000 ns; Loc. = LC1_E11; Fanout = 4; REG Node = 'lpm_counter:pre_count_rtl_0|alt_counter_f10ke:wysi_counter|counter_cell[0]'
        Info: Total cell delay = 2.900 ns ( 41.43 % )
        Info: Total interconnect delay = 4.100 ns ( 58.57 % )
    Info: + Micro hold delay of destination is 3.100 ns
    Info: - Shortest pin to register delay is 10.700 ns
        Info: 1: + IC(0.000 ns) + CELL(2.900 ns) = 2.900 ns; Loc. = PIN_210; Fanout = 23; PIN Node = 'enable'
        Info: 2: + IC(6.600 ns) + CELL(1.200 ns) = 10.700 ns; Loc. = LC1_E11; Fanout = 4; REG Node = 'lpm_counter:pre_count_rtl_0|alt_counter_f10ke:wysi_counter|counter_cell[0]'
        Info: Total cell delay = 4.100 ns ( 38.32 % )
        Info: Total interconnect delay = 6.600 ns ( 61.68 % )
Info: Quartus II Classic Timing Analyzer was successful. 0 errors, 1 warning
    Info: Peak virtual memory: 188 megabytes
    Info: Processing ended: Sun Dec 15 17:45:04 2013
    Info: Elapsed time: 00:00:01
    Info: Total CPU time (on all processors): 00:00:01


