Analysis & Synthesis report for ALU
Wed Dec 18 10:57:23 2013
Quartus II Version 9.0 Build 235 06/17/2009 Service Pack 2 SJ Web Edition


---------------------
; Table of Contents ;
---------------------
  1. Legal Notice
  2. Analysis & Synthesis Summary
  3. Analysis & Synthesis Settings
  4. Analysis & Synthesis Source Files Read
  5. Analysis & Synthesis Resource Usage Summary
  6. Analysis & Synthesis Resource Utilization by Entity
  7. User-Specified and Inferred Latches
  8. General Register Statistics
  9. Source assignments for lpm_add_sub:Add2|addcore:adder
 10. Source assignments for lpm_add_sub:Add0|addcore:adder
 11. Source assignments for lpm_add_sub:Add3|addcore:adder
 12. Source assignments for lpm_add_sub:Add4|addcore:adder
 13. Source assignments for lpm_add_sub:Add5|addcore:adder
 14. Source assignments for lpm_add_sub:Add6|addcore:adder
 15. Parameter Settings for Inferred Entity Instance: lpm_add_sub:Add2
 16. Parameter Settings for Inferred Entity Instance: lpm_add_sub:Add0
 17. Parameter Settings for Inferred Entity Instance: lpm_add_sub:Add3
 18. Parameter Settings for Inferred Entity Instance: lpm_add_sub:Add4
 19. Parameter Settings for Inferred Entity Instance: lpm_add_sub:Add5
 20. Parameter Settings for Inferred Entity Instance: lpm_add_sub:Add6
 21. Analysis & Synthesis Messages



----------------
; Legal Notice ;
----------------
Copyright (C) 1991-2009 Altera Corporation
Your use of Altera Corporation's design tools, logic functions 
and other software and tools, and its AMPP partner logic 
functions, and any output files from any of the foregoing 
(including device programming or simulation files), and any 
associated documentation or information are expressly subject 
to the terms and conditions of the Altera Program License 
Subscription Agreement, Altera MegaCore Function License 
Agreement, or other applicable license agreement, including, 
without limitation, that your use is for the sole purpose of 
programming logic devices manufactured by Altera and sold by 
Altera or its authorized distributors.  Please refer to the 
applicable agreement for further details.



+----------------------------------------------------------------------------+
; Analysis & Synthesis Summary                                               ;
+-----------------------------+----------------------------------------------+
; Analysis & Synthesis Status ; Successful - Wed Dec 18 10:57:23 2013        ;
; Quartus II Version          ; 9.0 Build 235 06/17/2009 SP 2 SJ Web Edition ;
; Revision Name               ; ALU                                          ;
; Top-level Entity Name       ; alu                                          ;
; Family                      ; FLEX10K                                      ;
; Total logic elements        ; 299                                          ;
; Total pins                  ; 41                                           ;
; Total memory bits           ; 0                                            ;
+-----------------------------+----------------------------------------------+


+------------------------------------------------------------------------------------------------+
; Analysis & Synthesis Settings                                                                  ;
+--------------------------------------------------------------+-----------------+---------------+
; Option                                                       ; Setting         ; Default Value ;
+--------------------------------------------------------------+-----------------+---------------+
; Device                                                       ; EPF10K70RC240-4 ;               ;
; Top-level entity name                                        ; ALU             ; ALU           ;
; Family name                                                  ; FLEX10K         ; Stratix II    ;
; Use Generated Physical Constraints File                      ; Off             ;               ;
; Use smart compilation                                        ; Off             ; Off           ;
; Create Debugging Nodes for IP Cores                          ; Off             ; Off           ;
; Preserve fewer node names                                    ; On              ; On            ;
; Disable OpenCore Plus hardware evaluation                    ; Off             ; Off           ;
; Verilog Version                                              ; Verilog_2001    ; Verilog_2001  ;
; VHDL Version                                                 ; VHDL93          ; VHDL93        ;
; State Machine Processing                                     ; Auto            ; Auto          ;
; Safe State Machine                                           ; Off             ; Off           ;
; Extract Verilog State Machines                               ; On              ; On            ;
; Extract VHDL State Machines                                  ; On              ; On            ;
; Ignore Verilog initial constructs                            ; Off             ; Off           ;
; Iteration limit for constant Verilog loops                   ; 5000            ; 5000          ;
; Iteration limit for non-constant Verilog loops               ; 250             ; 250           ;
; Add Pass-Through Logic to Inferred RAMs                      ; On              ; On            ;
; Parallel Synthesis                                           ; Off             ; Off           ;
; NOT Gate Push-Back                                           ; On              ; On            ;
; Power-Up Don't Care                                          ; On              ; On            ;
; Remove Redundant Logic Cells                                 ; Off             ; Off           ;
; Remove Duplicate Registers                                   ; On              ; On            ;
; Ignore CARRY Buffers                                         ; Off             ; Off           ;
; Ignore CASCADE Buffers                                       ; Off             ; Off           ;
; Ignore GLOBAL Buffers                                        ; Off             ; Off           ;
; Ignore ROW GLOBAL Buffers                                    ; Off             ; Off           ;
; Ignore LCELL Buffers                                         ; Off             ; Off           ;
; Ignore SOFT Buffers                                          ; On              ; On            ;
; Limit AHDL Integers to 32 Bits                               ; Off             ; Off           ;
; Auto Implement in ROM                                        ; Off             ; Off           ;
; Optimization Technique                                       ; Area            ; Area          ;
; Carry Chain Length                                           ; 32              ; 32            ;
; Cascade Chain Length                                         ; 2               ; 2             ;
; Auto Carry Chains                                            ; On              ; On            ;
; Auto Open-Drain Pins                                         ; On              ; On            ;
; Auto ROM Replacement                                         ; On              ; On            ;
; Auto RAM Replacement                                         ; On              ; On            ;
; Auto Clock Enable Replacement                                ; On              ; On            ;
; Strict RAM Replacement                                       ; Off             ; Off           ;
; Auto Resource Sharing                                        ; Off             ; Off           ;
; Allow Any RAM Size For Recognition                           ; Off             ; Off           ;
; Allow Any ROM Size For Recognition                           ; Off             ; Off           ;
; Use LogicLock Constraints during Resource Balancing          ; On              ; On            ;
; Ignore translate_off and synthesis_off directives            ; Off             ; Off           ;
; Show Parameter Settings Tables in Synthesis Report           ; On              ; On            ;
; HDL message level                                            ; Level2          ; Level2        ;
; Suppress Register Optimization Related Messages              ; Off             ; Off           ;
; Number of Removed Registers Reported in Synthesis Report     ; 100             ; 100           ;
; Number of Inverted Registers Reported in Synthesis Report    ; 100             ; 100           ;
; Block Design Naming                                          ; Auto            ; Auto          ;
; Synthesis Effort                                             ; Auto            ; Auto          ;
; Shift Register Replacement - Allow Asynchronous Clear Signal ; On              ; On            ;
; Analysis & Synthesis Message Level                           ; Medium          ; Medium        ;
+--------------------------------------------------------------+-----------------+---------------+


+------------------------------------------------------------------------------------------------------------------------------------------------+
; Analysis & Synthesis Source Files Read                                                                                                         ;
+----------------------------------+-----------------+-----------------+-------------------------------------------------------------------------+
; File Name with User-Entered Path ; Used in Netlist ; File Type       ; File Name with Absolute Path                                            ;
+----------------------------------+-----------------+-----------------+-------------------------------------------------------------------------+
; ALU.vhd                          ; yes             ; User VHDL File  ; C:/Users/Derek Nordgren/Documents/GitHub/284Processor/ALU/ALU.vhd       ;
; lpm_add_sub.tdf                  ; yes             ; Megafunction    ; c:/altera/90sp2/quartus/libraries/megafunctions/lpm_add_sub.tdf         ;
; addcore.inc                      ; yes             ; Megafunction    ; c:/altera/90sp2/quartus/libraries/megafunctions/addcore.inc             ;
; look_add.inc                     ; yes             ; Megafunction    ; c:/altera/90sp2/quartus/libraries/megafunctions/look_add.inc            ;
; bypassff.inc                     ; yes             ; Megafunction    ; c:/altera/90sp2/quartus/libraries/megafunctions/bypassff.inc            ;
; altshift.inc                     ; yes             ; Megafunction    ; c:/altera/90sp2/quartus/libraries/megafunctions/altshift.inc            ;
; alt_stratix_add_sub.inc          ; yes             ; Megafunction    ; c:/altera/90sp2/quartus/libraries/megafunctions/alt_stratix_add_sub.inc ;
; alt_mercury_add_sub.inc          ; yes             ; Megafunction    ; c:/altera/90sp2/quartus/libraries/megafunctions/alt_mercury_add_sub.inc ;
; aglobal90.inc                    ; yes             ; Megafunction    ; c:/altera/90sp2/quartus/libraries/megafunctions/aglobal90.inc           ;
; addcore.tdf                      ; yes             ; Megafunction    ; c:/altera/90sp2/quartus/libraries/megafunctions/addcore.tdf             ;
; a_csnbuffer.inc                  ; yes             ; Megafunction    ; c:/altera/90sp2/quartus/libraries/megafunctions/a_csnbuffer.inc         ;
; a_csnbuffer.tdf                  ; yes             ; Megafunction    ; c:/altera/90sp2/quartus/libraries/megafunctions/a_csnbuffer.tdf         ;
; altshift.tdf                     ; yes             ; Megafunction    ; c:/altera/90sp2/quartus/libraries/megafunctions/altshift.tdf            ;
+----------------------------------+-----------------+-----------------+-------------------------------------------------------------------------+


+------------------------------------------------+
; Analysis & Synthesis Resource Usage Summary    ;
+-----------------------------------+------------+
; Resource                          ; Usage      ;
+-----------------------------------+------------+
; Total logic elements              ; 299        ;
; Total combinational functions     ; 299        ;
;     -- Total 4-input functions    ; 126        ;
;     -- Total 3-input functions    ; 101        ;
;     -- Total 2-input functions    ; 58         ;
;     -- Total 1-input functions    ; 14         ;
;     -- Total 0-input functions    ; 0          ;
; Total registers                   ; 0          ;
; Total logic cells in carry chains ; 50         ;
; I/O pins                          ; 41         ;
; Maximum fan-out node              ; aluCode[2] ;
; Maximum fan-out                   ; 30         ;
; Total fan-out                     ; 994        ;
; Average fan-out                   ; 2.92       ;
+-----------------------------------+------------+


+--------------------------------------------------------------------------------------------------------------------------------------------------------------------------------------------------------------------------------------------------------+
; Analysis & Synthesis Resource Utilization by Entity                                                                                                                                                                                                    ;
+------------------------------------+-------------+--------------+-------------+------+--------------+-------------------+------------------+-----------------+------------+-------------------------------------------------------------+--------------+
; Compilation Hierarchy Node         ; Logic Cells ; LC Registers ; Memory Bits ; Pins ; LUT-Only LCs ; Register-Only LCs ; LUT/Register LCs ; Carry Chain LCs ; Packed LCs ; Full Hierarchy Name                                         ; Library Name ;
+------------------------------------+-------------+--------------+-------------+------+--------------+-------------------+------------------+-----------------+------------+-------------------------------------------------------------+--------------+
; |alu                               ; 299 (243)   ; 0            ; 0           ; 41   ; 299 (243)    ; 0 (0)             ; 0 (0)            ; 50 (0)          ; 0 (0)      ; |alu                                                        ; work         ;
;    |lpm_add_sub:Add0|              ; 15 (0)      ; 0            ; 0           ; 0    ; 15 (0)       ; 0 (0)             ; 0 (0)            ; 9 (0)           ; 0 (0)      ; |alu|lpm_add_sub:Add0                                       ; work         ;
;       |addcore:adder|              ; 15 (8)      ; 0            ; 0           ; 0    ; 15 (8)       ; 0 (0)             ; 0 (0)            ; 9 (2)           ; 0 (0)      ; |alu|lpm_add_sub:Add0|addcore:adder                         ; work         ;
;          |a_csnbuffer:result_node| ; 7 (7)       ; 0            ; 0           ; 0    ; 7 (7)        ; 0 (0)             ; 0 (0)            ; 7 (7)           ; 0 (0)      ; |alu|lpm_add_sub:Add0|addcore:adder|a_csnbuffer:result_node ; work         ;
;    |lpm_add_sub:Add2|              ; 9 (0)       ; 0            ; 0           ; 0    ; 9 (0)        ; 0 (0)             ; 0 (0)            ; 9 (0)           ; 0 (0)      ; |alu|lpm_add_sub:Add2                                       ; work         ;
;       |addcore:adder|              ; 9 (1)       ; 0            ; 0           ; 0    ; 9 (1)        ; 0 (0)             ; 0 (0)            ; 9 (1)           ; 0 (0)      ; |alu|lpm_add_sub:Add2|addcore:adder                         ; work         ;
;          |a_csnbuffer:result_node| ; 8 (8)       ; 0            ; 0           ; 0    ; 8 (8)        ; 0 (0)             ; 0 (0)            ; 8 (8)           ; 0 (0)      ; |alu|lpm_add_sub:Add2|addcore:adder|a_csnbuffer:result_node ; work         ;
;    |lpm_add_sub:Add3|              ; 8 (0)       ; 0            ; 0           ; 0    ; 8 (0)        ; 0 (0)             ; 0 (0)            ; 8 (0)           ; 0 (0)      ; |alu|lpm_add_sub:Add3                                       ; work         ;
;       |addcore:adder|              ; 8 (1)       ; 0            ; 0           ; 0    ; 8 (1)        ; 0 (0)             ; 0 (0)            ; 8 (1)           ; 0 (0)      ; |alu|lpm_add_sub:Add3|addcore:adder                         ; work         ;
;          |a_csnbuffer:result_node| ; 7 (7)       ; 0            ; 0           ; 0    ; 7 (7)        ; 0 (0)             ; 0 (0)            ; 7 (7)           ; 0 (0)      ; |alu|lpm_add_sub:Add3|addcore:adder|a_csnbuffer:result_node ; work         ;
;    |lpm_add_sub:Add4|              ; 8 (0)       ; 0            ; 0           ; 0    ; 8 (0)        ; 0 (0)             ; 0 (0)            ; 8 (0)           ; 0 (0)      ; |alu|lpm_add_sub:Add4                                       ; work         ;
;       |addcore:adder|              ; 8 (1)       ; 0            ; 0           ; 0    ; 8 (1)        ; 0 (0)             ; 0 (0)            ; 8 (1)           ; 0 (0)      ; |alu|lpm_add_sub:Add4|addcore:adder                         ; work         ;
;          |a_csnbuffer:result_node| ; 7 (7)       ; 0            ; 0           ; 0    ; 7 (7)        ; 0 (0)             ; 0 (0)            ; 7 (7)           ; 0 (0)      ; |alu|lpm_add_sub:Add4|addcore:adder|a_csnbuffer:result_node ; work         ;
;    |lpm_add_sub:Add5|              ; 8 (0)       ; 0            ; 0           ; 0    ; 8 (0)        ; 0 (0)             ; 0 (0)            ; 8 (0)           ; 0 (0)      ; |alu|lpm_add_sub:Add5                                       ; work         ;
;       |addcore:adder|              ; 8 (1)       ; 0            ; 0           ; 0    ; 8 (1)        ; 0 (0)             ; 0 (0)            ; 8 (1)           ; 0 (0)      ; |alu|lpm_add_sub:Add5|addcore:adder                         ; work         ;
;          |a_csnbuffer:result_node| ; 7 (7)       ; 0            ; 0           ; 0    ; 7 (7)        ; 0 (0)             ; 0 (0)            ; 7 (7)           ; 0 (0)      ; |alu|lpm_add_sub:Add5|addcore:adder|a_csnbuffer:result_node ; work         ;
;    |lpm_add_sub:Add6|              ; 8 (0)       ; 0            ; 0           ; 0    ; 8 (0)        ; 0 (0)             ; 0 (0)            ; 8 (0)           ; 0 (0)      ; |alu|lpm_add_sub:Add6                                       ; work         ;
;       |addcore:adder|              ; 8 (1)       ; 0            ; 0           ; 0    ; 8 (1)        ; 0 (0)             ; 0 (0)            ; 8 (1)           ; 0 (0)      ; |alu|lpm_add_sub:Add6|addcore:adder                         ; work         ;
;          |a_csnbuffer:result_node| ; 7 (7)       ; 0            ; 0           ; 0    ; 7 (7)        ; 0 (0)             ; 0 (0)            ; 7 (7)           ; 0 (0)      ; |alu|lpm_add_sub:Add6|addcore:adder|a_csnbuffer:result_node ; work         ;
+------------------------------------+-------------+--------------+-------------+------+--------------+-------------------+------------------+-----------------+------------+-------------------------------------------------------------+--------------+
Note: For table entries with two numbers listed, the numbers in parentheses indicate the number of resources of the given type used by the specific entity alone. The numbers listed outside of parentheses indicate the total resources of the given type used by the specific entity and all of its sub-entities in the hierarchy.


+----------------------------------------------------------------------------------------------------+
; User-Specified and Inferred Latches                                                                ;
+-----------------------------------------------------+---------------------+------------------------+
; Latch Name                                          ; Latch Enable Signal ; Free of Timing Hazards ;
+-----------------------------------------------------+---------------------+------------------------+
; d[0]$latch                                          ; d[7]~1              ; yes                    ;
; d[1]$latch                                          ; d[7]~1              ; yes                    ;
; d[2]$latch                                          ; d[7]~1              ; yes                    ;
; d[3]$latch                                          ; d[7]~1              ; yes                    ;
; d[4]$latch                                          ; d[7]~1              ; yes                    ;
; d[5]$latch                                          ; d[7]~1              ; yes                    ;
; d[6]$latch                                          ; d[7]~1              ; yes                    ;
; d[7]$latch                                          ; d[7]~1              ; yes                    ;
; overflow$latch                                      ; aluFlag             ; yes                    ;
; zero$latch                                          ; aluFlag             ; yes                    ;
; dCopy[0]                                            ; dCopy[1]~0          ; yes                    ;
; signedT[3]                                          ; aluFlag             ; yes                    ;
; signedT[4]                                          ; aluFlag             ; yes                    ;
; signedT[5]                                          ; aluFlag             ; yes                    ;
; signedT[6]                                          ; aluFlag             ; yes                    ;
; signedT[7]                                          ; aluFlag             ; yes                    ;
; signedS[0]                                          ; aluFlag             ; yes                    ;
; signedT[2]                                          ; aluFlag             ; yes                    ;
; signedT[0]                                          ; aluFlag             ; yes                    ;
; signedT[1]                                          ; aluFlag             ; yes                    ;
; signedS[1]                                          ; aluFlag             ; yes                    ;
; signedS[2]                                          ; aluFlag             ; yes                    ;
; signedS[3]                                          ; aluFlag             ; yes                    ;
; signedS[4]                                          ; aluFlag             ; yes                    ;
; signedS[5]                                          ; aluFlag             ; yes                    ;
; signedS[6]                                          ; aluFlag             ; yes                    ;
; signedS[7]                                          ; aluFlag             ; yes                    ;
; dCopy[1]                                            ; dCopy[1]~0          ; yes                    ;
; dCopy[2]                                            ; dCopy[1]~0          ; yes                    ;
; dCopy[3]                                            ; dCopy[1]~0          ; yes                    ;
; dCopy[4]                                            ; dCopy[1]~0          ; yes                    ;
; dCopy[5]                                            ; dCopy[1]~0          ; yes                    ;
; dCopy[6]                                            ; dCopy[1]~0          ; yes                    ;
; dCopy[7]                                            ; dCopy[1]~0          ; yes                    ;
; Number of user-specified and inferred latches = 34  ;                     ;                        ;
+-----------------------------------------------------+---------------------+------------------------+
Note: All latches listed above may not be present at the end of synthesis due to various synthesis optimizations.


+------------------------------------------------------+
; General Register Statistics                          ;
+----------------------------------------------+-------+
; Statistic                                    ; Value ;
+----------------------------------------------+-------+
; Total registers                              ; 0     ;
; Number of registers using Synchronous Clear  ; 0     ;
; Number of registers using Synchronous Load   ; 0     ;
; Number of registers using Asynchronous Clear ; 0     ;
; Number of registers using Asynchronous Load  ; 0     ;
; Number of registers using Clock Enable       ; 0     ;
; Number of registers using Preset             ; 0     ;
+----------------------------------------------+-------+


+-------------------------------------------------------+
; Source assignments for lpm_add_sub:Add2|addcore:adder ;
+---------------------------+-------+------+------------+
; Assignment                ; Value ; From ; To         ;
+---------------------------+-------+------+------------+
; SUPPRESS_DA_RULE_INTERNAL ; A103  ; -    ; -          ;
+---------------------------+-------+------+------------+


+-------------------------------------------------------+
; Source assignments for lpm_add_sub:Add0|addcore:adder ;
+---------------------------+-------+------+------------+
; Assignment                ; Value ; From ; To         ;
+---------------------------+-------+------+------------+
; SUPPRESS_DA_RULE_INTERNAL ; A103  ; -    ; -          ;
+---------------------------+-------+------+------------+


+-------------------------------------------------------+
; Source assignments for lpm_add_sub:Add3|addcore:adder ;
+---------------------------+-------+------+------------+
; Assignment                ; Value ; From ; To         ;
+---------------------------+-------+------+------------+
; SUPPRESS_DA_RULE_INTERNAL ; A103  ; -    ; -          ;
+---------------------------+-------+------+------------+


+-------------------------------------------------------+
; Source assignments for lpm_add_sub:Add4|addcore:adder ;
+---------------------------+-------+------+------------+
; Assignment                ; Value ; From ; To         ;
+---------------------------+-------+------+------------+
; SUPPRESS_DA_RULE_INTERNAL ; A103  ; -    ; -          ;
+---------------------------+-------+------+------------+


+-------------------------------------------------------+
; Source assignments for lpm_add_sub:Add5|addcore:adder ;
+---------------------------+-------+------+------------+
; Assignment                ; Value ; From ; To         ;
+---------------------------+-------+------+------------+
; SUPPRESS_DA_RULE_INTERNAL ; A103  ; -    ; -          ;
+---------------------------+-------+------+------------+


+-------------------------------------------------------+
; Source assignments for lpm_add_sub:Add6|addcore:adder ;
+---------------------------+-------+------+------------+
; Assignment                ; Value ; From ; To         ;
+---------------------------+-------+------+------------+
; SUPPRESS_DA_RULE_INTERNAL ; A103  ; -    ; -          ;
+---------------------------+-------+------+------------+


+-------------------------------------------------------------------+
; Parameter Settings for Inferred Entity Instance: lpm_add_sub:Add2 ;
+------------------------+-------------+----------------------------+
; Parameter Name         ; Value       ; Type                       ;
+------------------------+-------------+----------------------------+
; LPM_WIDTH              ; 9           ; Untyped                    ;
; LPM_REPRESENTATION     ; UNSIGNED    ; Untyped                    ;
; LPM_DIRECTION          ; ADD         ; Untyped                    ;
; ONE_INPUT_IS_CONSTANT  ; YES         ; Untyped                    ;
; LPM_PIPELINE           ; 0           ; Untyped                    ;
; MAXIMIZE_SPEED         ; 5           ; Untyped                    ;
; REGISTERED_AT_END      ; 0           ; Untyped                    ;
; OPTIMIZE_FOR_SPEED     ; 1           ; Untyped                    ;
; USE_CS_BUFFERS         ; 1           ; Untyped                    ;
; CARRY_CHAIN            ; MANUAL      ; Untyped                    ;
; CARRY_CHAIN_LENGTH     ; 48          ; CARRY_CHAIN_LENGTH         ;
; DEVICE_FAMILY          ; FLEX10K     ; Untyped                    ;
; USE_WYS                ; OFF         ; Untyped                    ;
; STYLE                  ; FAST        ; Untyped                    ;
; CBXI_PARAMETER         ; add_sub_mch ; Untyped                    ;
; AUTO_CARRY_CHAINS      ; ON          ; AUTO_CARRY                 ;
; IGNORE_CARRY_BUFFERS   ; OFF         ; IGNORE_CARRY               ;
; AUTO_CASCADE_CHAINS    ; ON          ; AUTO_CASCADE               ;
; IGNORE_CASCADE_BUFFERS ; OFF         ; IGNORE_CASCADE             ;
+------------------------+-------------+----------------------------+
Note: In order to hide this table in the UI and the text report file, please set the "Show Parameter Settings Tables in Synthesis Report" option in "Analysis and Synthesis Settings -> More Settings" to "Off".


+-------------------------------------------------------------------+
; Parameter Settings for Inferred Entity Instance: lpm_add_sub:Add0 ;
+------------------------+-------------+----------------------------+
; Parameter Name         ; Value       ; Type                       ;
+------------------------+-------------+----------------------------+
; LPM_WIDTH              ; 8           ; Untyped                    ;
; LPM_REPRESENTATION     ; UNSIGNED    ; Untyped                    ;
; LPM_DIRECTION          ; DEFAULT     ; Untyped                    ;
; ONE_INPUT_IS_CONSTANT  ; NO          ; Untyped                    ;
; LPM_PIPELINE           ; 0           ; Untyped                    ;
; MAXIMIZE_SPEED         ; 5           ; Untyped                    ;
; REGISTERED_AT_END      ; 0           ; Untyped                    ;
; OPTIMIZE_FOR_SPEED     ; 1           ; Untyped                    ;
; USE_CS_BUFFERS         ; 1           ; Untyped                    ;
; CARRY_CHAIN            ; MANUAL      ; Untyped                    ;
; CARRY_CHAIN_LENGTH     ; 48          ; CARRY_CHAIN_LENGTH         ;
; DEVICE_FAMILY          ; FLEX10K     ; Untyped                    ;
; USE_WYS                ; OFF         ; Untyped                    ;
; STYLE                  ; FAST        ; Untyped                    ;
; CBXI_PARAMETER         ; add_sub_fei ; Untyped                    ;
; AUTO_CARRY_CHAINS      ; ON          ; AUTO_CARRY                 ;
; IGNORE_CARRY_BUFFERS   ; OFF         ; IGNORE_CARRY               ;
; AUTO_CASCADE_CHAINS    ; ON          ; AUTO_CASCADE               ;
; IGNORE_CASCADE_BUFFERS ; OFF         ; IGNORE_CASCADE             ;
+------------------------+-------------+----------------------------+
Note: In order to hide this table in the UI and the text report file, please set the "Show Parameter Settings Tables in Synthesis Report" option in "Analysis and Synthesis Settings -> More Settings" to "Off".


+-------------------------------------------------------------------+
; Parameter Settings for Inferred Entity Instance: lpm_add_sub:Add3 ;
+------------------------+-------------+----------------------------+
; Parameter Name         ; Value       ; Type                       ;
+------------------------+-------------+----------------------------+
; LPM_WIDTH              ; 8           ; Untyped                    ;
; LPM_REPRESENTATION     ; UNSIGNED    ; Untyped                    ;
; LPM_DIRECTION          ; ADD         ; Untyped                    ;
; ONE_INPUT_IS_CONSTANT  ; NO          ; Untyped                    ;
; LPM_PIPELINE           ; 0           ; Untyped                    ;
; MAXIMIZE_SPEED         ; 5           ; Untyped                    ;
; REGISTERED_AT_END      ; 0           ; Untyped                    ;
; OPTIMIZE_FOR_SPEED     ; 1           ; Untyped                    ;
; USE_CS_BUFFERS         ; 1           ; Untyped                    ;
; CARRY_CHAIN            ; MANUAL      ; Untyped                    ;
; CARRY_CHAIN_LENGTH     ; 48          ; CARRY_CHAIN_LENGTH         ;
; DEVICE_FAMILY          ; FLEX10K     ; Untyped                    ;
; USE_WYS                ; OFF         ; Untyped                    ;
; STYLE                  ; FAST        ; Untyped                    ;
; CBXI_PARAMETER         ; add_sub_rjh ; Untyped                    ;
; AUTO_CARRY_CHAINS      ; ON          ; AUTO_CARRY                 ;
; IGNORE_CARRY_BUFFERS   ; OFF         ; IGNORE_CARRY               ;
; AUTO_CASCADE_CHAINS    ; ON          ; AUTO_CASCADE               ;
; IGNORE_CASCADE_BUFFERS ; OFF         ; IGNORE_CASCADE             ;
+------------------------+-------------+----------------------------+
Note: In order to hide this table in the UI and the text report file, please set the "Show Parameter Settings Tables in Synthesis Report" option in "Analysis and Synthesis Settings -> More Settings" to "Off".


+-------------------------------------------------------------------+
; Parameter Settings for Inferred Entity Instance: lpm_add_sub:Add4 ;
+------------------------+-------------+----------------------------+
; Parameter Name         ; Value       ; Type                       ;
+------------------------+-------------+----------------------------+
; LPM_WIDTH              ; 9           ; Untyped                    ;
; LPM_REPRESENTATION     ; UNSIGNED    ; Untyped                    ;
; LPM_DIRECTION          ; ADD         ; Untyped                    ;
; ONE_INPUT_IS_CONSTANT  ; NO          ; Untyped                    ;
; LPM_PIPELINE           ; 0           ; Untyped                    ;
; MAXIMIZE_SPEED         ; 5           ; Untyped                    ;
; REGISTERED_AT_END      ; 0           ; Untyped                    ;
; OPTIMIZE_FOR_SPEED     ; 1           ; Untyped                    ;
; USE_CS_BUFFERS         ; 1           ; Untyped                    ;
; CARRY_CHAIN            ; MANUAL      ; Untyped                    ;
; CARRY_CHAIN_LENGTH     ; 48          ; CARRY_CHAIN_LENGTH         ;
; DEVICE_FAMILY          ; FLEX10K     ; Untyped                    ;
; USE_WYS                ; OFF         ; Untyped                    ;
; STYLE                  ; FAST        ; Untyped                    ;
; CBXI_PARAMETER         ; add_sub_sjh ; Untyped                    ;
; AUTO_CARRY_CHAINS      ; ON          ; AUTO_CARRY                 ;
; IGNORE_CARRY_BUFFERS   ; OFF         ; IGNORE_CARRY               ;
; AUTO_CASCADE_CHAINS    ; ON          ; AUTO_CASCADE               ;
; IGNORE_CASCADE_BUFFERS ; OFF         ; IGNORE_CASCADE             ;
+------------------------+-------------+----------------------------+
Note: In order to hide this table in the UI and the text report file, please set the "Show Parameter Settings Tables in Synthesis Report" option in "Analysis and Synthesis Settings -> More Settings" to "Off".


+-------------------------------------------------------------------+
; Parameter Settings for Inferred Entity Instance: lpm_add_sub:Add5 ;
+------------------------+-------------+----------------------------+
; Parameter Name         ; Value       ; Type                       ;
+------------------------+-------------+----------------------------+
; LPM_WIDTH              ; 8           ; Untyped                    ;
; LPM_REPRESENTATION     ; UNSIGNED    ; Untyped                    ;
; LPM_DIRECTION          ; ADD         ; Untyped                    ;
; ONE_INPUT_IS_CONSTANT  ; NO          ; Untyped                    ;
; LPM_PIPELINE           ; 0           ; Untyped                    ;
; MAXIMIZE_SPEED         ; 5           ; Untyped                    ;
; REGISTERED_AT_END      ; 0           ; Untyped                    ;
; OPTIMIZE_FOR_SPEED     ; 1           ; Untyped                    ;
; USE_CS_BUFFERS         ; 1           ; Untyped                    ;
; CARRY_CHAIN            ; MANUAL      ; Untyped                    ;
; CARRY_CHAIN_LENGTH     ; 48          ; CARRY_CHAIN_LENGTH         ;
; DEVICE_FAMILY          ; FLEX10K     ; Untyped                    ;
; USE_WYS                ; OFF         ; Untyped                    ;
; STYLE                  ; FAST        ; Untyped                    ;
; CBXI_PARAMETER         ; add_sub_rjh ; Untyped                    ;
; AUTO_CARRY_CHAINS      ; ON          ; AUTO_CARRY                 ;
; IGNORE_CARRY_BUFFERS   ; OFF         ; IGNORE_CARRY               ;
; AUTO_CASCADE_CHAINS    ; ON          ; AUTO_CASCADE               ;
; IGNORE_CASCADE_BUFFERS ; OFF         ; IGNORE_CASCADE             ;
+------------------------+-------------+----------------------------+
Note: In order to hide this table in the UI and the text report file, please set the "Show Parameter Settings Tables in Synthesis Report" option in "Analysis and Synthesis Settings -> More Settings" to "Off".


+-------------------------------------------------------------------+
; Parameter Settings for Inferred Entity Instance: lpm_add_sub:Add6 ;
+------------------------+-------------+----------------------------+
; Parameter Name         ; Value       ; Type                       ;
+------------------------+-------------+----------------------------+
; LPM_WIDTH              ; 9           ; Untyped                    ;
; LPM_REPRESENTATION     ; UNSIGNED    ; Untyped                    ;
; LPM_DIRECTION          ; ADD         ; Untyped                    ;
; ONE_INPUT_IS_CONSTANT  ; NO          ; Untyped                    ;
; LPM_PIPELINE           ; 0           ; Untyped                    ;
; MAXIMIZE_SPEED         ; 5           ; Untyped                    ;
; REGISTERED_AT_END      ; 0           ; Untyped                    ;
; OPTIMIZE_FOR_SPEED     ; 1           ; Untyped                    ;
; USE_CS_BUFFERS         ; 1           ; Untyped                    ;
; CARRY_CHAIN            ; MANUAL      ; Untyped                    ;
; CARRY_CHAIN_LENGTH     ; 48          ; CARRY_CHAIN_LENGTH         ;
; DEVICE_FAMILY          ; FLEX10K     ; Untyped                    ;
; USE_WYS                ; OFF         ; Untyped                    ;
; STYLE                  ; FAST        ; Untyped                    ;
; CBXI_PARAMETER         ; add_sub_sjh ; Untyped                    ;
; AUTO_CARRY_CHAINS      ; ON          ; AUTO_CARRY                 ;
; IGNORE_CARRY_BUFFERS   ; OFF         ; IGNORE_CARRY               ;
; AUTO_CASCADE_CHAINS    ; ON          ; AUTO_CASCADE               ;
; IGNORE_CASCADE_BUFFERS ; OFF         ; IGNORE_CASCADE             ;
+------------------------+-------------+----------------------------+
Note: In order to hide this table in the UI and the text report file, please set the "Show Parameter Settings Tables in Synthesis Report" option in "Analysis and Synthesis Settings -> More Settings" to "Off".


+-------------------------------+
; Analysis & Synthesis Messages ;
+-------------------------------+
Info: *******************************************************************
Info: Running Quartus II Analysis & Synthesis
    Info: Version 9.0 Build 235 06/17/2009 Service Pack 2 SJ Web Edition
    Info: Processing started: Wed Dec 18 10:57:18 2013
Info: Command: quartus_map --read_settings_files=on --write_settings_files=off ALU -c ALU
Info: Found 2 design units, including 1 entities, in source file ALU.vhd
    Info: Found design unit 1: alu-functions
    Info: Found entity 1: alu
Info: Elaborating entity "ALU" for the top level hierarchy
Warning (10492): VHDL Process Statement warning at ALU.vhd(28): signal "aluFlag" is read inside the Process Statement but isn't in the Process Statement's sensitivity list
Warning (10492): VHDL Process Statement warning at ALU.vhd(32): signal "s" is read inside the Process Statement but isn't in the Process Statement's sensitivity list
Warning (10492): VHDL Process Statement warning at ALU.vhd(33): signal "t" is read inside the Process Statement but isn't in the Process Statement's sensitivity list
Warning (10492): VHDL Process Statement warning at ALU.vhd(35): signal "opCode" is read inside the Process Statement but isn't in the Process Statement's sensitivity list
Warning (10492): VHDL Process Statement warning at ALU.vhd(37): signal "aluCode" is read inside the Process Statement but isn't in the Process Statement's sensitivity list
Warning (10492): VHDL Process Statement warning at ALU.vhd(39): signal "s" is read inside the Process Statement but isn't in the Process Statement's sensitivity list
Warning (10492): VHDL Process Statement warning at ALU.vhd(39): signal "t" is read inside the Process Statement but isn't in the Process Statement's sensitivity list
Warning (10492): VHDL Process Statement warning at ALU.vhd(41): signal "s" is read inside the Process Statement but isn't in the Process Statement's sensitivity list
Warning (10492): VHDL Process Statement warning at ALU.vhd(41): signal "t" is read inside the Process Statement but isn't in the Process Statement's sensitivity list
Warning (10492): VHDL Process Statement warning at ALU.vhd(43): signal "signedS" is read inside the Process Statement but isn't in the Process Statement's sensitivity list
Warning (10492): VHDL Process Statement warning at ALU.vhd(43): signal "signedT" is read inside the Process Statement but isn't in the Process Statement's sensitivity list
Warning (10492): VHDL Process Statement warning at ALU.vhd(44): signal "dCopy" is read inside the Process Statement but isn't in the Process Statement's sensitivity list
Warning (10492): VHDL Process Statement warning at ALU.vhd(46): signal "dCopy" is read inside the Process Statement but isn't in the Process Statement's sensitivity list
Warning (10492): VHDL Process Statement warning at ALU.vhd(46): signal "s" is read inside the Process Statement but isn't in the Process Statement's sensitivity list
Warning (10492): VHDL Process Statement warning at ALU.vhd(46): signal "t" is read inside the Process Statement but isn't in the Process Statement's sensitivity list
Warning (10492): VHDL Process Statement warning at ALU.vhd(48): signal "dCopy" is read inside the Process Statement but isn't in the Process Statement's sensitivity list
Warning (10492): VHDL Process Statement warning at ALU.vhd(48): signal "s" is read inside the Process Statement but isn't in the Process Statement's sensitivity list
Warning (10492): VHDL Process Statement warning at ALU.vhd(48): signal "t" is read inside the Process Statement but isn't in the Process Statement's sensitivity list
Warning (10492): VHDL Process Statement warning at ALU.vhd(52): signal "dCopy" is read inside the Process Statement but isn't in the Process Statement's sensitivity list
Warning (10492): VHDL Process Statement warning at ALU.vhd(56): signal "signedS" is read inside the Process Statement but isn't in the Process Statement's sensitivity list
Warning (10492): VHDL Process Statement warning at ALU.vhd(56): signal "signedT" is read inside the Process Statement but isn't in the Process Statement's sensitivity list
Warning (10492): VHDL Process Statement warning at ALU.vhd(57): signal "dCopy" is read inside the Process Statement but isn't in the Process Statement's sensitivity list
Warning (10492): VHDL Process Statement warning at ALU.vhd(59): signal "dCopy" is read inside the Process Statement but isn't in the Process Statement's sensitivity list
Warning (10492): VHDL Process Statement warning at ALU.vhd(59): signal "s" is read inside the Process Statement but isn't in the Process Statement's sensitivity list
Warning (10492): VHDL Process Statement warning at ALU.vhd(59): signal "t" is read inside the Process Statement but isn't in the Process Statement's sensitivity list
Warning (10492): VHDL Process Statement warning at ALU.vhd(61): signal "dCopy" is read inside the Process Statement but isn't in the Process Statement's sensitivity list
Warning (10492): VHDL Process Statement warning at ALU.vhd(61): signal "s" is read inside the Process Statement but isn't in the Process Statement's sensitivity list
Warning (10492): VHDL Process Statement warning at ALU.vhd(61): signal "t" is read inside the Process Statement but isn't in the Process Statement's sensitivity list
Warning (10492): VHDL Process Statement warning at ALU.vhd(65): signal "dCopy" is read inside the Process Statement but isn't in the Process Statement's sensitivity list
Warning (10492): VHDL Process Statement warning at ALU.vhd(69): signal "s" is read inside the Process Statement but isn't in the Process Statement's sensitivity list
Warning (10492): VHDL Process Statement warning at ALU.vhd(69): signal "t" is read inside the Process Statement but isn't in the Process Statement's sensitivity list
Warning (10492): VHDL Process Statement warning at ALU.vhd(71): signal "s" is read inside the Process Statement but isn't in the Process Statement's sensitivity list
Warning (10492): VHDL Process Statement warning at ALU.vhd(71): signal "t" is read inside the Process Statement but isn't in the Process Statement's sensitivity list
Warning (10492): VHDL Process Statement warning at ALU.vhd(72): signal "s" is read inside the Process Statement but isn't in the Process Statement's sensitivity list
Warning (10492): VHDL Process Statement warning at ALU.vhd(75): signal "signedS" is read inside the Process Statement but isn't in the Process Statement's sensitivity list
Warning (10492): VHDL Process Statement warning at ALU.vhd(75): signal "signedT" is read inside the Process Statement but isn't in the Process Statement's sensitivity list
Warning (10492): VHDL Process Statement warning at ALU.vhd(77): signal "signedS" is read inside the Process Statement but isn't in the Process Statement's sensitivity list
Warning (10492): VHDL Process Statement warning at ALU.vhd(77): signal "signedT" is read inside the Process Statement but isn't in the Process Statement's sensitivity list
Warning (10492): VHDL Process Statement warning at ALU.vhd(83): signal "s" is read inside the Process Statement but isn't in the Process Statement's sensitivity list
Warning (10492): VHDL Process Statement warning at ALU.vhd(83): signal "immediate" is read inside the Process Statement but isn't in the Process Statement's sensitivity list
Warning (10492): VHDL Process Statement warning at ALU.vhd(84): signal "dCopy" is read inside the Process Statement but isn't in the Process Statement's sensitivity list
Warning (10492): VHDL Process Statement warning at ALU.vhd(86): signal "dCopy" is read inside the Process Statement but isn't in the Process Statement's sensitivity list
Warning (10492): VHDL Process Statement warning at ALU.vhd(86): signal "s" is read inside the Process Statement but isn't in the Process Statement's sensitivity list
Warning (10492): VHDL Process Statement warning at ALU.vhd(86): signal "immediate" is read inside the Process Statement but isn't in the Process Statement's sensitivity list
Warning (10492): VHDL Process Statement warning at ALU.vhd(88): signal "dCopy" is read inside the Process Statement but isn't in the Process Statement's sensitivity list
Warning (10492): VHDL Process Statement warning at ALU.vhd(88): signal "s" is read inside the Process Statement but isn't in the Process Statement's sensitivity list
Warning (10492): VHDL Process Statement warning at ALU.vhd(88): signal "immediate" is read inside the Process Statement but isn't in the Process Statement's sensitivity list
Warning (10492): VHDL Process Statement warning at ALU.vhd(92): signal "dCopy" is read inside the Process Statement but isn't in the Process Statement's sensitivity list
Warning (10492): VHDL Process Statement warning at ALU.vhd(96): signal "s" is read inside the Process Statement but isn't in the Process Statement's sensitivity list
Warning (10492): VHDL Process Statement warning at ALU.vhd(96): signal "immediate" is read inside the Process Statement but isn't in the Process Statement's sensitivity list
Warning (10492): VHDL Process Statement warning at ALU.vhd(97): signal "dCopy" is read inside the Process Statement but isn't in the Process Statement's sensitivity list
Warning (10492): VHDL Process Statement warning at ALU.vhd(99): signal "dCopy" is read inside the Process Statement but isn't in the Process Statement's sensitivity list
Warning (10492): VHDL Process Statement warning at ALU.vhd(99): signal "s" is read inside the Process Statement but isn't in the Process Statement's sensitivity list
Warning (10492): VHDL Process Statement warning at ALU.vhd(99): signal "immediate" is read inside the Process Statement but isn't in the Process Statement's sensitivity list
Warning (10492): VHDL Process Statement warning at ALU.vhd(101): signal "dCopy" is read inside the Process Statement but isn't in the Process Statement's sensitivity list
Warning (10492): VHDL Process Statement warning at ALU.vhd(101): signal "s" is read inside the Process Statement but isn't in the Process Statement's sensitivity list
Warning (10492): VHDL Process Statement warning at ALU.vhd(101): signal "immediate" is read inside the Process Statement but isn't in the Process Statement's sensitivity list
Warning (10492): VHDL Process Statement warning at ALU.vhd(105): signal "dCopy" is read inside the Process Statement but isn't in the Process Statement's sensitivity list
Warning (10492): VHDL Process Statement warning at ALU.vhd(109): signal "signedS" is read inside the Process Statement but isn't in the Process Statement's sensitivity list
Warning (10492): VHDL Process Statement warning at ALU.vhd(109): signal "immediate" is read inside the Process Statement but isn't in the Process Statement's sensitivity list
Warning (10492): VHDL Process Statement warning at ALU.vhd(110): signal "dCopy" is read inside the Process Statement but isn't in the Process Statement's sensitivity list
Warning (10492): VHDL Process Statement warning at ALU.vhd(112): signal "dCopy" is read inside the Process Statement but isn't in the Process Statement's sensitivity list
Warning (10492): VHDL Process Statement warning at ALU.vhd(112): signal "s" is read inside the Process Statement but isn't in the Process Statement's sensitivity list
Warning (10492): VHDL Process Statement warning at ALU.vhd(112): signal "immediate" is read inside the Process Statement but isn't in the Process Statement's sensitivity list
Warning (10492): VHDL Process Statement warning at ALU.vhd(114): signal "dCopy" is read inside the Process Statement but isn't in the Process Statement's sensitivity list
Warning (10492): VHDL Process Statement warning at ALU.vhd(114): signal "s" is read inside the Process Statement but isn't in the Process Statement's sensitivity list
Warning (10492): VHDL Process Statement warning at ALU.vhd(114): signal "immediate" is read inside the Process Statement but isn't in the Process Statement's sensitivity list
Warning (10492): VHDL Process Statement warning at ALU.vhd(118): signal "dCopy" is read inside the Process Statement but isn't in the Process Statement's sensitivity list
Warning (10492): VHDL Process Statement warning at ALU.vhd(122): signal "signedS" is read inside the Process Statement but isn't in the Process Statement's sensitivity list
Warning (10492): VHDL Process Statement warning at ALU.vhd(122): signal "immediate" is read inside the Process Statement but isn't in the Process Statement's sensitivity list
Warning (10492): VHDL Process Statement warning at ALU.vhd(123): signal "dCopy" is read inside the Process Statement but isn't in the Process Statement's sensitivity list
Warning (10492): VHDL Process Statement warning at ALU.vhd(125): signal "dCopy" is read inside the Process Statement but isn't in the Process Statement's sensitivity list
Warning (10492): VHDL Process Statement warning at ALU.vhd(125): signal "s" is read inside the Process Statement but isn't in the Process Statement's sensitivity list
Warning (10492): VHDL Process Statement warning at ALU.vhd(125): signal "immediate" is read inside the Process Statement but isn't in the Process Statement's sensitivity list
Warning (10492): VHDL Process Statement warning at ALU.vhd(127): signal "dCopy" is read inside the Process Statement but isn't in the Process Statement's sensitivity list
Warning (10492): VHDL Process Statement warning at ALU.vhd(127): signal "s" is read inside the Process Statement but isn't in the Process Statement's sensitivity list
Warning (10492): VHDL Process Statement warning at ALU.vhd(127): signal "immediate" is read inside the Process Statement but isn't in the Process Statement's sensitivity list
Warning (10492): VHDL Process Statement warning at ALU.vhd(131): signal "dCopy" is read inside the Process Statement but isn't in the Process Statement's sensitivity list
Warning (10631): VHDL Process Statement warning at ALU.vhd(25): inferring latch(es) for signal or variable "overflow", which holds its previous value in one or more paths through the process
Warning (10631): VHDL Process Statement warning at ALU.vhd(25): inferring latch(es) for signal or variable "zero", which holds its previous value in one or more paths through the process
Warning (10631): VHDL Process Statement warning at ALU.vhd(25): inferring latch(es) for signal or variable "signedS", which holds its previous value in one or more paths through the process
Warning (10631): VHDL Process Statement warning at ALU.vhd(25): inferring latch(es) for signal or variable "signedT", which holds its previous value in one or more paths through the process
Warning (10631): VHDL Process Statement warning at ALU.vhd(25): inferring latch(es) for signal or variable "d", which holds its previous value in one or more paths through the process
Warning (10631): VHDL Process Statement warning at ALU.vhd(25): inferring latch(es) for signal or variable "dCopy", which holds its previous value in one or more paths through the process
Info (10041): Inferred latch for "dCopy[0]" at ALU.vhd(25)
Info (10041): Inferred latch for "dCopy[1]" at ALU.vhd(25)
Info (10041): Inferred latch for "dCopy[2]" at ALU.vhd(25)
Info (10041): Inferred latch for "dCopy[3]" at ALU.vhd(25)
Info (10041): Inferred latch for "dCopy[4]" at ALU.vhd(25)
Info (10041): Inferred latch for "dCopy[5]" at ALU.vhd(25)
Info (10041): Inferred latch for "dCopy[6]" at ALU.vhd(25)
Info (10041): Inferred latch for "dCopy[7]" at ALU.vhd(25)
Info (10041): Inferred latch for "d[0]" at ALU.vhd(25)
Info (10041): Inferred latch for "d[1]" at ALU.vhd(25)
Info (10041): Inferred latch for "d[2]" at ALU.vhd(25)
Info (10041): Inferred latch for "d[3]" at ALU.vhd(25)
Info (10041): Inferred latch for "d[4]" at ALU.vhd(25)
Info (10041): Inferred latch for "d[5]" at ALU.vhd(25)
Info (10041): Inferred latch for "d[6]" at ALU.vhd(25)
Info (10041): Inferred latch for "d[7]" at ALU.vhd(25)
Info (10041): Inferred latch for "signedT[0]" at ALU.vhd(25)
Info (10041): Inferred latch for "signedT[1]" at ALU.vhd(25)
Info (10041): Inferred latch for "signedT[2]" at ALU.vhd(25)
Info (10041): Inferred latch for "signedT[3]" at ALU.vhd(25)
Info (10041): Inferred latch for "signedT[4]" at ALU.vhd(25)
Info (10041): Inferred latch for "signedT[5]" at ALU.vhd(25)
Info (10041): Inferred latch for "signedT[6]" at ALU.vhd(25)
Info (10041): Inferred latch for "signedT[7]" at ALU.vhd(25)
Info (10041): Inferred latch for "signedS[0]" at ALU.vhd(25)
Info (10041): Inferred latch for "signedS[1]" at ALU.vhd(25)
Info (10041): Inferred latch for "signedS[2]" at ALU.vhd(25)
Info (10041): Inferred latch for "signedS[3]" at ALU.vhd(25)
Info (10041): Inferred latch for "signedS[4]" at ALU.vhd(25)
Info (10041): Inferred latch for "signedS[5]" at ALU.vhd(25)
Info (10041): Inferred latch for "signedS[6]" at ALU.vhd(25)
Info (10041): Inferred latch for "signedS[7]" at ALU.vhd(25)
Info (10041): Inferred latch for "zero" at ALU.vhd(25)
Info (10041): Inferred latch for "overflow" at ALU.vhd(25)
Info: Inferred 6 megafunctions from design logic
    Info: Inferred adder/subtractor megafunction ("lpm_add_sub") from the following logic: "Add2"
    Info: Inferred adder/subtractor megafunction ("lpm_add_sub") from the following logic: "Add0"
    Info: Inferred adder/subtractor megafunction ("lpm_add_sub") from the following logic: "Add3"
    Info: Inferred adder/subtractor megafunction ("lpm_add_sub") from the following logic: "Add4"
    Info: Inferred adder/subtractor megafunction ("lpm_add_sub") from the following logic: "Add5"
    Info: Inferred adder/subtractor megafunction ("lpm_add_sub") from the following logic: "Add6"
Info: Elaborated megafunction instantiation "lpm_add_sub:Add2"
Info: Instantiated megafunction "lpm_add_sub:Add2" with the following parameter:
    Info: Parameter "LPM_WIDTH" = "9"
    Info: Parameter "LPM_DIRECTION" = "ADD"
    Info: Parameter "LPM_REPRESENTATION" = "UNSIGNED"
    Info: Parameter "ONE_INPUT_IS_CONSTANT" = "YES"
Info: Elaborated megafunction instantiation "lpm_add_sub:Add2|addcore:adder", which is child of megafunction instantiation "lpm_add_sub:Add2"
Info: Elaborated megafunction instantiation "lpm_add_sub:Add2|addcore:adder|a_csnbuffer:oflow_node", which is child of megafunction instantiation "lpm_add_sub:Add2"
Info: Elaborated megafunction instantiation "lpm_add_sub:Add2|addcore:adder|a_csnbuffer:result_node", which is child of megafunction instantiation "lpm_add_sub:Add2"
Info: Elaborated megafunction instantiation "lpm_add_sub:Add2|altshift:result_ext_latency_ffs", which is child of megafunction instantiation "lpm_add_sub:Add2"
Info: Elaborated megafunction instantiation "lpm_add_sub:Add2|altshift:carry_ext_latency_ffs", which is child of megafunction instantiation "lpm_add_sub:Add2"
Info: Elaborated megafunction instantiation "lpm_add_sub:Add0"
Info: Instantiated megafunction "lpm_add_sub:Add0" with the following parameter:
    Info: Parameter "LPM_WIDTH" = "8"
    Info: Parameter "LPM_DIRECTION" = "DEFAULT"
    Info: Parameter "LPM_REPRESENTATION" = "UNSIGNED"
    Info: Parameter "ONE_INPUT_IS_CONSTANT" = "NO"
Info: Elaborated megafunction instantiation "lpm_add_sub:Add0|addcore:adder", which is child of megafunction instantiation "lpm_add_sub:Add0"
Info: Elaborated megafunction instantiation "lpm_add_sub:Add0|addcore:adder|a_csnbuffer:oflow_node", which is child of megafunction instantiation "lpm_add_sub:Add0"
Info: Elaborated megafunction instantiation "lpm_add_sub:Add0|addcore:adder|a_csnbuffer:result_node", which is child of megafunction instantiation "lpm_add_sub:Add0"
Info: Elaborated megafunction instantiation "lpm_add_sub:Add0|altshift:result_ext_latency_ffs", which is child of megafunction instantiation "lpm_add_sub:Add0"
Info: Elaborated megafunction instantiation "lpm_add_sub:Add3"
Info: Instantiated megafunction "lpm_add_sub:Add3" with the following parameter:
    Info: Parameter "LPM_WIDTH" = "8"
    Info: Parameter "LPM_DIRECTION" = "ADD"
    Info: Parameter "LPM_REPRESENTATION" = "UNSIGNED"
    Info: Parameter "ONE_INPUT_IS_CONSTANT" = "NO"
Info: Elaborated megafunction instantiation "lpm_add_sub:Add3|addcore:adder", which is child of megafunction instantiation "lpm_add_sub:Add3"
Info: Elaborated megafunction instantiation "lpm_add_sub:Add4"
Info: Instantiated megafunction "lpm_add_sub:Add4" with the following parameter:
    Info: Parameter "LPM_WIDTH" = "9"
    Info: Parameter "LPM_DIRECTION" = "ADD"
    Info: Parameter "LPM_REPRESENTATION" = "UNSIGNED"
    Info: Parameter "ONE_INPUT_IS_CONSTANT" = "NO"
Info: Elaborated megafunction instantiation "lpm_add_sub:Add4|addcore:adder", which is child of megafunction instantiation "lpm_add_sub:Add4"
Info: Elaborated megafunction instantiation "lpm_add_sub:Add5"
Info: Instantiated megafunction "lpm_add_sub:Add5" with the following parameter:
    Info: Parameter "LPM_WIDTH" = "8"
    Info: Parameter "LPM_DIRECTION" = "ADD"
    Info: Parameter "LPM_REPRESENTATION" = "UNSIGNED"
    Info: Parameter "ONE_INPUT_IS_CONSTANT" = "NO"
Info: Elaborated megafunction instantiation "lpm_add_sub:Add6"
Info: Instantiated megafunction "lpm_add_sub:Add6" with the following parameter:
    Info: Parameter "LPM_WIDTH" = "9"
    Info: Parameter "LPM_DIRECTION" = "ADD"
    Info: Parameter "LPM_REPRESENTATION" = "UNSIGNED"
    Info: Parameter "ONE_INPUT_IS_CONSTANT" = "NO"
Warning: Latch d[0]$latch has unsafe behavior
    Warning: Ports D and ENA on the latch are fed by the same signal aluCode[1]
Warning: Latch d[1]$latch has unsafe behavior
    Warning: Ports D and ENA on the latch are fed by the same signal aluCode[1]
Warning: Latch d[2]$latch has unsafe behavior
    Warning: Ports D and ENA on the latch are fed by the same signal aluCode[1]
Warning: Latch d[3]$latch has unsafe behavior
    Warning: Ports D and ENA on the latch are fed by the same signal aluCode[1]
Warning: Latch d[4]$latch has unsafe behavior
    Warning: Ports D and ENA on the latch are fed by the same signal aluCode[1]
Warning: Latch d[5]$latch has unsafe behavior
    Warning: Ports D and ENA on the latch are fed by the same signal aluCode[1]
Warning: Latch d[6]$latch has unsafe behavior
    Warning: Ports D and ENA on the latch are fed by the same signal aluCode[1]
Warning: Latch d[7]$latch has unsafe behavior
    Warning: Ports D and ENA on the latch are fed by the same signal aluCode[1]
Warning: Latch dCopy[0] has unsafe behavior
    Warning: Ports D and ENA on the latch are fed by the same signal opCode[2]
Warning: Latch dCopy[1] has unsafe behavior
    Warning: Ports D and ENA on the latch are fed by the same signal opCode[2]
Warning: Latch dCopy[2] has unsafe behavior
    Warning: Ports D and ENA on the latch are fed by the same signal opCode[2]
Warning: Latch dCopy[3] has unsafe behavior
    Warning: Ports D and ENA on the latch are fed by the same signal opCode[2]
Warning: Latch dCopy[4] has unsafe behavior
    Warning: Ports D and ENA on the latch are fed by the same signal opCode[2]
Warning: Latch dCopy[5] has unsafe behavior
    Warning: Ports D and ENA on the latch are fed by the same signal opCode[2]
Warning: Latch dCopy[6] has unsafe behavior
    Warning: Ports D and ENA on the latch are fed by the same signal opCode[2]
Warning: Latch dCopy[7] has unsafe behavior
    Warning: Ports D and ENA on the latch are fed by the same signal opCode[2]
Info: Converted 1 single input CARRY primitives to CARRY_SUM primitives
Warning: Design contains 1 input pin(s) that do not drive logic
    Warning (15610): No output dependent on input pin "clk"
Info: Implemented 340 device resources after synthesis - the final resource count might be different
    Info: Implemented 31 input pins
    Info: Implemented 10 output pins
    Info: Implemented 299 logic cells
Info: Quartus II Analysis & Synthesis was successful. 0 errors, 118 warnings
    Info: Peak virtual memory: 244 megabytes
    Info: Processing ended: Wed Dec 18 10:57:23 2013
    Info: Elapsed time: 00:00:05
    Info: Total CPU time (on all processors): 00:00:04


